#
# A fatal error has been detected by the Java Runtime Environment:
#
#  EXCEPTION_ACCESS_VIOLATION (0xc0000005) at pc=0x00007ffc988be560, pid=5860, tid=14360
#
# JRE version: OpenJDK Runtime Environment Temurin-17.0.10+7 (17.0.10+7) (build 17.0.10+7)
# Java VM: OpenJDK 64-Bit Server VM Temurin-17.0.10+7 (17.0.10+7, mixed mode, tiered, compressed oops, compressed class ptrs, parallel gc, windows-amd64)
# Problematic frame:
# V  [jvm.dll+0x6ae560]
#
# No core dump will be written. Minidumps are not enabled by default on client versions of Windows
#
# If you would like to submit a bug report, please visit:
#   https://github.com/adoptium/adoptium-support/issues
#

---------------  S U M M A R Y ------------

Command Line: --add-modules=ALL-SYSTEM --add-opens=java.base/java.util=ALL-UNNAMED --add-opens=java.base/java.lang=ALL-UNNAMED --add-opens=java.base/sun.nio.fs=ALL-UNNAMED -Declipse.application=org.eclipse.jdt.ls.core.id1 -Dosgi.bundles.defaultStartLevel=4 -Declipse.product=org.eclipse.jdt.ls.core.product -Djava.import.generatesMetadataFilesAtProjectRoot=false -DDetectVMInstallationsJob.disabled=true -Dfile.encoding=utf8 -XX:+UseParallelGC -XX:GCTimeRatio=4 -XX:AdaptiveSizePolicyWeight=90 -Dsun.zip.disableMemoryMapping=true -Xmx1G -Xms100m -Xlog:disable -javaagent:c:\Users\Usuario\.vscode\extensions\redhat.java-1.30.0-win32-x64\lombok\lombok-1.18.32.jar -XX:+HeapDumpOnOutOfMemoryError -XX:HeapDumpPath=c:\Users\Usuario\AppData\Roaming\Code\User\workspaceStorage\46f946c4a3748aca403f4bc5d78195db\redhat.java -Daether.dependencyCollector.impl=bf c:\Users\Usuario\.vscode\extensions\redhat.java-1.30.0-win32-x64\server\plugins\org.eclipse.equinox.launcher_1.6.800.v20240330-1250.jar -configuration c:\Users\Usuario\AppData\Roaming\Code\User\globalStorage\redhat.java\1.30.0\config_win -data c:\Users\Usuario\AppData\Roaming\Code\User\workspaceStorage\46f946c4a3748aca403f4bc5d78195db\redhat.java\jdt_ws --pipe=\\.\pipe\lsp-b688e98001d67d995337433ffa85d2fa-sock

Host: Intel(R) Core(TM) i5-9400 CPU @ 2.90GHz, 6 cores, 11G,  Windows 10 , 64 bit Build 19041 (10.0.19041.3393)
Time: Thu May 23 02:12:16 2024 Hora est. Pacífico, Sudamérica elapsed time: 11.187658 seconds (0d 0h 0m 11s)

---------------  T H R E A D  ---------------

Current thread (0x000001a0695245c0):  GCTaskThread "GC Thread#4" [stack: 0x0000005c11b00000,0x0000005c11c00000] [id=14360]

Stack: [0x0000005c11b00000,0x0000005c11c00000],  sp=0x0000005c11bff800,  free space=1022k
Native frames: (J=compiled Java code, j=interpreted, Vv=VM code, C=native code)
V  [jvm.dll+0x6ae560]
V  [jvm.dll+0x6aedee]
V  [jvm.dll+0x6b06a4]
V  [jvm.dll+0x6b8de1]
V  [jvm.dll+0x6b9cfa]
V  [jvm.dll+0x86226b]
V  [jvm.dll+0x8622b6]
V  [jvm.dll+0x7e3fba]
V  [jvm.dll+0x67c1b5]
C  [ucrtbase.dll+0x21bb2]
C  [KERNEL32.DLL+0x17344]
C  [ntdll.dll+0x526b1]


siginfo: EXCEPTION_ACCESS_VIOLATION (0xc0000005), reading address 0xffffffffffffffff


Registers:
RAX=0x1ffffffff468c822, RBX=0x0000000063464710, RCX=0x0000000000000022, RDX=0x00000000c34646f8
RSP=0x0000005c11bff800, RBP=0x0000005c11bff8c0, RSI=0x00000000c346470c, RDI=0x000001a063389760
R8 =0x000001a061220000, R9 =0x007fffffffd1a323, R10=0x0000000000000051, R11=0x0000000000000003
R12=0x0000005c109feed8, R13=0x0000000000000010, R14=0x000000010004dbd0, R15=0x00000000c34646e8
RIP=0x00007ffc988be560, EFLAGS=0x0000000000010203


Register to memory mapping:

RIP=0x00007ffc988be560 jvm.dll
RAX=0x1ffffffff468c822 is an unknown value
RBX=0x0000000063464710 is an unknown value
RCX=0x0000000000000022 is an unknown value
RDX=0x00000000c34646f8 is pointing into object: java.lang.invoke.MethodType 
{0x00000000c34646e8} - klass: 'java/lang/invoke/MethodType'
 - ---- fields (total size 5 words):
 - private final synchronized 'rtype' 'Ljava/lang/Class;' @12  a 'java/lang/Class'{0x00000000c0660c68} = 'java/lang/String' (c0660c68)
 - private final synchronized 'ptypes' '[Ljava/lang/Class;' @16  
[error occurred during error reporting (printing register info), id 0xc0000005, EXCEPTION_ACCESS_VIOLATION (0xc0000005) at pc=0x00007ffc985a403e]

Top of Stack: (sp=0x0000005c11bff800)
0x0000005c11bff800:   00000000c34646d8 00000000c4e64964
0x0000005c11bff810:   00000000c29115d8 00007ffc988bf81f
0x0000005c11bff820:   000000010004dbc8 00007ffc988bedee
0x0000005c11bff830:   00000000c34646f8 00007ffc988c035e
0x0000005c11bff840:   00000000c2911658 00000000c2911650
0x0000005c11bff850:   0000000000000000 00007ffc98d3c7a0
0x0000005c11bff860:   00000000000028c8 00007ffc988c06a4
0x0000005c11bff870:   00007ffc98bc1158 000001a063389760
0x0000005c11bff880:   00007ffc98b2bb90 00000000000028c7
0x0000005c11bff890:   0000000000000000 00007ffc00000000
0x0000005c11bff8a0:   000001a063389760 00007ffc988be581
0x0000005c11bff8b0:   00000000c0964178 00000000c2a06644
0x0000005c11bff8c0:   00007ffc98bc1158 000001a04f58a130
0x0000005c11bff8d0:   0000000000000003 000001a063389760
0x0000005c11bff8e0:   0000000000000000 0000000000000000
0x0000005c11bff8f0:   0000000000000004 00000000c471bd08
0x0000005c11bff900:   00007ffc98d3c7a0 000000000000000c
0x0000005c11bff910:   000001a063389760 00007ffc988c8de1
0x0000005c11bff920:   00007ffc98bc1158 000001a063389760
0x0000005c11bff930:   000000000000000c 00007ffc98bc1158
0x0000005c11bff940:   00000000c4715cf8 0000005c00001000
0x0000005c11bff950:   00007ffc98bc1158 000001a04f58a130
0x0000005c11bff960:   0000000000000003 000001a063389760
0x0000005c11bff970:   0000000000000004 0000005c109feed0
0x0000005c11bff980:   0000005c109fee98 0000005c109fed90
0x0000005c11bff990:   0000005c109fed90 00007ffc988c9cfa
0x0000005c11bff9a0:   0000000000000005 0000005c11bffa20
0x0000005c11bff9b0:   00000000c260d838 000001a0695245c0
0x0000005c11bff9c0:   0000005c109ff130 000001a068f37920
0x0000005c11bff9d0:   0000000400000002 000001a063389760
0x0000005c11bff9e0:   00007ffc98bc1948 000001a063389760
0x0000005c11bff9f0:   00007ffc98bc1b50 0000000000000004 

Instructions: (pc=0x00007ffc988be560)
0x00007ffc988be460:   e3 47 00 49 3b c2 74 03 48 ff e0 c3 cc cc cc cc
0x00007ffc988be470:   80 3d 0a 4f 4d 00 00 4c 8d 15 42 ba 95 ff 49 8b
0x00007ffc988be480:   c2 4c 8d 0d 38 ba 95 ff 49 0f 45 c1 48 89 05 2d
0x00007ffc988be490:   e3 47 00 49 3b c2 74 03 48 ff e0 c3 cc cc cc cc
0x00007ffc988be4a0:   48 89 5c 24 08 57 48 83 ec 20 48 8b 1a 48 8b f9
0x00007ffc988be4b0:   48 85 db 74 4b 4c 8b 05 44 f1 4e 00 48 8b c3 8b
0x00007ffc988be4c0:   0d 73 9d 46 00 49 2b 00 4d 8b 40 10 48 c1 e8 03
0x00007ffc988be4d0:   48 d3 e8 4c 8b c8 24 3f 49 c1 e9 06 0f b6 c8 4b
0x00007ffc988be4e0:   8b 04 c8 48 0f a3 c8 72 17 48 8b cb e8 bf 27 00
0x00007ffc988be4f0:   00 84 c0 74 0b 48 8b d3 48 8b cf e8 a0 28 00 00
0x00007ffc988be500:   48 8b 5c 24 30 48 83 c4 20 5f c3 cc cc cc cc cc
0x00007ffc988be510:   40 57 48 83 ec 20 8b 02 48 8b f9 85 c0 74 67 8b
0x00007ffc988be520:   0d c3 8d 46 00 4c 8b 05 d4 f0 4e 00 48 89 5c 24
0x00007ffc988be530:   30 8b d8 48 d3 e3 48 03 1d a3 8d 46 00 8b 0d f5
0x00007ffc988be540:   9c 46 00 48 8b c3 49 2b 00 4d 8b 40 10 48 c1 e8
0x00007ffc988be550:   03 48 d3 e8 4c 8b c8 24 3f 49 c1 e9 06 0f b6 c8
0x00007ffc988be560:   4b 8b 04 c8 48 0f a3 c8 72 17 48 8b cb e8 3e 27
0x00007ffc988be570:   00 00 84 c0 74 0b 48 8b d3 48 8b cf e8 1f 28 00
0x00007ffc988be580:   00 48 8b 5c 24 30 48 83 c4 20 5f c3 cc cc cc cc
0x00007ffc988be590:   48 89 5c 24 20 56 57 41 55 41 56 41 57 48 83 ec
0x00007ffc988be5a0:   20 4c 63 91 a0 00 00 00 4d 8b f0 4c 63 89 24 01
0x00007ffc988be5b0:   00 00 49 83 c2 39 8b 81 20 01 00 00 4d 03 d1 48
0x00007ffc988be5c0:   89 6c 24 58 49 03 c2 4c 89 64 24 60 4c 8b fa 4c
0x00007ffc988be5d0:   8b e9 4a 8d 2c d5 00 00 00 00 4c 8d 24 c5 00 00
0x00007ffc988be5e0:   00 00 48 03 e9 4c 03 e1 49 3b ec 73 4b 0f 1f 00
0x00007ffc988be5f0:   48 63 5d 00 8b 45 04 49 03 df 48 8d 34 c3 48 3b
0x00007ffc988be600:   de 73 2c 48 8b 3b 48 85 ff 74 1b 4d 8b 46 10 48
0x00007ffc988be610:   8d 0d fa f1 4e 00 48 8b d7 e8 c2 4f 00 00 48 3b
0x00007ffc988be620:   c7 74 03 48 89 03 48 83 c3 08 48 3b de 72 d4 48
0x00007ffc988be630:   83 c5 08 49 3b ec 72 b8 49 8b 06 49 8b ce ff 50
0x00007ffc988be640:   10 4c 8b 64 24 60 48 8b 6c 24 58 85 c0 0f 84 dc
0x00007ffc988be650:   00 00 00 83 e8 01 0f 84 9b 00 00 00 83 e8 01 74 


Stack slot to memory mapping:
stack at sp + 0 slots: 0x00000000c34646d8 is an oop: org.eclipse.jdt.ls.core.internal.handlers.BuildWorkspaceHandler$$Lambda$635/0x00000001007a7c38 
{0x00000000c34646d8} - klass: 'org/eclipse/jdt/ls/core/internal/handlers/BuildWorkspaceHandler$$Lambda$635+0x00000001007a7c38'
 - ---- fields (total size 2 words):
stack at sp + 1 slots: 0x00000000c4e64964 is pointing into object: java.lang.Class 
{0x00000000c4e648f8} - klass: 'java/lang/Class'
 - ---- fields (total size 15 words):
 - private volatile transient 'classRedefinedCount' 'I' @12  0
 - private volatile transient 'cachedConstructor' 'Ljava/lang/reflect/Constructor;' @40  NULL (0)
 - private transient 'name' 'Ljava/lang/String;' @44  NULL (0)
 - private transient 'module' 'Ljava/lang/Module;' @48  a 'java/lang/Module'{0x00000000c0660d48} (c0660d48)
 - private final 'classLoader' 'Ljava/lang/ClassLoader;' @52  NULL (0)
 - private transient 'classData' 'Ljava/lang/Object;' @56  a 'java/util/ImmutableCollections$List12'{0x00000000c4ea2070} (c4ea2070)
 - private transient 'packageName' 'Ljava/lang/String;' @60  NULL (0)
 - private final 'componentType' 'Ljava/lang/Class;' @64  NULL (0)
 - private volatile transient 'reflectionData' 'Ljava/lang/ref/SoftReference;' @68  NULL (0)
 - private volatile transient 'genericInfo' 'Lsun/reflect/generics/repository/ClassRepository;' @72  NULL (0)
 - private volatile transient 'enumConstants' '[Ljava/lang/Object;' @76  NULL (0)
 - private volatile transient 'enumConstantDirectory' 'Ljava/util/Map;' @80  NULL (0)
 - private volatile transient 'annotationData' 'Ljava/lang/Class$AnnotationData;' @84  NULL (0)
 - private volatile transient 'annotationType' 'Lsun/reflect/annotation/AnnotationType;' @88  NULL (0)
 - transient 'classValueMap' 'Ljava/lang/ClassValue$ClassValueMap;' @92  NULL (0)
 - signature: Ljava/lang/invoke/LambdaForm$DMH+0x00000001007f0800;
 - fake entry for mirror: 'java/lang/invoke/LambdaForm$DMH+0x00000001007f0800'
 - fake entry for array: NULL
 - fake entry for oop_size: 15
 - fake entry for static_oop_field_count: 1
 - static final '_D_0' 'Ljava/lang/invoke/LambdaForm;' @112  a 'java/lang/invoke/LambdaForm'{0x00000000c4e8cfb8} => a 'java/lang/invoke/MemberName'{0x00000000c4e8d2c0} = {method} {0x000001a07a1882d8} 'invokeSpecial' '(Ljava/lang/Object;Ljava/lang/Object;Ljava/lang/Object;III)V' in 'java/lang/invoke/LambdaForm$DMH+0x00000001007f0800' (c4e8cfb8)
stack at sp + 2 slots: 0x00000000c29115d8 is an oop: java.lang.ref.SoftReference 
{0x00000000c29115d8} - klass: 'java/lang/ref/SoftReference'
 - ---- fields (total size 5 words):
 - private 'referent' 'Ljava/lang/Object;' @12  a 'java/lang/Class$ReflectionData'{0x00000000c2911600} (c2911600)
 - volatile 'queue' 'Ljava/lang/ref/ReferenceQueue;' @16  a 'java/lang/ref/ReferenceQueue$Null'{0x00000000c00008f0} (c00008f0)
 - volatile 'next' 'Ljava/lang/ref/Reference;' @20  NULL (0)
 - private transient 'discovered' 'Ljava/lang/ref/Reference;' @24  NULL (0)
 - private 'timestamp' 'J' @32  118277 (1ce05 0)
stack at sp + 3 slots: 0x00007ffc988bf81f jvm.dll
stack at sp + 4 slots: 0x000000010004dbc8 is pointing into metadata
stack at sp + 5 slots: 0x00007ffc988bedee jvm.dll
stack at sp + 6 slots: 0x00000000c34646f8 is pointing into object: java.lang.invoke.MethodType 
{0x00000000c34646e8} - klass: 'java/lang/invoke/MethodType'
 - ---- fields (total size 5 words):
 - private final synchronized 'rtype' 'Ljava/lang/Class;' @12  a 'java/lang/Class'{0x00000000c0660c68} = 'java/lang/String' (c0660c68)
 - private final synchronized 'ptypes' '[Ljava/lang/Class;' @16  
[error occurred during error reporting (inspecting top of stack), id 0xc0000005, EXCEPTION_ACCESS_VIOLATION (0xc0000005) at pc=0x00007ffc985a403e]


---------------  P R O C E S S  ---------------

Threads class SMR info:
_java_thread_list=0x000001a075288e50, length=43, elements={
0x000001a04f57e970, 0x000001a04f63bd10, 0x000001a04f63ce10, 0x000001a063411aa0,
0x000001a068be00a0, 0x000001a068be0b30, 0x000001a068be16f0, 0x000001a068bed8a0,
0x000001a068c358b0, 0x000001a068c5fd90, 0x000001a04f5e0490, 0x000001a068fce2e0,
0x000001a06950a1e0, 0x000001a0697b0c40, 0x000001a06977e030, 0x000001a069a4deb0,
0x000001a069e6f8c0, 0x000001a06a2f0870, 0x000001a069cdcd60, 0x000001a069cddc90,
0x000001a069cdd270, 0x000001a069cdbe30, 0x000001a069cdb920, 0x000001a069cdc850,
0x000001a069cda9f0, 0x000001a069cde1a0, 0x000001a069cdb410, 0x000001a06c0672d0,
0x000001a06c069130, 0x000001a06c068200, 0x000001a06c068710, 0x000001a06c06b9b0,
0x000001a06c06b4a0, 0x000001a06c067cf0, 0x000001a06c0663a0, 0x000001a06c06c8e0,
0x000001a06c0677e0, 0x000001a06c06dd20, 0x000001a074f8a300, 0x000001a074f8b740,
0x000001a074f8bc50, 0x000001a06c06d810, 0x000001a06c069b50
}

Java Threads: ( => current thread )
  0x000001a04f57e970 JavaThread "main" [_thread_blocked, id=16356, stack(0x0000005c10700000,0x0000005c10800000)]
  0x000001a04f63bd10 JavaThread "Reference Handler" daemon [_thread_blocked, id=11996, stack(0x0000005c10a00000,0x0000005c10b00000)]
  0x000001a04f63ce10 JavaThread "Finalizer" daemon [_thread_blocked, id=14580, stack(0x0000005c10b00000,0x0000005c10c00000)]
  0x000001a063411aa0 JavaThread "Signal Dispatcher" daemon [_thread_blocked, id=14584, stack(0x0000005c10d00000,0x0000005c10e00000)]
  0x000001a068be00a0 JavaThread "Attach Listener" daemon [_thread_blocked, id=14920, stack(0x0000005c10e00000,0x0000005c10f00000)]
  0x000001a068be0b30 JavaThread "Service Thread" daemon [_thread_blocked, id=14912, stack(0x0000005c10f00000,0x0000005c11000000)]
  0x000001a068be16f0 JavaThread "Monitor Deflation Thread" daemon [_thread_blocked, id=16248, stack(0x0000005c11000000,0x0000005c11100000)]
  0x000001a068bed8a0 JavaThread "C2 CompilerThread0" daemon [_thread_blocked, id=14804, stack(0x0000005c11100000,0x0000005c11200000)]
  0x000001a068c358b0 JavaThread "C1 CompilerThread0" daemon [_thread_blocked, id=14824, stack(0x0000005c11200000,0x0000005c11300000)]
  0x000001a068c5fd90 JavaThread "Sweeper thread" daemon [_thread_blocked, id=14644, stack(0x0000005c11300000,0x0000005c11400000)]
  0x000001a04f5e0490 JavaThread "Common-Cleaner" daemon [_thread_blocked, id=14556, stack(0x0000005c11400000,0x0000005c11500000)]
  0x000001a068fce2e0 JavaThread "Notification Thread" daemon [_thread_blocked, id=16276, stack(0x0000005c11600000,0x0000005c11700000)]
  0x000001a06950a1e0 JavaThread "C2 CompilerThread1" daemon [_thread_in_native, id=15064, stack(0x0000005c11500000,0x0000005c11600000)]
  0x000001a0697b0c40 JavaThread "Active Thread: Equinox Container: 2efd4d1b-ef51-408a-a548-8e4e4d0af01e" [_thread_blocked, id=15152, stack(0x0000005c11d00000,0x0000005c11e00000)]
  0x000001a06977e030 JavaThread "Framework Event Dispatcher: Equinox Container: 2efd4d1b-ef51-408a-a548-8e4e4d0af01e" daemon [_thread_blocked, id=7336, stack(0x0000005c11e00000,0x0000005c11f00000)]
  0x000001a069a4deb0 JavaThread "Start Level: Equinox Container: 2efd4d1b-ef51-408a-a548-8e4e4d0af01e" daemon [_thread_blocked, id=7344, stack(0x0000005c11f00000,0x0000005c12000000)]
  0x000001a069e6f8c0 JavaThread "Bundle File Closer" daemon [_thread_blocked, id=15348, stack(0x0000005c12000000,0x0000005c12100000)]
  0x000001a06a2f0870 JavaThread "SCR Component Actor" daemon [_thread_blocked, id=16380, stack(0x0000005c12100000,0x0000005c12200000)]
  0x000001a069cdcd60 JavaThread "Worker-JM" [_thread_blocked, id=15104, stack(0x0000005c12300000,0x0000005c12400000)]
  0x000001a069cddc90 JavaThread "Worker-0: Initialize workspace" [_thread_blocked, id=15860, stack(0x0000005c12400000,0x0000005c12500000)]
  0x000001a069cdd270 JavaThread "Worker-1: Java indexing... " [_thread_blocked, id=16124, stack(0x0000005c12500000,0x0000005c12600000)]
  0x000001a069cdbe30 JavaThread "Worker-2: Refreshing workspace" [_thread_blocked, id=3760, stack(0x0000005c12600000,0x0000005c12700000)]
  0x000001a069cdb920 JavaThread "Java indexing" daemon [_thread_blocked, id=16068, stack(0x0000005c12700000,0x0000005c12800000)]
  0x000001a069cdc850 JavaThread "Worker-3" [_thread_blocked, id=15756, stack(0x0000005c12800000,0x0000005c12900000)]
  0x000001a069cda9f0 JavaThread "JNA Cleaner" daemon [_thread_blocked, id=14500, stack(0x0000005c12900000,0x0000005c12a00000)]
  0x000001a069cde1a0 JavaThread "Thread-2" daemon [_thread_in_native, id=12652, stack(0x0000005c12c00000,0x0000005c12d00000)]
  0x000001a069cdb410 JavaThread "Thread-3" daemon [_thread_in_native, id=1208, stack(0x0000005c12d00000,0x0000005c12e00000)]
  0x000001a06c0672d0 JavaThread "Thread-4" daemon [_thread_in_native, id=13856, stack(0x0000005c12e00000,0x0000005c12f00000)]
  0x000001a06c069130 JavaThread "Thread-5" daemon [_thread_in_native, id=15160, stack(0x0000005c12f00000,0x0000005c13000000)]
  0x000001a06c068200 JavaThread "Thread-6" daemon [_thread_in_native, id=14760, stack(0x0000005c13000000,0x0000005c13100000)]
  0x000001a06c068710 JavaThread "Thread-7" daemon [_thread_in_native, id=15700, stack(0x0000005c13100000,0x0000005c13200000)]
  0x000001a06c06b9b0 JavaThread "Thread-8" daemon [_thread_in_native, id=15868, stack(0x0000005c13200000,0x0000005c13300000)]
  0x000001a06c06b4a0 JavaThread "pool-2-thread-1" [_thread_blocked, id=4836, stack(0x0000005c13300000,0x0000005c13400000)]
  0x000001a06c067cf0 JavaThread "WorkspaceEventsHandler" [_thread_blocked, id=15900, stack(0x0000005c13400000,0x0000005c13500000)]
  0x000001a06c0663a0 JavaThread "pool-1-thread-1" [_thread_blocked, id=15904, stack(0x0000005c13500000,0x0000005c13600000)]
  0x000001a06c06c8e0 JavaThread "Worker-4" [_thread_blocked, id=16128, stack(0x0000005c13d00000,0x0000005c13e00000)]
  0x000001a06c0677e0 JavaThread "ForkJoinPool.commonPool-worker-1" daemon [_thread_blocked, id=15096, stack(0x0000005c13600000,0x0000005c13700000)]
  0x000001a06c06dd20 JavaThread "ForkJoinPool.commonPool-worker-2" daemon [_thread_blocked, id=2424, stack(0x0000005c13700000,0x0000005c13800000)]
  0x000001a074f8a300 JavaThread "ForkJoinPool.commonPool-worker-3" daemon [_thread_blocked, id=4148, stack(0x0000005c13c00000,0x0000005c13d00000)]
  0x000001a074f8b740 JavaThread "ForkJoinPool.commonPool-worker-4" daemon [_thread_blocked, id=16200, stack(0x0000005c13e00000,0x0000005c13f00000)]
  0x000001a074f8bc50 JavaThread "ForkJoinPool.commonPool-worker-5" daemon [_thread_blocked, id=13832, stack(0x0000005c13f00000,0x0000005c14000000)]
  0x000001a06c06d810 JavaThread "SCR Component Registry" daemon [_thread_blocked, id=8576, stack(0x0000005c12200000,0x0000005c12300000)]
  0x000001a06c069b50 JavaThread "Worker-5" [_thread_blocked, id=14792, stack(0x0000005c13800000,0x0000005c13900000)]

Other Threads:
  0x000001a04f635180 VMThread "VM Thread" [stack: 0x0000005c10900000,0x0000005c10a00000] [id=14592]
  0x000001a068f32d70 WatcherThread [stack: 0x0000005c11700000,0x0000005c11800000] [id=15356]
  0x000001a04f5935f0 GCTaskThread "GC Thread#0" [stack: 0x0000005c10800000,0x0000005c10900000] [id=15276]
  0x000001a0692b6860 GCTaskThread "GC Thread#1" [stack: 0x0000005c11800000,0x0000005c11900000] [id=11692]
  0x000001a069524040 GCTaskThread "GC Thread#2" [stack: 0x0000005c11900000,0x0000005c11a00000] [id=15984]
  0x000001a069524300 GCTaskThread "GC Thread#3" [stack: 0x0000005c11a00000,0x0000005c11b00000] [id=8348]
=>0x000001a0695245c0 GCTaskThread "GC Thread#4" [stack: 0x0000005c11b00000,0x0000005c11c00000] [id=14360]
  0x000001a069524880 GCTaskThread "GC Thread#5" [stack: 0x0000005c11c00000,0x0000005c11d00000] [id=8344]

Threads with active compile tasks:
C2 CompilerThread0    11222 11460 %     4       org.eclipse.jdt.internal.compiler.lookup.BinaryTypeBinding::createMethod @ 222 (1724 bytes)
C1 CompilerThread0    11222 11838       3       org.eclipse.jdt.internal.compiler.parser.Scanner::disambiguatedToken (197 bytes)
C2 CompilerThread1    11222 11225       4       org.eclipse.jdt.internal.compiler.parser.Parser::consumeToken (2337 bytes)

VM state: at safepoint (normal execution)

VM Mutex/Monitor currently owned by a thread:  ([mutex/lock_event])
[0x000001a04f57b540] Threads_lock - owner thread: 0x000001a04f635180
[0x000001a04f57acd0] Heap_lock - owner thread: 0x000001a069cddc90

Heap address: 0x00000000c0000000, size: 1024 MB, Compressed Oops mode: 32-bit

CDS archive(s) not mapped
Compressed class space mapped at: 0x0000000100000000-0x0000000140000000, reserved size: 1073741824
Narrow klass base: 0x0000000000000000, Narrow klass shift: 3, Narrow klass range: 0x140000000

GC Precious Log:
 CPUs: 6 total, 6 available
 Memory: 12158M
 Large Page Support: Disabled
 NUMA Support: Disabled
 Compressed Oops: Enabled (32-bit)
 Alignments: Space 512K, Generation 512K, Heap 2M
 Heap Min Capacity: 100M
 Heap Initial Capacity: 100M
 Heap Max Capacity: 1G
 Pre-touch: Disabled
 Parallel Workers: 6

Heap:
 PSYoungGen      total 9728K, used 656K [0x00000000eab00000, 0x00000000eb580000, 0x0000000100000000)
  eden space 8704K, 0% used [0x00000000eab00000,0x00000000eab00000,0x00000000eb380000)
  from space 1024K, 64% used [0x00000000eb380000,0x00000000eb4240d8,0x00000000eb480000)
  to   space 1024K, 0% used [0x00000000eb480000,0x00000000eb480000,0x00000000eb580000)
 ParOldGen       total 86528K, used 84850K [0x00000000c0000000, 0x00000000c5480000, 0x00000000eab00000)
  object space 86528K, 98% used [0x00000000c0000000,0x00000000c52dc9e8,0x00000000c5480000)
 Metaspace       used 73514K, committed 74688K, reserved 1179648K
  class space    used 7628K, committed 8128K, reserved 1048576K

Card table byte_map: [0x000001a04ef20000,0x000001a04f130000] _byte_map_base: 0x000001a04e920000

Marking Bits: (ParMarkBitMap*) 0x00007ffc98dad7d0
 Begin Bits: [0x000001a061220000, 0x000001a062220000)
 End Bits:   [0x000001a062220000, 0x000001a063220000)

Polling page: 0x000001a04d460000

Metaspace:

Usage:
  Non-class:     64.34 MB used.
      Class:      7.45 MB used.
       Both:     71.79 MB used.

Virtual space:
  Non-class space:      128.00 MB reserved,      65.00 MB ( 51%) committed,  2 nodes.
      Class space:        1.00 GB reserved,       7.94 MB ( <1%) committed,  1 nodes.
             Both:        1.12 GB reserved,      72.94 MB (  6%) committed. 

Chunk freelists:
   Non-Class:  14.33 MB
       Class:  8.00 MB
        Both:  22.33 MB

MaxMetaspaceSize: unlimited
CompressedClassSpaceSize: 1.00 GB
Initial GC threshold: 21.00 MB
Current GC threshold: 118.25 MB
CDS: off
MetaspaceReclaimPolicy: balanced
 - commit_granule_bytes: 65536.
 - commit_granule_words: 8192.
 - virtual_space_node_default_size: 8388608.
 - enlarge_chunks_in_place: 1.
 - new_chunks_are_fully_committed: 0.
 - uncommit_free_chunks: 1.
 - use_allocation_guard: 0.
 - handle_deallocations: 1.


Internal statistics:

num_allocs_failed_limit: 9.
num_arena_births: 920.
num_arena_deaths: 16.
num_vsnodes_births: 3.
num_vsnodes_deaths: 0.
num_space_committed: 1167.
num_space_uncommitted: 0.
num_chunks_returned_to_freelist: 26.
num_chunks_taken_from_freelist: 4127.
num_chunk_merges: 14.
num_chunk_splits: 2460.
num_chunks_enlarged: 1283.
num_inconsistent_stats: 0.

CodeHeap 'non-profiled nmethods': size=120000Kb used=5104Kb max_used=5104Kb free=114895Kb
 bounds [0x000001a059cf0000, 0x000001a05a1f0000, 0x000001a061220000]
CodeHeap 'profiled nmethods': size=120000Kb used=21169Kb max_used=21169Kb free=98830Kb
 bounds [0x000001a052220000, 0x000001a0536d0000, 0x000001a059750000]
CodeHeap 'non-nmethods': size=5760Kb used=1381Kb max_used=1471Kb free=4378Kb
 bounds [0x000001a059750000, 0x000001a0599c0000, 0x000001a059cf0000]
 total_blobs=10920 nmethods=10190 adapters=640
 compilation: enabled
              stopped_count=0, restarted_count=0
 full_count=0

Compilation events (20 events):
Event: 11.122 Thread 0x000001a068c358b0 nmethod 11830 0x000001a053689b90 code [0x000001a053689d60, 0x000001a05368a1d8]
Event: 11.122 Thread 0x000001a068c358b0 11831  s    2       org.eclipse.jdt.internal.core.BufferManager::getDefaultBufferManager (20 bytes)
Event: 11.123 Thread 0x000001a068c358b0 nmethod 11831 0x000001a05368a490 code [0x000001a05368a660, 0x000001a05368aa98]
Event: 11.123 Thread 0x000001a068c358b0 11832       1       org.eclipse.jdt.core.dom.ASTVisitor::visit (2 bytes)
Event: 11.123 Thread 0x000001a068c358b0 nmethod 11832 0x000001a05a1df110 code [0x000001a05a1df2a0, 0x000001a05a1df378]
Event: 11.123 Thread 0x000001a068c358b0 11833       2       org.eclipse.jdt.internal.core.JarPackageFragment::createElementInfo (8 bytes)
Event: 11.123 Thread 0x000001a068c358b0 nmethod 11833 0x000001a05368ac90 code [0x000001a05368ae20, 0x000001a05368afb8]
Event: 11.123 Thread 0x000001a068c358b0 11834       2       org.eclipse.jdt.internal.core.JarPackageFragmentInfo::<init> (5 bytes)
Event: 11.123 Thread 0x000001a068c358b0 nmethod 11834 0x000001a05368b090 code [0x000001a05368b220, 0x000001a05368b358]
Event: 11.123 Thread 0x000001a068c358b0 11835   !   2       org.eclipse.jdt.core.Signature::getParameterTypes (117 bytes)
Event: 11.124 Thread 0x000001a068c358b0 nmethod 11835 0x000001a05368b410 code [0x000001a05368b660, 0x000001a05368bdf8]
Event: 11.132 Thread 0x000001a06950a1e0 nmethod 11223 0x000001a05a1df410 code [0x000001a05a1e2560, 0x000001a05a1e7168]
Event: 11.133 Thread 0x000001a06950a1e0 11836       4       java.util.zip.ZipFile$Source::isMetaName (141 bytes)
Event: 11.133 Thread 0x000001a068c358b0 11839       3       org.eclipse.jdt.internal.compiler.parser.Parser::consumeRule (7943 bytes)
Event: 11.134 Thread 0x000001a06950a1e0 nmethod 11836 0x000001a05a1ebe10 code [0x000001a05a1ebfa0, 0x000001a05a1ec1f8]
Event: 11.134 Thread 0x000001a06950a1e0 11225       4       org.eclipse.jdt.internal.compiler.parser.Parser::consumeToken (2337 bytes)
Event: 11.158 Thread 0x000001a068c358b0 nmethod 11839 0x000001a05368c410 code [0x000001a0536910a0, 0x000001a0536c4fc8]
Event: 11.158 Thread 0x000001a068c358b0 11837       3       org.eclipse.jdt.internal.compiler.classfmt.MethodInfo::decodeAnnotations (69 bytes)
Event: 11.158 Thread 0x000001a068c358b0 nmethod 11837 0x000001a0536cbe10 code [0x000001a0536cbfe0, 0x000001a0536cc488]
Event: 11.158 Thread 0x000001a068c358b0 11838       3       org.eclipse.jdt.internal.compiler.parser.Scanner::disambiguatedToken (197 bytes)

GC Heap History (20 events):
Event: 10.895 GC heap after
{Heap after GC invocations=153 (full 6):
 PSYoungGen      total 10240K, used 1284K [0x00000000eab00000, 0x00000000eb680000, 0x0000000100000000)
  eden space 8704K, 0% used [0x00000000eab00000,0x00000000eab00000,0x00000000eb380000)
  from space 1536K, 83% used [0x00000000eb500000,0x00000000eb641220,0x00000000eb680000)
  to   space 1536K, 0% used [0x00000000eb380000,0x00000000eb380000,0x00000000eb500000)
 ParOldGen       total 86528K, used 73832K [0x00000000c0000000, 0x00000000c5480000, 0x00000000eab00000)
  object space 86528K, 85% used [0x00000000c0000000,0x00000000c481a080,0x00000000c5480000)
 Metaspace       used 72445K, committed 73728K, reserved 1179648K
  class space    used 7542K, committed 8064K, reserved 1048576K
}
Event: 10.915 GC heap before
{Heap before GC invocations=154 (full 6):
 PSYoungGen      total 10240K, used 9986K [0x00000000eab00000, 0x00000000eb680000, 0x0000000100000000)
  eden space 8704K, 99% used [0x00000000eab00000,0x00000000eb37f998,0x00000000eb380000)
  from space 1536K, 83% used [0x00000000eb500000,0x00000000eb641220,0x00000000eb680000)
  to   space 1536K, 0% used [0x00000000eb380000,0x00000000eb380000,0x00000000eb500000)
 ParOldGen       total 86528K, used 73832K [0x00000000c0000000, 0x00000000c5480000, 0x00000000eab00000)
  object space 86528K, 85% used [0x00000000c0000000,0x00000000c481a080,0x00000000c5480000)
 Metaspace       used 72474K, committed 73728K, reserved 1179648K
  class space    used 7544K, committed 8064K, reserved 1048576K
}
Event: 10.917 GC heap after
{Heap after GC invocations=154 (full 6):
 PSYoungGen      total 10240K, used 868K [0x00000000eab00000, 0x00000000eb680000, 0x0000000100000000)
  eden space 8704K, 0% used [0x00000000eab00000,0x00000000eab00000,0x00000000eb380000)
  from space 1536K, 56% used [0x00000000eb380000,0x00000000eb459210,0x00000000eb500000)
  to   space 1536K, 0% used [0x00000000eb500000,0x00000000eb500000,0x00000000eb680000)
 ParOldGen       total 86528K, used 74923K [0x00000000c0000000, 0x00000000c5480000, 0x00000000eab00000)
  object space 86528K, 86% used [0x00000000c0000000,0x00000000c492aca8,0x00000000c5480000)
 Metaspace       used 72474K, committed 73728K, reserved 1179648K
  class space    used 7544K, committed 8064K, reserved 1048576K
}
Event: 10.935 GC heap before
{Heap before GC invocations=155 (full 6):
 PSYoungGen      total 10240K, used 9572K [0x00000000eab00000, 0x00000000eb680000, 0x0000000100000000)
  eden space 8704K, 100% used [0x00000000eab00000,0x00000000eb380000,0x00000000eb380000)
  from space 1536K, 56% used [0x00000000eb380000,0x00000000eb459210,0x00000000eb500000)
  to   space 1536K, 0% used [0x00000000eb500000,0x00000000eb500000,0x00000000eb680000)
 ParOldGen       total 86528K, used 74923K [0x00000000c0000000, 0x00000000c5480000, 0x00000000eab00000)
  object space 86528K, 86% used [0x00000000c0000000,0x00000000c492aca8,0x00000000c5480000)
 Metaspace       used 72515K, committed 73792K, reserved 1179648K
  class space    used 7544K, committed 8064K, reserved 1048576K
}
Event: 10.937 GC heap after
{Heap after GC invocations=155 (full 6):
 PSYoungGen      total 9728K, used 992K [0x00000000eab00000, 0x00000000eb600000, 0x0000000100000000)
  eden space 8704K, 0% used [0x00000000eab00000,0x00000000eab00000,0x00000000eb380000)
  from space 1024K, 96% used [0x00000000eb500000,0x00000000eb5f8000,0x00000000eb600000)
  to   space 1024K, 0% used [0x00000000eb400000,0x00000000eb400000,0x00000000eb500000)
 ParOldGen       total 86528K, used 75605K [0x00000000c0000000, 0x00000000c5480000, 0x00000000eab00000)
  object space 86528K, 87% used [0x00000000c0000000,0x00000000c49d57b8,0x00000000c5480000)
 Metaspace       used 72515K, committed 73792K, reserved 1179648K
  class space    used 7544K, committed 8064K, reserved 1048576K
}
Event: 10.961 GC heap before
{Heap before GC invocations=156 (full 6):
 PSYoungGen      total 9728K, used 9696K [0x00000000eab00000, 0x00000000eb600000, 0x0000000100000000)
  eden space 8704K, 100% used [0x00000000eab00000,0x00000000eb380000,0x00000000eb380000)
  from space 1024K, 96% used [0x00000000eb500000,0x00000000eb5f8000,0x00000000eb600000)
  to   space 1024K, 0% used [0x00000000eb400000,0x00000000eb400000,0x00000000eb500000)
 ParOldGen       total 86528K, used 75605K [0x00000000c0000000, 0x00000000c5480000, 0x00000000eab00000)
  object space 86528K, 87% used [0x00000000c0000000,0x00000000c49d57b8,0x00000000c5480000)
 Metaspace       used 72583K, committed 73792K, reserved 1179648K
  class space    used 7546K, committed 8064K, reserved 1048576K
}
Event: 10.963 GC heap after
{Heap after GC invocations=156 (full 6):
 PSYoungGen      total 9728K, used 1016K [0x00000000eab00000, 0x00000000eb880000, 0x0000000100000000)
  eden space 8704K, 0% used [0x00000000eab00000,0x00000000eab00000,0x00000000eb380000)
  from space 1024K, 99% used [0x00000000eb400000,0x00000000eb4fe018,0x00000000eb500000)
  to   space 2560K, 0% used [0x00000000eb600000,0x00000000eb600000,0x00000000eb880000)
 ParOldGen       total 86528K, used 76693K [0x00000000c0000000, 0x00000000c5480000, 0x00000000eab00000)
  object space 86528K, 88% used [0x00000000c0000000,0x00000000c4ae57b8,0x00000000c5480000)
 Metaspace       used 72583K, committed 73792K, reserved 1179648K
  class space    used 7546K, committed 8064K, reserved 1048576K
}
Event: 10.980 GC heap before
{Heap before GC invocations=157 (full 6):
 PSYoungGen      total 9728K, used 9720K [0x00000000eab00000, 0x00000000eb880000, 0x0000000100000000)
  eden space 8704K, 100% used [0x00000000eab00000,0x00000000eb380000,0x00000000eb380000)
  from space 1024K, 99% used [0x00000000eb400000,0x00000000eb4fe018,0x00000000eb500000)
  to   space 2560K, 0% used [0x00000000eb600000,0x00000000eb600000,0x00000000eb880000)
 ParOldGen       total 86528K, used 76693K [0x00000000c0000000, 0x00000000c5480000, 0x00000000eab00000)
  object space 86528K, 88% used [0x00000000c0000000,0x00000000c4ae57b8,0x00000000c5480000)
 Metaspace       used 72671K, committed 73920K, reserved 1179648K
  class space    used 7549K, committed 8064K, reserved 1048576K
}
Event: 10.981 GC heap after
{Heap after GC invocations=157 (full 6):
 PSYoungGen      total 9728K, used 757K [0x00000000eab00000, 0x00000000eb700000, 0x0000000100000000)
  eden space 8704K, 0% used [0x00000000eab00000,0x00000000eab00000,0x00000000eb380000)
  from space 1024K, 73% used [0x00000000eb600000,0x00000000eb6bd4a8,0x00000000eb700000)
  to   space 1536K, 0% used [0x00000000eb400000,0x00000000eb400000,0x00000000eb580000)
 ParOldGen       total 86528K, used 77622K [0x00000000c0000000, 0x00000000c5480000, 0x00000000eab00000)
  object space 86528K, 89% used [0x00000000c0000000,0x00000000c4bcda68,0x00000000c5480000)
 Metaspace       used 72671K, committed 73920K, reserved 1179648K
  class space    used 7549K, committed 8064K, reserved 1048576K
}
Event: 11.009 GC heap before
{Heap before GC invocations=158 (full 6):
 PSYoungGen      total 9728K, used 9316K [0x00000000eab00000, 0x00000000eb700000, 0x0000000100000000)
  eden space 8704K, 98% used [0x00000000eab00000,0x00000000eb35bc78,0x00000000eb380000)
  from space 1024K, 73% used [0x00000000eb600000,0x00000000eb6bd4a8,0x00000000eb700000)
  to   space 1536K, 0% used [0x00000000eb400000,0x00000000eb400000,0x00000000eb580000)
 ParOldGen       total 86528K, used 77622K [0x00000000c0000000, 0x00000000c5480000, 0x00000000eab00000)
  object space 86528K, 89% used [0x00000000c0000000,0x00000000c4bcda68,0x00000000c5480000)
 Metaspace       used 72796K, committed 74048K, reserved 1179648K
  class space    used 7563K, committed 8064K, reserved 1048576K
}
Event: 11.011 GC heap after
{Heap after GC invocations=158 (full 6):
 PSYoungGen      total 10240K, used 896K [0x00000000eab00000, 0x00000000eb680000, 0x0000000100000000)
  eden space 8704K, 0% used [0x00000000eab00000,0x00000000eab00000,0x00000000eb380000)
  from space 1536K, 58% used [0x00000000eb400000,0x00000000eb4e0000,0x00000000eb580000)
  to   space 1024K, 0% used [0x00000000eb580000,0x00000000eb580000,0x00000000eb680000)
 ParOldGen       total 86528K, used 78236K [0x00000000c0000000, 0x00000000c5480000, 0x00000000eab00000)
  object space 86528K, 90% used [0x00000000c0000000,0x00000000c4c67370,0x00000000c5480000)
 Metaspace       used 72796K, committed 74048K, reserved 1179648K
  class space    used 7563K, committed 8064K, reserved 1048576K
}
Event: 11.037 GC heap before
{Heap before GC invocations=159 (full 6):
 PSYoungGen      total 10240K, used 9600K [0x00000000eab00000, 0x00000000eb680000, 0x0000000100000000)
  eden space 8704K, 100% used [0x00000000eab00000,0x00000000eb380000,0x00000000eb380000)
  from space 1536K, 58% used [0x00000000eb400000,0x00000000eb4e0000,0x00000000eb580000)
  to   space 1024K, 0% used [0x00000000eb580000,0x00000000eb580000,0x00000000eb680000)
 ParOldGen       total 86528K, used 78236K [0x00000000c0000000, 0x00000000c5480000, 0x00000000eab00000)
  object space 86528K, 90% used [0x00000000c0000000,0x00000000c4c67370,0x00000000c5480000)
 Metaspace       used 72882K, committed 74112K, reserved 1179648K
  class space    used 7569K, committed 8064K, reserved 1048576K
}
Event: 11.041 GC heap after
{Heap after GC invocations=159 (full 6):
 PSYoungGen      total 9728K, used 1015K [0x00000000eab00000, 0x00000000eb780000, 0x0000000100000000)
  eden space 8704K, 0% used [0x00000000eab00000,0x00000000eab00000,0x00000000eb380000)
  from space 1024K, 99% used [0x00000000eb580000,0x00000000eb67dd88,0x00000000eb680000)
  to   space 2048K, 0% used [0x00000000eb380000,0x00000000eb380000,0x00000000eb580000)
 ParOldGen       total 86528K, used 79064K [0x00000000c0000000, 0x00000000c5480000, 0x00000000eab00000)
  object space 86528K, 91% used [0x00000000c0000000,0x00000000c4d363e0,0x00000000c5480000)
 Metaspace       used 72882K, committed 74112K, reserved 1179648K
  class space    used 7569K, committed 8064K, reserved 1048576K
}
Event: 11.095 GC heap before
{Heap before GC invocations=160 (full 6):
 PSYoungGen      total 9728K, used 9719K [0x00000000eab00000, 0x00000000eb780000, 0x0000000100000000)
  eden space 8704K, 99% used [0x00000000eab00000,0x00000000eb37ffc8,0x00000000eb380000)
  from space 1024K, 99% used [0x00000000eb580000,0x00000000eb67dd88,0x00000000eb680000)
  to   space 2048K, 0% used [0x00000000eb380000,0x00000000eb380000,0x00000000eb580000)
 ParOldGen       total 86528K, used 79064K [0x00000000c0000000, 0x00000000c5480000, 0x00000000eab00000)
  object space 86528K, 91% used [0x00000000c0000000,0x00000000c4d363e0,0x00000000c5480000)
 Metaspace       used 73318K, committed 74560K, reserved 1179648K
  class space    used 7612K, committed 8128K, reserved 1048576K
}
Event: 11.097 GC heap after
{Heap after GC invocations=160 (full 6):
 PSYoungGen      total 9728K, used 768K [0x00000000eab00000, 0x00000000eb680000, 0x0000000100000000)
  eden space 8704K, 0% used [0x00000000eab00000,0x00000000eab00000,0x00000000eb380000)
  from space 1024K, 75% used [0x00000000eb380000,0x00000000eb440000,0x00000000eb480000)
  to   space 1536K, 0% used [0x00000000eb500000,0x00000000eb500000,0x00000000eb680000)
 ParOldGen       total 86528K, used 80058K [0x00000000c0000000, 0x00000000c5480000, 0x00000000eab00000)
  object space 86528K, 92% used [0x00000000c0000000,0x00000000c4e2e8f8,0x00000000c5480000)
 Metaspace       used 73318K, committed 74560K, reserved 1179648K
  class space    used 7612K, committed 8128K, reserved 1048576K
}
Event: 11.127 GC heap before
{Heap before GC invocations=161 (full 6):
 PSYoungGen      total 9728K, used 9472K [0x00000000eab00000, 0x00000000eb680000, 0x0000000100000000)
  eden space 8704K, 100% used [0x00000000eab00000,0x00000000eb380000,0x00000000eb380000)
  from space 1024K, 75% used [0x00000000eb380000,0x00000000eb440000,0x00000000eb480000)
  to   space 1536K, 0% used [0x00000000eb500000,0x00000000eb500000,0x00000000eb680000)
 ParOldGen       total 86528K, used 80058K [0x00000000c0000000, 0x00000000c5480000, 0x00000000eab00000)
  object space 86528K, 92% used [0x00000000c0000000,0x00000000c4e2e8f8,0x00000000c5480000)
 Metaspace       used 73493K, committed 74688K, reserved 1179648K
  class space    used 7626K, committed 8128K, reserved 1048576K
}
Event: 11.129 GC heap after
{Heap after GC invocations=161 (full 6):
 PSYoungGen      total 9728K, used 865K [0x00000000eab00000, 0x00000000eb600000, 0x0000000100000000)
  eden space 8704K, 0% used [0x00000000eab00000,0x00000000eab00000,0x00000000eb380000)
  from space 1024K, 84% used [0x00000000eb500000,0x00000000eb5d8780,0x00000000eb600000)
  to   space 1024K, 0% used [0x00000000eb380000,0x00000000eb380000,0x00000000eb480000)
 ParOldGen       total 86528K, used 80738K [0x00000000c0000000, 0x00000000c5480000, 0x00000000eab00000)
  object space 86528K, 93% used [0x00000000c0000000,0x00000000c4ed8b80,0x00000000c5480000)
 Metaspace       used 73493K, committed 74688K, reserved 1179648K
  class space    used 7626K, committed 8128K, reserved 1048576K
}
Event: 11.159 GC heap before
{Heap before GC invocations=162 (full 6):
 PSYoungGen      total 9728K, used 9569K [0x00000000eab00000, 0x00000000eb600000, 0x0000000100000000)
  eden space 8704K, 100% used [0x00000000eab00000,0x00000000eb380000,0x00000000eb380000)
  from space 1024K, 84% used [0x00000000eb500000,0x00000000eb5d8780,0x00000000eb600000)
  to   space 1024K, 0% used [0x00000000eb380000,0x00000000eb380000,0x00000000eb480000)
 ParOldGen       total 86528K, used 80738K [0x00000000c0000000, 0x00000000c5480000, 0x00000000eab00000)
  object space 86528K, 93% used [0x00000000c0000000,0x00000000c4ed8b80,0x00000000c5480000)
 Metaspace       used 73514K, committed 74688K, reserved 1179648K
  class space    used 7628K, committed 8128K, reserved 1048576K
}
Event: 11.161 GC heap after
{Heap after GC invocations=162 (full 6):
 PSYoungGen      total 9728K, used 656K [0x00000000eab00000, 0x00000000eb580000, 0x0000000100000000)
  eden space 8704K, 0% used [0x00000000eab00000,0x00000000eab00000,0x00000000eb380000)
  from space 1024K, 64% used [0x00000000eb380000,0x00000000eb4240d8,0x00000000eb480000)
  to   space 1024K, 0% used [0x00000000eb480000,0x00000000eb480000,0x00000000eb580000)
 ParOldGen       total 86528K, used 84850K [0x00000000c0000000, 0x00000000c5480000, 0x00000000eab00000)
  object space 86528K, 98% used [0x00000000c0000000,0x00000000c52dc9e8,0x00000000c5480000)
 Metaspace       used 73514K, committed 74688K, reserved 1179648K
  class space    used 7628K, committed 8128K, reserved 1048576K
}
Event: 11.161 GC heap before
{Heap before GC invocations=163 (full 7):
 PSYoungGen      total 9728K, used 656K [0x00000000eab00000, 0x00000000eb580000, 0x0000000100000000)
  eden space 8704K, 0% used [0x00000000eab00000,0x00000000eab00000,0x00000000eb380000)
  from space 1024K, 64% used [0x00000000eb380000,0x00000000eb4240d8,0x00000000eb480000)
  to   space 1024K, 0% used [0x00000000eb480000,0x00000000eb480000,0x00000000eb580000)
 ParOldGen       total 86528K, used 84850K [0x00000000c0000000, 0x00000000c5480000, 0x00000000eab00000)
  object space 86528K, 98% used [0x00000000c0000000,0x00000000c52dc9e8,0x00000000c5480000)
 Metaspace       used 73514K, committed 74688K, reserved 1179648K
  class space    used 7628K, committed 8128K, reserved 1048576K
}

Dll operation events (10 events):
Event: 0.005 Loaded shared library c:\Users\Usuario\.vscode\extensions\redhat.java-1.30.0-win32-x64\jre\17.0.10-win32-x86_64\bin\java.dll
Event: 0.121 Loaded shared library c:\Users\Usuario\.vscode\extensions\redhat.java-1.30.0-win32-x64\jre\17.0.10-win32-x86_64\bin\zip.dll
Event: 0.124 Loaded shared library C:\Users\Usuario\.vscode\extensions\redhat.java-1.30.0-win32-x64\jre\17.0.10-win32-x86_64\bin\instrument.dll
Event: 0.134 Loaded shared library C:\Users\Usuario\.vscode\extensions\redhat.java-1.30.0-win32-x64\jre\17.0.10-win32-x86_64\bin\net.dll
Event: 0.135 Loaded shared library C:\Users\Usuario\.vscode\extensions\redhat.java-1.30.0-win32-x64\jre\17.0.10-win32-x86_64\bin\nio.dll
Event: 0.141 Loaded shared library C:\Users\Usuario\.vscode\extensions\redhat.java-1.30.0-win32-x64\jre\17.0.10-win32-x86_64\bin\zip.dll
Event: 0.153 Loaded shared library C:\Users\Usuario\.vscode\extensions\redhat.java-1.30.0-win32-x64\jre\17.0.10-win32-x86_64\bin\jimage.dll
Event: 0.193 Loaded shared library c:\Users\Usuario\.vscode\extensions\redhat.java-1.30.0-win32-x64\jre\17.0.10-win32-x86_64\bin\verify.dll
Event: 0.963 Loaded shared library C:\Users\Usuario\AppData\Roaming\Code\User\globalStorage\redhat.java\1.30.0\config_win\org.eclipse.equinox.launcher\org.eclipse.equinox.launcher.win32.win32.x86_64_1.2.900.v20240213-1244\eclipse_11900.dll
Event: 3.588 Loaded shared library C:\Users\Usuario\AppData\Local\Temp\jna-1531808526\jna18152177456639128999.dll

Deoptimization events (20 events):
Event: 11.086 Thread 0x000001a069cddc90 DEOPT PACKING pc=0x000001a05351f9dd sp=0x0000005c124fe680
Event: 11.086 Thread 0x000001a069cddc90 DEOPT UNPACKING pc=0x000001a0597a6e43 sp=0x0000005c124fdb68 mode 0
Event: 11.113 Thread 0x000001a069cddc90 DEOPT PACKING pc=0x000001a052d0beb4 sp=0x0000005c124fe1b0
Event: 11.113 Thread 0x000001a069cddc90 DEOPT UNPACKING pc=0x000001a0597a6e43 sp=0x0000005c124fd620 mode 0
Event: 11.115 Thread 0x000001a069cddc90 DEOPT PACKING pc=0x000001a053529055 sp=0x0000005c124fe160
Event: 11.115 Thread 0x000001a069cddc90 DEOPT UNPACKING pc=0x000001a0597a6e43 sp=0x0000005c124fd700 mode 0
Event: 11.116 Thread 0x000001a069cddc90 DEOPT PACKING pc=0x000001a052d0beb4 sp=0x0000005c124fe180
Event: 11.116 Thread 0x000001a069cddc90 DEOPT UNPACKING pc=0x000001a0597a6e43 sp=0x0000005c124fd5f0 mode 0
Event: 11.131 Thread 0x000001a069cddc90 DEOPT PACKING pc=0x000001a052d0beb4 sp=0x0000005c124fe180
Event: 11.131 Thread 0x000001a069cddc90 DEOPT UNPACKING pc=0x000001a0597a6e43 sp=0x0000005c124fd5f0 mode 0
Event: 11.132 Thread 0x000001a074f8b740 Uncommon trap: trap_request=0xffffffde fr.pc=0x000001a05a1e2d08 relative=0x00000000000007a8
Event: 11.132 Thread 0x000001a074f8b740 Uncommon trap: reason=class_check action=maybe_recompile pc=0x000001a05a1e2d08 method=org.eclipse.jdt.internal.compiler.parser.Parser.consumeRule(I)V @ 4774 c2
Event: 11.132 Thread 0x000001a074f8b740 DEOPT PACKING pc=0x000001a05a1e2d08 sp=0x0000005c13efdc90
Event: 11.132 Thread 0x000001a074f8b740 DEOPT UNPACKING pc=0x000001a0597a66a3 sp=0x0000005c13efdc20 mode 2
Event: 11.132 Thread 0x000001a074f8b740 Uncommon trap: trap_request=0xffffff45 fr.pc=0x000001a05a1e3d2c relative=0x00000000000017cc
Event: 11.132 Thread 0x000001a074f8b740 Uncommon trap: reason=unstable_if action=reinterpret pc=0x000001a05a1e3d2c method=org.eclipse.jdt.internal.compiler.parser.Parser.consumeRule(I)V @ 1 c2
Event: 11.132 Thread 0x000001a074f8b740 DEOPT PACKING pc=0x000001a05a1e3d2c sp=0x0000005c13efdc90
Event: 11.132 Thread 0x000001a074f8b740 DEOPT UNPACKING pc=0x000001a0597a66a3 sp=0x0000005c13efdc20 mode 2
Event: 11.151 Thread 0x000001a069cdb920 DEOPT PACKING pc=0x000001a053529055 sp=0x0000005c127feb00
Event: 11.152 Thread 0x000001a069cdb920 DEOPT UNPACKING pc=0x000001a0597a6e43 sp=0x0000005c127fe0a0 mode 0

Classes unloaded (8 events):
Event: 2.863 Thread 0x000001a04f635180 Unloading class 0x0000000100250400 'java/lang/invoke/LambdaForm$MH+0x0000000100250400'
Event: 2.863 Thread 0x000001a04f635180 Unloading class 0x0000000100250000 'java/lang/invoke/LambdaForm$MH+0x0000000100250000'
Event: 2.863 Thread 0x000001a04f635180 Unloading class 0x000000010024fc00 'java/lang/invoke/LambdaForm$MH+0x000000010024fc00'
Event: 2.863 Thread 0x000001a04f635180 Unloading class 0x000000010024f800 'java/lang/invoke/LambdaForm$MH+0x000000010024f800'
Event: 2.863 Thread 0x000001a04f635180 Unloading class 0x000000010024f400 'java/lang/invoke/LambdaForm$BMH+0x000000010024f400'
Event: 2.863 Thread 0x000001a04f635180 Unloading class 0x000000010024f000 'java/lang/invoke/LambdaForm$DMH+0x000000010024f000'
Event: 2.863 Thread 0x000001a04f635180 Unloading class 0x000000010024c400 'java/lang/invoke/LambdaForm$DMH+0x000000010024c400'
Event: 8.408 Thread 0x000001a04f635180 Unloading class 0x0000000100788800 'java/lang/invoke/LambdaForm$MH+0x0000000100788800'

Classes redefined (0 events):
No events

Internal exceptions (20 events):
Event: 7.993 Thread 0x000001a074f8ad20 Exception <a 'java/lang/NoSuchMethodError'{0x00000000eae9d848}: 'java.lang.Object java.lang.invoke.Invokers$Holder.linkToTargetMethod(java.lang.Object, java.lang.Object, java.lang.Object, java.lang.Object, java.lang.Object, java.lang.Object, java.lang.Object)'> (0x00000000eae9d848) 
thrown [s\src\hotspot\share\interpreter\linkResolver.cpp, line 759]
Event: 7.993 Thread 0x000001a06c0663a0 Exception <a 'java/io/FileNotFoundException'{0x00000000eae95d88}> (0x00000000eae95d88) 
thrown [s\src\hotspot\share\prims\jni.cpp, line 516]
Event: 7.994 Thread 0x000001a06c0663a0 Exception <a 'java/io/FileNotFoundException'{0x00000000eae96dd8}> (0x00000000eae96dd8) 
thrown [s\src\hotspot\share\prims\jni.cpp, line 516]
Event: 8.504 Thread 0x000001a069cdb920 Exception <a 'sun/nio/fs/WindowsException'{0x00000000eb048048}> (0x00000000eb048048) 
thrown [s\src\hotspot\share\prims\jni.cpp, line 516]
Event: 8.652 Thread 0x000001a074f8c670 Exception <a 'sun/nio/fs/WindowsException'{0x00000000eab411c0}> (0x00000000eab411c0) 
thrown [s\src\hotspot\share\prims\jni.cpp, line 516]
Event: 8.802 Thread 0x000001a06c0677e0 Exception <a 'java/lang/NoSuchMethodError'{0x00000000eb393158}: 'java.lang.Object java.lang.invoke.DirectMethodHandle$Holder.newInvokeSpecial(java.lang.Object, java.lang.Object, int, java.lang.Object, java.lang.Object)'> (0x00000000eb393158) 
thrown [s\src\hotspot\share\interpreter\linkResolver.cpp, line 759]
Event: 8.871 Thread 0x000001a069cdc850 Exception <a 'java/lang/NoSuchMethodError'{0x00000000ead8c9d0}: 'java.lang.Object java.lang.invoke.DirectMethodHandle$Holder.invokeSpecial(java.lang.Object, java.lang.Object, int, long)'> (0x00000000ead8c9d0) 
thrown [s\src\hotspot\share\interpreter\linkResolver.cpp, line 759]
Event: 8.877 Thread 0x000001a06c0677e0 Exception <a 'java/lang/NoSuchMethodError'{0x00000000eadec1f0}: 'java.lang.Object java.lang.invoke.DirectMethodHandle$Holder.invokeStatic(java.lang.Object, java.lang.Object, int, java.lang.Object, java.lang.Object)'> (0x00000000eadec1f0) 
thrown [s\src\hotspot\share\interpreter\linkResolver.cpp, line 759]
Event: 8.900 Thread 0x000001a06c0677e0 Exception <a 'java/lang/NoSuchMethodError'{0x00000000eb629930}: 'void java.lang.invoke.DirectMethodHandle$Holder.invokeStatic(java.lang.Object, int)'> (0x00000000eb629930) 
thrown [s\src\hotspot\share\interpreter\linkResolver.cpp, line 759]
Event: 9.014 Thread 0x000001a06c0677e0 Exception <a 'java/io/FileNotFoundException'{0x00000000eb3cde98}> (0x00000000eb3cde98) 
thrown [s\src\hotspot\share\prims\jni.cpp, line 516]
Event: 9.014 Thread 0x000001a06c0677e0 Exception <a 'java/io/FileNotFoundException'{0x00000000eb3cf170}> (0x00000000eb3cf170) 
thrown [s\src\hotspot\share\prims\jni.cpp, line 516]
Event: 9.014 Thread 0x000001a06c0677e0 Exception <a 'java/io/FileNotFoundException'{0x00000000eb3d01a0}> (0x00000000eb3d01a0) 
thrown [s\src\hotspot\share\prims\jni.cpp, line 516]
Event: 9.612 Thread 0x000001a06c0677e0 Exception <a 'sun/nio/fs/WindowsException'{0x00000000eaeabb68}> (0x00000000eaeabb68) 
thrown [s\src\hotspot\share\prims\jni.cpp, line 516]
Event: 10.072 Thread 0x000001a074f8a300 Exception <a 'java/lang/IncompatibleClassChangeError'{0x00000000eab61b70}: Found class java.lang.Object, but interface was expected> (0x00000000eab61b70) 
thrown [s\src\hotspot\share\interpreter\linkResolver.cpp, line 826]
Event: 10.090 Thread 0x000001a069cddc90 Exception <a 'java/io/FileNotFoundException'{0x00000000eb3ca5e0}> (0x00000000eb3ca5e0) 
thrown [s\src\hotspot\share\prims\jni.cpp, line 516]
Event: 10.090 Thread 0x000001a069cddc90 Exception <a 'java/io/FileNotFoundException'{0x00000000eb3cb3a0}> (0x00000000eb3cb3a0) 
thrown [s\src\hotspot\share\prims\jni.cpp, line 516]
Event: 10.219 Thread 0x000001a069cddc90 Exception <a 'java/lang/NoSuchMethodError'{0x00000000eb4fef28}: 'void java.lang.invoke.DirectMethodHandle$Holder.invokeSpecial(java.lang.Object, java.lang.Object, java.lang.Object, java.lang.Object, java.lang.Object)'> (0x00000000eb4fef28) 
thrown [s\src\hotspot\share\interpreter\linkResolver.cpp, line 759]
Event: 10.612 Thread 0x000001a074f8bc50 Exception <a 'java/lang/NoSuchMethodError'{0x00000000ead8f698}: 'int java.lang.invoke.DirectMethodHandle$Holder.invokeStatic(java.lang.Object, java.lang.Object, java.lang.Object, int)'> (0x00000000ead8f698) 
thrown [s\src\hotspot\share\interpreter\linkResolver.cpp, line 759]
Event: 10.612 Thread 0x000001a074f8a300 Exception <a 'java/lang/NoSuchMethodError'{0x00000000ead7c550}: 'int java.lang.invoke.DirectMethodHandle$Holder.invokeStatic(java.lang.Object, java.lang.Object, java.lang.Object, int)'> (0x00000000ead7c550) 
thrown [s\src\hotspot\share\interpreter\linkResolver.cpp, line 759]
Event: 11.001 Thread 0x000001a074f8bc50 Exception <a 'java/lang/ArrayIndexOutOfBoundsException'{0x00000000eabd3698}> (0x00000000eabd3698) 
thrown [s\src\hotspot\share\runtime\sharedRuntime.cpp, line 631]

VM Operations (20 events):
Event: 10.875 Executing VM operation: HandshakeAllThreads done
Event: 10.892 Executing VM operation: ParallelGCFailedAllocation
Event: 10.895 Executing VM operation: ParallelGCFailedAllocation done
Event: 10.914 Executing VM operation: ParallelGCFailedAllocation
Event: 10.926 Executing VM operation: ParallelGCFailedAllocation done
Event: 10.935 Executing VM operation: ParallelGCFailedAllocation
Event: 10.939 Executing VM operation: ParallelGCFailedAllocation done
Event: 10.961 Executing VM operation: ParallelGCFailedAllocation
Event: 10.965 Executing VM operation: ParallelGCFailedAllocation done
Event: 10.979 Executing VM operation: ParallelGCFailedAllocation
Event: 10.983 Executing VM operation: ParallelGCFailedAllocation done
Event: 11.006 Executing VM operation: ParallelGCFailedAllocation
Event: 11.015 Executing VM operation: ParallelGCFailedAllocation done
Event: 11.037 Executing VM operation: ParallelGCFailedAllocation
Event: 11.052 Executing VM operation: ParallelGCFailedAllocation done
Event: 11.094 Executing VM operation: ParallelGCFailedAllocation
Event: 11.103 Executing VM operation: ParallelGCFailedAllocation done
Event: 11.126 Executing VM operation: ParallelGCFailedAllocation
Event: 11.129 Executing VM operation: ParallelGCFailedAllocation done
Event: 11.159 Executing VM operation: ParallelGCFailedAllocation

Events (20 events):
Event: 10.128 Thread 0x000001a068c5fd90 flushing nmethod 0x000001a0522aa910
Event: 10.132 loading class java/util/concurrent/ConcurrentHashMap$TreeBin
Event: 10.132 loading class java/util/concurrent/ConcurrentHashMap$TreeBin done
Event: 10.134 Thread 0x000001a06c06d810 Thread added: 0x000001a06c06d810
Event: 10.135 Thread 0x000001a068c5fd90 flushing nmethod 0x000001a052b1fe90
Event: 10.137 Thread 0x000001a068c5fd90 flushing nmethod 0x000001a052eeb110
Event: 10.139 Thread 0x000001a068c5fd90 flushing nmethod 0x000001a053136e10
Event: 10.139 Thread 0x000001a068c5fd90 flushing nmethod 0x000001a05313d190
Event: 10.139 Thread 0x000001a068c5fd90 flushing nmethod 0x000001a053184810
Event: 10.139 Thread 0x000001a068c5fd90 flushing nmethod 0x000001a053200910
Event: 10.139 Thread 0x000001a068c5fd90 flushing nmethod 0x000001a053201590
Event: 10.140 Thread 0x000001a068c5fd90 flushing nmethod 0x000001a05324d590
Event: 10.142 Thread 0x000001a068c5fd90 flushing nmethod 0x000001a05337d510
Event: 10.342 loading class java/lang/invoke/MethodHandleImpl$CountingWrapper$1
Event: 10.343 loading class java/lang/invoke/MethodHandleImpl$CountingWrapper$1 done
Event: 10.680 loading class java/util/concurrent/ForkJoinTask$AdaptedCallable
Event: 10.681 loading class java/util/concurrent/ForkJoinTask$AdaptedCallable done
Event: 10.681 loading class java/util/concurrent/CountedCompleter
Event: 10.681 loading class java/util/concurrent/CountedCompleter done
Event: 10.875 Thread 0x000001a06c069b50 Thread added: 0x000001a06c069b50


Dynamic libraries:
0x00007ff6e4870000 - 0x00007ff6e487e000 	c:\Users\Usuario\.vscode\extensions\redhat.java-1.30.0-win32-x64\jre\17.0.10-win32-x86_64\bin\java.exe
0x00007ffcfcc10000 - 0x00007ffcfce08000 	C:\Windows\SYSTEM32\ntdll.dll
0x00007ffcfaf40000 - 0x00007ffcfaffd000 	C:\Windows\System32\KERNEL32.DLL
0x00007ffcfa2c0000 - 0x00007ffcfa5b6000 	C:\Windows\System32\KERNELBASE.dll
0x00007ffcfa810000 - 0x00007ffcfa910000 	C:\Windows\System32\ucrtbase.dll
0x00007ffc98e80000 - 0x00007ffc98e97000 	c:\Users\Usuario\.vscode\extensions\redhat.java-1.30.0-win32-x64\jre\17.0.10-win32-x86_64\bin\jli.dll
0x00007ffcfc4a0000 - 0x00007ffcfc63e000 	C:\Windows\System32\USER32.dll
0x00007ffcfa7e0000 - 0x00007ffcfa802000 	C:\Windows\System32\win32u.dll
0x00007ffcfac50000 - 0x00007ffcfac7c000 	C:\Windows\System32\GDI32.dll
0x00007ffcfab20000 - 0x00007ffcfac3a000 	C:\Windows\System32\gdi32full.dll
0x00007ffcfa9a0000 - 0x00007ffcfaa3d000 	C:\Windows\System32\msvcp_win.dll
0x00007ffc9d3f0000 - 0x00007ffc9d40b000 	c:\Users\Usuario\.vscode\extensions\redhat.java-1.30.0-win32-x64\jre\17.0.10-win32-x86_64\bin\VCRUNTIME140.dll
0x00007ffcf9730000 - 0x00007ffcf99ca000 	C:\Windows\WinSxS\amd64_microsoft.windows.common-controls_6595b64144ccf1df_6.0.19041.1110_none_60b5254171f9507e\COMCTL32.dll
0x00007ffcfc0f0000 - 0x00007ffcfc18e000 	C:\Windows\System32\msvcrt.dll
0x00007ffcfc0c0000 - 0x00007ffcfc0f0000 	C:\Windows\System32\IMM32.DLL
0x00007ffcd1440000 - 0x00007ffcd144c000 	c:\Users\Usuario\.vscode\extensions\redhat.java-1.30.0-win32-x64\jre\17.0.10-win32-x86_64\bin\vcruntime140_1.dll
0x00007ffc994d0000 - 0x00007ffc9955d000 	c:\Users\Usuario\.vscode\extensions\redhat.java-1.30.0-win32-x64\jre\17.0.10-win32-x86_64\bin\msvcp140.dll
0x00007ffc98210000 - 0x00007ffc98e72000 	c:\Users\Usuario\.vscode\extensions\redhat.java-1.30.0-win32-x64\jre\17.0.10-win32-x86_64\bin\server\jvm.dll
0x00007ffcfb2c0000 - 0x00007ffcfb36e000 	C:\Windows\System32\ADVAPI32.dll
0x00007ffcfb000000 - 0x00007ffcfb09c000 	C:\Windows\System32\sechost.dll
0x00007ffcfac80000 - 0x00007ffcfada6000 	C:\Windows\System32\RPCRT4.dll
0x00007ffcfa120000 - 0x00007ffcfa16b000 	C:\Windows\SYSTEM32\POWRPROF.dll
0x00007ffca02b0000 - 0x00007ffca02b9000 	C:\Windows\SYSTEM32\WSOCK32.dll
0x00007ffcfc6c0000 - 0x00007ffcfc72b000 	C:\Windows\System32\WS2_32.dll
0x00007ffce2980000 - 0x00007ffce29a7000 	C:\Windows\SYSTEM32\WINMM.dll
0x00007ffcefe70000 - 0x00007ffcefe7a000 	C:\Windows\SYSTEM32\VERSION.dll
0x00007ffcfa100000 - 0x00007ffcfa112000 	C:\Windows\SYSTEM32\UMPDC.dll
0x00007ffcf7b10000 - 0x00007ffcf7b22000 	C:\Windows\SYSTEM32\kernel.appcore.dll
0x00007ffca0af0000 - 0x00007ffca0afa000 	c:\Users\Usuario\.vscode\extensions\redhat.java-1.30.0-win32-x64\jre\17.0.10-win32-x86_64\bin\jimage.dll
0x00007ffcf9bd0000 - 0x00007ffcf9db4000 	C:\Windows\SYSTEM32\DBGHELP.DLL
0x00007ffcf99f0000 - 0x00007ffcf9a24000 	C:\Windows\SYSTEM32\dbgcore.DLL
0x00007ffcfa910000 - 0x00007ffcfa992000 	C:\Windows\System32\bcryptPrimitives.dll
0x00007ffc9e950000 - 0x00007ffc9e95e000 	c:\Users\Usuario\.vscode\extensions\redhat.java-1.30.0-win32-x64\jre\17.0.10-win32-x86_64\bin\instrument.dll
0x00007ffc995d0000 - 0x00007ffc995f5000 	c:\Users\Usuario\.vscode\extensions\redhat.java-1.30.0-win32-x64\jre\17.0.10-win32-x86_64\bin\java.dll
0x00007ffc995b0000 - 0x00007ffc995c8000 	c:\Users\Usuario\.vscode\extensions\redhat.java-1.30.0-win32-x64\jre\17.0.10-win32-x86_64\bin\zip.dll
0x00007ffcfb370000 - 0x00007ffcfbab4000 	C:\Windows\System32\SHELL32.dll
0x00007ffcf7d10000 - 0x00007ffcf84ab000 	C:\Windows\SYSTEM32\windows.storage.dll
0x00007ffcfbd60000 - 0x00007ffcfc0b4000 	C:\Windows\System32\combase.dll
0x00007ffcf9460000 - 0x00007ffcf948d000 	C:\Windows\SYSTEM32\Wldp.dll
0x00007ffcfbcb0000 - 0x00007ffcfbd5d000 	C:\Windows\System32\SHCORE.dll
0x00007ffcfc240000 - 0x00007ffcfc295000 	C:\Windows\System32\shlwapi.dll
0x00007ffcfa1f0000 - 0x00007ffcfa215000 	C:\Windows\SYSTEM32\profapi.dll
0x00007ffc994b0000 - 0x00007ffc994c9000 	C:\Users\Usuario\.vscode\extensions\redhat.java-1.30.0-win32-x64\jre\17.0.10-win32-x86_64\bin\net.dll
0x00007ffcf2d50000 - 0x00007ffcf2e5a000 	C:\Windows\SYSTEM32\WINHTTP.dll
0x00007ffcf92d0000 - 0x00007ffcf933a000 	C:\Windows\system32\mswsock.dll
0x00007ffc99490000 - 0x00007ffc994a6000 	C:\Users\Usuario\.vscode\extensions\redhat.java-1.30.0-win32-x64\jre\17.0.10-win32-x86_64\bin\nio.dll
0x00007ffc99480000 - 0x00007ffc99490000 	c:\Users\Usuario\.vscode\extensions\redhat.java-1.30.0-win32-x64\jre\17.0.10-win32-x86_64\bin\verify.dll
0x00007ffc99440000 - 0x00007ffc9947e000 	C:\Users\Usuario\AppData\Roaming\Code\User\globalStorage\redhat.java\1.30.0\config_win\org.eclipse.equinox.launcher\org.eclipse.equinox.launcher.win32.win32.x86_64_1.2.900.v20240213-1244\eclipse_11900.dll
0x00007ffcfae10000 - 0x00007ffcfaf3a000 	C:\Windows\System32\ole32.dll
0x00007ffcf9f60000 - 0x00007ffcf9f78000 	C:\Windows\SYSTEM32\CRYPTSP.dll
0x00007ffcf8c70000 - 0x00007ffcf8ca4000 	C:\Windows\system32\rsaenh.dll
0x00007ffcfaa40000 - 0x00007ffcfaa67000 	C:\Windows\System32\bcrypt.dll
0x00007ffcfa1b0000 - 0x00007ffcfa1de000 	C:\Windows\SYSTEM32\USERENV.dll
0x00007ffcf9580000 - 0x00007ffcf958c000 	C:\Windows\SYSTEM32\CRYPTBASE.dll
0x00007ffcf8ff0000 - 0x00007ffcf902b000 	C:\Windows\SYSTEM32\IPHLPAPI.DLL
0x00007ffcfac40000 - 0x00007ffcfac48000 	C:\Windows\System32\NSI.dll
0x00007ffcf34b0000 - 0x00007ffcf34c7000 	C:\Windows\SYSTEM32\dhcpcsvc6.DLL
0x00007ffcf3420000 - 0x00007ffcf343d000 	C:\Windows\SYSTEM32\dhcpcsvc.DLL
0x00007ffcf9030000 - 0x00007ffcf90fa000 	C:\Windows\SYSTEM32\DNSAPI.dll
0x00007ffc99560000 - 0x00007ffc995a5000 	C:\Users\Usuario\AppData\Local\Temp\jna-1531808526\jna18152177456639128999.dll
0x00007ffcfb2b0000 - 0x00007ffcfb2b8000 	C:\Windows\System32\PSAPI.DLL
0x00007ffcf9f20000 - 0x00007ffcf9f53000 	C:\Windows\SYSTEM32\ntmarta.dll

dbghelp: loaded successfully - version: 4.0.5 - missing functions: none
symbol engine: initialized successfully - sym options: 0x614 - pdb path: .;c:\Users\Usuario\.vscode\extensions\redhat.java-1.30.0-win32-x64\jre\17.0.10-win32-x86_64\bin;C:\Windows\SYSTEM32;C:\Windows\WinSxS\amd64_microsoft.windows.common-controls_6595b64144ccf1df_6.0.19041.1110_none_60b5254171f9507e;c:\Users\Usuario\.vscode\extensions\redhat.java-1.30.0-win32-x64\jre\17.0.10-win32-x86_64\bin\server;C:\Users\Usuario\AppData\Roaming\Code\User\globalStorage\redhat.java\1.30.0\config_win\org.eclipse.equinox.launcher\org.eclipse.equinox.launcher.win32.win32.x86_64_1.2.900.v20240213-1244;C:\Users\Usuario\AppData\Local\Temp\jna-1531808526

VM Arguments:
jvm_args: --add-modules=ALL-SYSTEM --add-opens=java.base/java.util=ALL-UNNAMED --add-opens=java.base/java.lang=ALL-UNNAMED --add-opens=java.base/sun.nio.fs=ALL-UNNAMED -Declipse.application=org.eclipse.jdt.ls.core.id1 -Dosgi.bundles.defaultStartLevel=4 -Declipse.product=org.eclipse.jdt.ls.core.product -Djava.import.generatesMetadataFilesAtProjectRoot=false -DDetectVMInstallationsJob.disabled=true -Dfile.encoding=utf8 -XX:+UseParallelGC -XX:GCTimeRatio=4 -XX:AdaptiveSizePolicyWeight=90 -Dsun.zip.disableMemoryMapping=true -Xmx1G -Xms100m -Xlog:disable -javaagent:c:\Users\Usuario\.vscode\extensions\redhat.java-1.30.0-win32-x64\lombok\lombok-1.18.32.jar -XX:+HeapDumpOnOutOfMemoryError -XX:HeapDumpPath=c:\Users\Usuario\AppData\Roaming\Code\User\workspaceStorage\46f946c4a3748aca403f4bc5d78195db\redhat.java -Daether.dependencyCollector.impl=bf 
java_command: c:\Users\Usuario\.vscode\extensions\redhat.java-1.30.0-win32-x64\server\plugins\org.eclipse.equinox.launcher_1.6.800.v20240330-1250.jar -configuration c:\Users\Usuario\AppData\Roaming\Code\User\globalStorage\redhat.java\1.30.0\config_win -data c:\Users\Usuario\AppData\Roaming\Code\User\workspaceStorage\46f946c4a3748aca403f4bc5d78195db\redhat.java\jdt_ws --pipe=\\.\pipe\lsp-b688e98001d67d995337433ffa85d2fa-sock
java_class_path (initial): c:\Users\Usuario\.vscode\extensions\redhat.java-1.30.0-win32-x64\server\plugins\org.eclipse.equinox.launcher_1.6.800.v20240330-1250.jar
Launcher Type: SUN_STANDARD

[Global flags]
    uintx AdaptiveSizePolicyWeight                 = 90                                        {product} {command line}
     intx CICompilerCount                          = 3                                         {product} {ergonomic}
    uintx GCTimeRatio                              = 4                                         {product} {command line}
     bool HeapDumpOnOutOfMemoryError               = true                                   {manageable} {command line}
    ccstr HeapDumpPath                             = c:\Users\Usuario\AppData\Roaming\Code\User\workspaceStorage\46f946c4a3748aca403f4bc5d78195db\redhat.java         {manageable} {command line}
   size_t InitialHeapSize                          = 104857600                                 {product} {command line}
   size_t MaxHeapSize                              = 1073741824                                {product} {command line}
   size_t MaxNewSize                               = 357564416                                 {product} {ergonomic}
   size_t MinHeapDeltaBytes                        = 524288                                    {product} {ergonomic}
   size_t MinHeapSize                              = 104857600                                 {product} {command line}
   size_t NewSize                                  = 34603008                                  {product} {ergonomic}
    uintx NonNMethodCodeHeapSize                   = 5832780                                {pd product} {ergonomic}
    uintx NonProfiledCodeHeapSize                  = 122912730                              {pd product} {ergonomic}
   size_t OldSize                                  = 70254592                                  {product} {ergonomic}
    uintx ProfiledCodeHeapSize                     = 122912730                              {pd product} {ergonomic}
    uintx ReservedCodeCacheSize                    = 251658240                              {pd product} {ergonomic}
     bool SegmentedCodeCache                       = true                                      {product} {ergonomic}
   size_t SoftMaxHeapSize                          = 1073741824                             {manageable} {ergonomic}
     bool UseCompressedClassPointers               = true                           {product lp64_product} {ergonomic}
     bool UseCompressedOops                        = true                           {product lp64_product} {ergonomic}
     bool UseLargePagesIndividualAllocation        = false                                  {pd product} {ergonomic}
     bool UseParallelGC                            = true                                      {product} {command line}

Logging:
Log output configuration:
 #0: stdout all=off uptime,level,tags
 #1: stderr all=off uptime,level,tags

Environment Variables:
PATH=C:\Program Files (x86)\VMware\VMware Player\bin\;C:\Program Files\Common Files\Oracle\Java\javapath;C:\Windows\system32;C:\Windows;C:\Windows\System32\Wbem;C:\Windows\System32\WindowsPowerShell\v1.0\;C:\Windows\System32\OpenSSH\;C:\Program Files\PuTTY\;C:\msys64\ucrt64\bin;C:\workspace\apache-maven-3.9.6\bin;C:\Program Files\Git\cmd;C:\Program Files\nodejs\;C:\Program Files\dotnet\;C:\Program Files (x86)\dotnet\;C:\Program Files\Microsoft SQL Server\Client SDK\ODBC\130\Tools\Binn\;C:\Program Files (x86)\Microsoft SQL Server\140\Tools\Binn\;C:\Program Files\Microsoft SQL Server\140\Tools\Binn\;C:\Program Files\Microsoft SQL Server\140\DTS\Binn\;C:\Users\Usuario\AppData\Local\Microsoft\WindowsApps;;C:\Users\Usuario\AppData\Roaming\npm;C:\Users\Usuario\AppData\Local\Programs\Microsoft VS Code\bin
USERNAME=Usuario
OS=Windows_NT
PROCESSOR_IDENTIFIER=Intel64 Family 6 Model 158 Stepping 13, GenuineIntel
TMP=C:\Users\Usuario\AppData\Local\Temp
TEMP=C:\Users\Usuario\AppData\Local\Temp



Periodic native trim disabled


---------------  S Y S T E M  ---------------

OS:
 Windows 10 , 64 bit Build 19041 (10.0.19041.3393)
OS uptime: 0 days 0:02 hours

CPU: total 6 (initial active 6) (6 cores per cpu, 1 threads per core) family 6 model 158 stepping 13 microcode 0xbe, cx8, cmov, fxsr, mmx, 3dnowpref, sse, sse2, sse3, ssse3, sse4.1, sse4.2, popcnt, lzcnt, tsc, tscinvbit, avx, avx2, aes, erms, clmul, bmi1, bmi2, adx, fma, vzeroupper, clflush, clflushopt
Processor Information for all 6 processors :
  Max Mhz: 2904, Current Mhz: 2904, Mhz Limit: 2904

Memory: 4k page, system-wide physical 12158M (5487M free)
TotalPageFile size 24446M (AvailPageFile size 17503M)
current process WorkingSet (physical memory assigned to process): 311M, peak: 337M
current process commit charge ("private bytes"): 349M, peak: 374M

vm_info: OpenJDK 64-Bit Server VM (17.0.10+7) for windows-amd64 JRE (17.0.10+7), built on Jan 16 2024 23:25:11 by "admin" with MS VC++ 16.10 / 16.11 (VS2019)

END.
