#
# A fatal error has been detected by the Java Runtime Environment:
#
#  EXCEPTION_ACCESS_VIOLATION (0xc0000005) at pc=0x00007ffc988d9ae9, pid=16304, tid=7900
#
# JRE version: OpenJDK Runtime Environment Temurin-17.0.10+7 (17.0.10+7) (build 17.0.10+7)
# Java VM: OpenJDK 64-Bit Server VM Temurin-17.0.10+7 (17.0.10+7, mixed mode, tiered, compressed oops, compressed class ptrs, parallel gc, windows-amd64)
# Problematic frame:
# V  [jvm.dll+0x6c9ae9]
#
# No core dump will be written. Minidumps are not enabled by default on client versions of Windows
#
# If you would like to submit a bug report, please visit:
#   https://github.com/adoptium/adoptium-support/issues
#

---------------  S U M M A R Y ------------

Command Line: --add-modules=ALL-SYSTEM --add-opens=java.base/java.util=ALL-UNNAMED --add-opens=java.base/java.lang=ALL-UNNAMED --add-opens=java.base/sun.nio.fs=ALL-UNNAMED -Declipse.application=org.eclipse.jdt.ls.core.id1 -Dosgi.bundles.defaultStartLevel=4 -Declipse.product=org.eclipse.jdt.ls.core.product -Djava.import.generatesMetadataFilesAtProjectRoot=false -DDetectVMInstallationsJob.disabled=true -Dfile.encoding=utf8 -XX:+UseParallelGC -XX:GCTimeRatio=4 -XX:AdaptiveSizePolicyWeight=90 -Dsun.zip.disableMemoryMapping=true -Xmx1G -Xms100m -Xlog:disable -javaagent:c:\Users\Usuario\.vscode\extensions\redhat.java-1.30.0-win32-x64\lombok\lombok-1.18.32.jar -XX:+HeapDumpOnOutOfMemoryError -XX:HeapDumpPath=c:\Users\Usuario\AppData\Roaming\Code\User\workspaceStorage\46f946c4a3748aca403f4bc5d78195db\redhat.java -Daether.dependencyCollector.impl=bf c:\Users\Usuario\.vscode\extensions\redhat.java-1.30.0-win32-x64\server\plugins\org.eclipse.equinox.launcher_1.6.800.v20240330-1250.jar -configuration c:\Users\Usuario\AppData\Roaming\Code\User\globalStorage\redhat.java\1.30.0\config_win -data c:\Users\Usuario\AppData\Roaming\Code\User\workspaceStorage\46f946c4a3748aca403f4bc5d78195db\redhat.java\jdt_ws --pipe=\\.\pipe\lsp-691b8041993246f5a07e9e2fc6f1bad9-sock

Host: Intel(R) Core(TM) i5-9400 CPU @ 2.90GHz, 6 cores, 11G,  Windows 10 , 64 bit Build 19041 (10.0.19041.3393)
Time: Thu May 23 02:12:19 2024 Hora est. Pacífico, Sudamérica elapsed time: 2.977523 seconds (0d 0h 0m 2s)

---------------  T H R E A D  ---------------

Current thread (0x0000017dfe7453b0):  JavaThread "C2 CompilerThread0" daemon [_thread_in_native, id=7900, stack(0x0000005d0ba00000,0x0000005d0bb00000)]


Current CompileTask:
C2:   2977 4081       4       java.io.WinNTFileSystem::normalize (143 bytes)

Stack: [0x0000005d0ba00000,0x0000005d0bb00000],  sp=0x0000005d0bafb680,  free space=1005k
Native frames: (J=compiled Java code, j=interpreted, Vv=VM code, C=native code)
V  [jvm.dll+0x6c9ae9]
V  [jvm.dll+0x1bce80]
V  [jvm.dll+0x21a049]
V  [jvm.dll+0x219311]
V  [jvm.dll+0x1a502d]
V  [jvm.dll+0x2290de]
V  [jvm.dll+0x2272ac]
V  [jvm.dll+0x7e9bb7]
V  [jvm.dll+0x7e3fba]
V  [jvm.dll+0x67c1b5]
C  [ucrtbase.dll+0x21bb2]
C  [KERNEL32.DLL+0x17344]
C  [ntdll.dll+0x526b1]


siginfo: EXCEPTION_ACCESS_VIOLATION (0xc0000005), reading address 0x0000017d842bd9c0


Registers:
RAX=0x0000017d941b7750, RBX=0x0000000000000000, RCX=0x0000017d842bd998, RDX=0x0000000000000000
RSP=0x0000005d0bafb680, RBP=0x0000005d0bafb780, RSI=0x0000017dff0c00a0, RDI=0x0000000000000000
R8 =0x0000000000000000, R9 =0x0000000000000000, R10=0x0000000000000009, R11=0x000000000000000c
R12=0x0000000000000005, R13=0x0000000000000005, R14=0x0000017d94ab1f88, R15=0x0000005d0bafbef0
RIP=0x00007ffc988d9ae9, EFLAGS=0x0000000000010293


Register to memory mapping:

RIP=0x00007ffc988d9ae9 jvm.dll
RAX=0x0000017d941b7750 points into unknown readable memory: 0x0000000000000000 | 00 00 00 00 00 00 00 00
RBX=0x0 is NULL
RCX=0x0000017d842bd998 is an unknown value
RDX=0x0 is NULL
RSP=0x0000005d0bafb680 is pointing into the stack for thread: 0x0000017dfe7453b0
RBP=0x0000005d0bafb780 is pointing into the stack for thread: 0x0000017dfe7453b0
RSI=0x0000017dff0c00a0 points into unknown readable memory: 0x00007ffc98b2c530 | 30 c5 b2 98 fc 7f 00 00
RDI=0x0 is NULL
R8 =0x0 is NULL
R9 =0x0 is NULL
R10=0x0000000000000009 is an unknown value
R11=0x000000000000000c is an unknown value
R12=0x0000000000000005 is an unknown value
R13=0x0000000000000005 is an unknown value
R14=0x0000017d94ab1f88 points into unknown readable memory: 0x00007ffc98af66f8 | f8 66 af 98 fc 7f 00 00
R15=0x0000005d0bafbef0 is pointing into the stack for thread: 0x0000017dfe7453b0


Top of Stack: (sp=0x0000005d0bafb680)
0x0000005d0bafb680:   0000017d94bd8340 0000005d0bafb780
0x0000005d0bafb690:   0000017dff0c05c0 0000017dfeff9330
0x0000005d0bafb6a0:   0000017d00000dfa 0000017d00000002
0x0000005d0bafb6b0:   0000017d00000df5 0000005d0bafb801
0x0000005d0bafb6c0:   0000000000000001 0000005d0bafb940
0x0000005d0bafb6d0:   0000000000000003 0000000000000000
0x0000005d0bafb6e0:   0000017dff0c00a0 0000000d00000009
0x0000005d0bafb6f0:   0000005d00000005 0000017d94ab1f88
0x0000005d0bafb700:   0000000000000000 0000001800000000
0x0000005d0bafb710:   0000005d00000009 0000017dfea349d0
0x0000005d0bafb720:   00007ffc000001c7 0000000000000000
0x0000005d0bafb730:   0000000000000000 0000017dfea34a40
0x0000005d0bafb740:   0000017d93dfac20 0000000000000000
0x0000005d0bafb750:   0000017d93df8100 0000017d93df9690
0x0000005d0bafb760:   0000017d94846e00 0000017d93df4b60
0x0000005d0bafb770:   0000017d00000008 0000017d93dfac90
0x0000005d0bafb780:   0000017dfeff9370 0000017dfeff9330
0x0000005d0bafb790:   000000000000000d 0000000000000002
0x0000005d0bafb7a0:   0000017d94d91c10 0000000000000003
0x0000005d0bafb7b0:   0000000000000000 0000000000000000
0x0000005d0bafb7c0:   00000d6600000000 0000017d9484a3a0
0x0000005d0bafb7d0:   0000005d0bafbc40 00007ffc9857b838
0x0000005d0bafb7e0:   0000017d9484a3a0 0000005d0bafbb60
0x0000005d0bafb7f0:   00007ffc98d93d88 ffffffffffffffff
0x0000005d0bafb800:   0000017d94d91e20 00007ffc985769e0
0x0000005d0bafb810:   00000d6600000000 0000017d9484a3a0
0x0000005d0bafb820:   0000005d0bafbc40 00007ffc982bc635
0x0000005d0bafb830:   0000005d0bafbc40 0000017dff290780
0x0000005d0bafb840:   0000017dff290790 0000017dff290b68
0x0000005d0bafb850:   00000000000003d8 000000000003e260
0x0000005d0bafb860:   000000000000000d 00007ffc9857b838
0x0000005d0bafb870:   0000005d0bafb8c0 0000000000000037 

Instructions: (pc=0x00007ffc988d9ae9)
0x00007ffc988d99e9:   14 e0 49 8b 87 08 01 00 00 48 63 4a 28 44 3b 04
0x00007ffc988d99f9:   88 75 6c 49 8b ce e8 bc 9a fd ff 4d 8b 4e 08 4b
0x00007ffc988d9a09:   8b 0c e1 48 85 c9 74 26 4c 8b 41 10 4d 85 c0 74
0x00007ffc988d9a19:   1d 8b 41 20 49 8d 14 c0 4c 39 72 f8 48 8d 52 f8
0x00007ffc988d9a29:   75 f6 ff c8 89 41 20 49 8b 0c c0 48 89 0a 48 8b
0x00007ffc988d9a39:   45 28 45 33 ed 65 48 8b 14 25 58 00 00 00 b9 50
0x00007ffc988d9a49:   00 00 00 4f 89 2c e1 48 8b 04 c2 44 38 2c 01 0f
0x00007ffc988d9a59:   85 43 fc ff ff e8 65 67 1c 00 e9 39 fc ff ff 41
0x00007ffc988d9a69:   8b 46 2c 83 e0 7f 3c 4a 0f 84 82 02 00 00 49 8b
0x00007ffc988d9a79:   06 49 8b ce ff 90 88 00 00 00 48 89 45 80 48 8b
0x00007ffc988d9a89:   f8 48 85 c0 74 10 48 8b c8 e8 99 25 ae ff 8b 4d
0x00007ffc988d9a99:   90 44 8b e0 eb 06 8b 4d 90 44 8b e1 41 bd 01 00
0x00007ffc988d9aa9:   00 00 44 89 64 24 68 44 89 6c 24 70 8d 41 ff 89
0x00007ffc988d9ab9:   45 f0 41 3b cd 0f 86 29 02 00 00 44 3b e8 76 0e
0x00007ffc988d9ac9:   41 8b c5 41 2b c4 a8 01 0f 84 01 02 00 00 49 8b
0x00007ffc988d9ad9:   46 08 45 8b e5 4a 8b 0c e0 49 8b 87 08 01 00 00
0x00007ffc988d9ae9:   48 63 51 28 8b 0c 90 41 3b 8f e0 00 00 00 0f 83
0x00007ffc988d9af9:   d6 01 00 00 49 8b 47 70 8b d1 48 69 d9 b0 00 00
0x00007ffc988d9b09:   00 48 8b 48 20 48 89 5d a8 81 7c 19 30 2f 75 00
0x00007ffc988d9b19:   00 0f 8c b3 01 00 00 48 8b 45 e8 44 8b 34 90 48
0x00007ffc988d9b29:   8b 45 98 45 8b fe 44 89 75 8c 4c 89 75 18 4a 8b
0x00007ffc988d9b39:   34 f0 48 85 ff 0f 84 bc 02 00 00 8b 4f 14 41 3b
0x00007ffc988d9b49:   cd 77 0f 44 3b 6f 18 73 09 41 8b c5 2b c1 a8 01
0x00007ffc988d9b59:   74 1c 48 8b 0f 48 85 c9 0f 84 99 02 00 00 41 8b
0x00007ffc988d9b69:   d5 e8 a1 49 b3 ff 84 c0 0f 84 89 02 00 00 4c 8b
0x00007ffc988d9b79:   b5 20 03 00 00 48 8b ce 4c 8b 7c 24 60 49 8b d7
0x00007ffc988d9b89:   4d 8b 46 10 e8 7e 18 00 00 48 8b f0 48 85 c0 0f
0x00007ffc988d9b99:   84 a0 12 00 00 49 8b 5e 10 8b 83 40 02 00 00 2b
0x00007ffc988d9ba9:   83 68 02 00 00 03 05 c4 ed 44 00 3b 43 68 0f 87
0x00007ffc988d9bb9:   5c 12 00 00 48 63 7e 28 49 8d 9e 00 01 00 00 8b
0x00007ffc988d9bc9:   13 3b fa 7c 4a 3b 7b 04 7c 0c 8b d7 48 8b cb e8
0x00007ffc988d9bd9:   f3 fd 9e ff 8b 13 3b d7 7d 30 48 63 c2 48 8d 0c 


Stack slot to memory mapping:
stack at sp + 0 slots: 0x0000017d94bd8340 points into unknown readable memory: 0x000300030ffffcff | ff fc ff 0f 03 00 03 00
stack at sp + 1 slots: 0x0000005d0bafb780 is pointing into the stack for thread: 0x0000017dfe7453b0
stack at sp + 2 slots: 0x0000017dff0c05c0 points into unknown readable memory: 0x00007ffc98b2c530 | 30 c5 b2 98 fc 7f 00 00
stack at sp + 3 slots: 0x0000017dfeff9330 points into unknown readable memory: 0x0000017dfe7415d0 | d0 15 74 fe 7d 01 00 00
stack at sp + 4 slots: 0x0000017d00000dfa is an unknown value
stack at sp + 5 slots: 0x0000017d00000002 is an unknown value
stack at sp + 6 slots: 0x0000017d00000df5 is an unknown value
stack at sp + 7 slots: 0x0000005d0bafb801 is pointing into the stack for thread: 0x0000017dfe7453b0


---------------  P R O C E S S  ---------------

Threads class SMR info:
_java_thread_list=0x0000017d94937450, length=24, elements={
0x0000017df81f7800, 0x0000017df82bc370, 0x0000017df82bdc10, 0x0000017dfe7300b0,
0x0000017dfe730f30, 0x0000017dfe7369a0, 0x0000017dfe73ea80, 0x0000017dfe7453b0,
0x0000017dfe746990, 0x0000017dfe756e90, 0x0000017dfe847b80, 0x0000017dfe96d0d0,
0x0000017dfea95250, 0x0000017dff1944c0, 0x0000017d931a5930, 0x0000017d93306b70,
0x0000017d93527e00, 0x0000017d931f4380, 0x0000017d9398e880, 0x0000017d935643d0,
0x0000017d935639b0, 0x0000017d93562f90, 0x0000017d935648e0, 0x0000017d93562060
}

Java Threads: ( => current thread )
  0x0000017df81f7800 JavaThread "main" [_thread_blocked, id=15944, stack(0x0000005d0b100000,0x0000005d0b200000)]
  0x0000017df82bc370 JavaThread "Reference Handler" daemon [_thread_blocked, id=14448, stack(0x0000005d0b400000,0x0000005d0b500000)]
  0x0000017df82bdc10 JavaThread "Finalizer" daemon [_thread_blocked, id=16316, stack(0x0000005d0b500000,0x0000005d0b600000)]
  0x0000017dfe7300b0 JavaThread "Signal Dispatcher" daemon [_thread_blocked, id=15000, stack(0x0000005d0b600000,0x0000005d0b700000)]
  0x0000017dfe730f30 JavaThread "Attach Listener" daemon [_thread_blocked, id=16348, stack(0x0000005d0b700000,0x0000005d0b800000)]
  0x0000017dfe7369a0 JavaThread "Service Thread" daemon [_thread_blocked, id=14704, stack(0x0000005d0b800000,0x0000005d0b900000)]
  0x0000017dfe73ea80 JavaThread "Monitor Deflation Thread" daemon [_thread_blocked, id=9784, stack(0x0000005d0b900000,0x0000005d0ba00000)]
=>0x0000017dfe7453b0 JavaThread "C2 CompilerThread0" daemon [_thread_in_native, id=7900, stack(0x0000005d0ba00000,0x0000005d0bb00000)]
  0x0000017dfe746990 JavaThread "C1 CompilerThread0" daemon [_thread_in_vm, id=10200, stack(0x0000005d0bb00000,0x0000005d0bc00000)]
  0x0000017dfe756e90 JavaThread "Sweeper thread" daemon [_thread_blocked, id=16020, stack(0x0000005d0bc00000,0x0000005d0bd00000)]
  0x0000017dfe847b80 JavaThread "Common-Cleaner" daemon [_thread_blocked, id=3964, stack(0x0000005d0bd00000,0x0000005d0be00000)]
  0x0000017dfe96d0d0 JavaThread "C2 CompilerThread1" daemon [_thread_in_native, id=8752, stack(0x0000005d0be00000,0x0000005d0bf00000)]
  0x0000017dfea95250 JavaThread "Notification Thread" daemon [_thread_blocked, id=11188, stack(0x0000005d0bf00000,0x0000005d0c000000)]
  0x0000017dff1944c0 JavaThread "Active Thread: Equinox Container: 5dd4d0bd-6a75-4a70-980e-4a8cc85078e6" [_thread_blocked, id=4796, stack(0x0000005d0c600000,0x0000005d0c700000)]
  0x0000017d931a5930 JavaThread "Framework Event Dispatcher: Equinox Container: 5dd4d0bd-6a75-4a70-980e-4a8cc85078e6" daemon [_thread_blocked, id=15996, stack(0x0000005d0c700000,0x0000005d0c800000)]
  0x0000017d93306b70 JavaThread "Start Level: Equinox Container: 5dd4d0bd-6a75-4a70-980e-4a8cc85078e6" daemon [_thread_in_vm, id=5916, stack(0x0000005d0c800000,0x0000005d0c900000)]
  0x0000017d93527e00 JavaThread "Bundle File Closer" daemon [_thread_blocked, id=14912, stack(0x0000005d0c900000,0x0000005d0ca00000)]
  0x0000017d931f4380 JavaThread "SCR Component Actor" daemon [_thread_blocked, id=15356, stack(0x0000005d0ca00000,0x0000005d0cb00000)]
  0x0000017d9398e880 JavaThread "SCR Component Registry" daemon [_thread_blocked, id=10640, stack(0x0000005d0cb00000,0x0000005d0cc00000)]
  0x0000017d935643d0 JavaThread "Worker-JM" [_thread_blocked, id=13832, stack(0x0000005d0cc00000,0x0000005d0cd00000)]
  0x0000017d935639b0 JavaThread "Worker-0" [_thread_blocked, id=14360, stack(0x0000005d0cd00000,0x0000005d0ce00000)]
  0x0000017d93562f90 JavaThread "Worker-1: Building" [_thread_blocked, id=15160, stack(0x0000005d0ce00000,0x0000005d0cf00000)]
  0x0000017d935648e0 JavaThread "Worker-2: Processing Java changes since last activation" [_thread_blocked, id=14500, stack(0x0000005d0cf00000,0x0000005d0d000000)]
  0x0000017d93562060 JavaThread "Java indexing" daemon [_thread_blocked, id=14760, stack(0x0000005d0d000000,0x0000005d0d100000)]

Other Threads:
  0x0000017df82b8bf0 VMThread "VM Thread" [stack: 0x0000005d0b300000,0x0000005d0b400000] [id=4936]
  0x0000017dfeb20040 WatcherThread [stack: 0x0000005d0c000000,0x0000005d0c100000] [id=10236]
  0x0000017df8210430 GCTaskThread "GC Thread#0" [stack: 0x0000005d0b200000,0x0000005d0b300000] [id=15612]
  0x0000017d93086e80 GCTaskThread "GC Thread#1" [stack: 0x0000005d0c100000,0x0000005d0c200000] [id=3260]
  0x0000017d9303a4a0 GCTaskThread "GC Thread#2" [stack: 0x0000005d0c200000,0x0000005d0c300000] [id=15468]
  0x0000017d9303a760 GCTaskThread "GC Thread#3" [stack: 0x0000005d0c300000,0x0000005d0c400000] [id=15780]
  0x0000017d9303aa20 GCTaskThread "GC Thread#4" [stack: 0x0000005d0c400000,0x0000005d0c500000] [id=15616]
  0x0000017d9303ace0 GCTaskThread "GC Thread#5" [stack: 0x0000005d0c500000,0x0000005d0c600000] [id=2156]

Threads with active compile tasks:
C2 CompilerThread0     2996 4081       4       java.io.WinNTFileSystem::normalize (143 bytes)
C2 CompilerThread1     2996 3969       4       org.lombokweb.asm.ClassReader::readMethod (1066 bytes)

VM state: not at safepoint (normal execution)

VM Mutex/Monitor currently owned by a thread: None

Heap address: 0x00000000c0000000, size: 1024 MB, Compressed Oops mode: 32-bit

CDS archive(s) not mapped
Compressed class space mapped at: 0x0000000100000000-0x0000000140000000, reserved size: 1073741824
Narrow klass base: 0x0000000000000000, Narrow klass shift: 3, Narrow klass range: 0x140000000

GC Precious Log:
 CPUs: 6 total, 6 available
 Memory: 12158M
 Large Page Support: Disabled
 NUMA Support: Disabled
 Compressed Oops: Enabled (32-bit)
 Alignments: Space 512K, Generation 512K, Heap 2M
 Heap Min Capacity: 100M
 Heap Initial Capacity: 100M
 Heap Max Capacity: 1G
 Pre-touch: Disabled
 Parallel Workers: 6

Heap:
 PSYoungGen      total 25088K, used 5250K [0x00000000eab00000, 0x00000000ec780000, 0x0000000100000000)
  eden space 23040K, 14% used [0x00000000eab00000,0x00000000eae543e0,0x00000000ec180000)
  from space 2048K, 89% used [0x00000000ec580000,0x00000000ec74c658,0x00000000ec780000)
  to   space 2048K, 0% used [0x00000000ec380000,0x00000000ec380000,0x00000000ec580000)
 ParOldGen       total 68608K, used 14379K [0x00000000c0000000, 0x00000000c4300000, 0x00000000eab00000)
  object space 68608K, 20% used [0x00000000c0000000,0x00000000c0e0ad30,0x00000000c4300000)
 Metaspace       used 34445K, committed 35264K, reserved 1114112K
  class space    used 3376K, committed 3776K, reserved 1048576K

Card table byte_map: [0x0000017df7ab0000,0x0000017df7cc0000] _byte_map_base: 0x0000017df74b0000

Marking Bits: (ParMarkBitMap*) 0x00007ffc98dad7d0
 Begin Bits: [0x0000017dfaea0000, 0x0000017dfbea0000)
 End Bits:   [0x0000017dfbea0000, 0x0000017dfcea0000)

Polling page: 0x0000017df5fe0000

Metaspace:

Usage:
  Non-class:     30.34 MB used.
      Class:      3.30 MB used.
       Both:     33.64 MB used.

Virtual space:
  Non-class space:       64.00 MB reserved,      30.75 MB ( 48%) committed,  1 nodes.
      Class space:        1.00 GB reserved,       3.69 MB ( <1%) committed,  1 nodes.
             Both:        1.06 GB reserved,      34.44 MB (  3%) committed. 

Chunk freelists:
   Non-Class:  336.00 KB
       Class:  12.36 MB
        Both:  12.69 MB

MaxMetaspaceSize: unlimited
CompressedClassSpaceSize: 1.00 GB
Initial GC threshold: 21.00 MB
Current GC threshold: 35.00 MB
CDS: off
MetaspaceReclaimPolicy: balanced
 - commit_granule_bytes: 65536.
 - commit_granule_words: 8192.
 - virtual_space_node_default_size: 8388608.
 - enlarge_chunks_in_place: 1.
 - new_chunks_are_fully_committed: 0.
 - uncommit_free_chunks: 1.
 - use_allocation_guard: 0.
 - handle_deallocations: 1.


Internal statistics:

num_allocs_failed_limit: 3.
num_arena_births: 580.
num_arena_deaths: 0.
num_vsnodes_births: 2.
num_vsnodes_deaths: 0.
num_space_committed: 551.
num_space_uncommitted: 0.
num_chunks_returned_to_freelist: 3.
num_chunks_taken_from_freelist: 1707.
num_chunk_merges: 3.
num_chunk_splits: 1073.
num_chunks_enlarged: 641.
num_inconsistent_stats: 0.

CodeHeap 'non-profiled nmethods': size=120000Kb used=1793Kb max_used=1793Kb free=118206Kb
 bounds [0x0000017d87ad0000, 0x0000017d87d40000, 0x0000017d8f000000]
CodeHeap 'profiled nmethods': size=120000Kb used=8911Kb max_used=8911Kb free=111088Kb
 bounds [0x0000017d80000000, 0x0000017d808c0000, 0x0000017d87530000]
CodeHeap 'non-nmethods': size=5760Kb used=1249Kb max_used=1294Kb free=4510Kb
 bounds [0x0000017d87530000, 0x0000017d877a0000, 0x0000017d87ad0000]
 total_blobs=4710 nmethods=4141 adapters=482
 compilation: enabled
              stopped_count=0, restarted_count=0
 full_count=0

Compilation events (20 events):
Event: 2.941 Thread 0x0000017dfe746990 nmethod 4131 0x0000017d80894890 code [0x0000017d80894c60, 0x0000017d80896e78]
Event: 2.941 Thread 0x0000017dfe746990 4132       1       org.eclipse.core.internal.resources.Workspace::getMetaArea (5 bytes)
Event: 2.941 Thread 0x0000017dfe746990 nmethod 4132 0x0000017d87c8fd90 code [0x0000017d87c8ff20, 0x0000017d87c8fff8]
Event: 2.942 Thread 0x0000017dfe746990 4133       3       com.sun.org.apache.xerces.internal.utils.XMLSecurityManager::<init> (149 bytes)
Event: 2.943 Thread 0x0000017dfe746990 nmethod 4133 0x0000017d80897c10 code [0x0000017d80897ea0, 0x0000017d80898f68]
Event: 2.943 Thread 0x0000017dfe746990 4134       3       com.sun.org.apache.xerces.internal.dom.NodeImpl::needsSyncChildren (15 bytes)
Event: 2.943 Thread 0x0000017dfe746990 nmethod 4134 0x0000017d80899490 code [0x0000017d80899620, 0x0000017d80899798]
Event: 2.943 Thread 0x0000017dfe746990 4135       3       java.lang.invoke.LambdaForm$MH/0x000000010019a000::invoke (148 bytes)
Event: 2.944 Thread 0x0000017dfe746990 nmethod 4135 0x0000017d80899810 code [0x0000017d80899a80, 0x0000017d8089ab08]
Event: 2.944 Thread 0x0000017dfe746990 4136       2       java.util.HashSet::add (20 bytes)
Event: 2.944 Thread 0x0000017dfe746990 nmethod 4136 0x0000017d8089af90 code [0x0000017d8089b120, 0x0000017d8089b268]
Event: 2.946 Thread 0x0000017dfe746990 4137       3       org.eclipse.osgi.storage.bundlefile.MRUBundleFileList::removeInternal (37 bytes)
Event: 2.947 Thread 0x0000017dfe746990 nmethod 4137 0x0000017d8089b310 code [0x0000017d8089b4c0, 0x0000017d8089b898]
Event: 2.947 Thread 0x0000017dfe746990 4139   !   3       org.eclipse.osgi.storage.bundlefile.MRUBundleFileList::closeBundleFile (82 bytes)
Event: 2.950 Thread 0x0000017dfe746990 nmethod 4139 0x0000017d8089ba10 code [0x0000017d8089bce0, 0x0000017d8089c998]
Event: 2.950 Thread 0x0000017dfe746990 4138   !   3       org.eclipse.osgi.storage.bundlefile.MRUBundleFileList::isBackPressureNeeded (46 bytes)
Event: 2.950 Thread 0x0000017dfe746990 nmethod 4138 0x0000017d8089cf10 code [0x0000017d8089d140, 0x0000017d8089dac8]
Event: 2.954 Thread 0x0000017dfe746990 4140       3       org.apache.aries.spifly.BaseActivator::getAllHeaders (189 bytes)
Event: 2.961 Thread 0x0000017dfe746990 nmethod 4140 0x0000017d8089de90 code [0x0000017d8089e2e0, 0x0000017d808a08f8]
Event: 2.968 Thread 0x0000017dfe746990 4141       3       java.io.RandomAccessFile::<init> (8 bytes)

GC Heap History (20 events):
Event: 1.001 GC heap before
{Heap before GC invocations=2 (full 0):
 PSYoungGen      total 29696K, used 28756K [0x00000000eab00000, 0x00000000ecc00000, 0x0000000100000000)
  eden space 25600K, 100% used [0x00000000eab00000,0x00000000ec400000,0x00000000ec400000)
  from space 4096K, 77% used [0x00000000ec400000,0x00000000ec715278,0x00000000ec800000)
  to   space 4096K, 0% used [0x00000000ec800000,0x00000000ec800000,0x00000000ecc00000)
 ParOldGen       total 68608K, used 16K [0x00000000c0000000, 0x00000000c4300000, 0x00000000eab00000)
  object space 68608K, 0% used [0x00000000c0000000,0x00000000c0004000,0x00000000c4300000)
 Metaspace       used 14647K, committed 14912K, reserved 1114112K
  class space    used 1466K, committed 1600K, reserved 1048576K
}
Event: 1.005 GC heap after
{Heap after GC invocations=2 (full 0):
 PSYoungGen      total 29696K, used 4083K [0x00000000eab00000, 0x00000000ecc00000, 0x0000000100000000)
  eden space 25600K, 0% used [0x00000000eab00000,0x00000000eab00000,0x00000000ec400000)
  from space 4096K, 99% used [0x00000000ec800000,0x00000000ecbfcdd8,0x00000000ecc00000)
  to   space 4096K, 0% used [0x00000000ec400000,0x00000000ec400000,0x00000000ec800000)
 ParOldGen       total 68608K, used 1484K [0x00000000c0000000, 0x00000000c4300000, 0x00000000eab00000)
  object space 68608K, 2% used [0x00000000c0000000,0x00000000c01733a8,0x00000000c4300000)
 Metaspace       used 14647K, committed 14912K, reserved 1114112K
  class space    used 1466K, committed 1600K, reserved 1048576K
}
Event: 1.315 GC heap before
{Heap before GC invocations=3 (full 0):
 PSYoungGen      total 29696K, used 29683K [0x00000000eab00000, 0x00000000ecc00000, 0x0000000100000000)
  eden space 25600K, 100% used [0x00000000eab00000,0x00000000ec400000,0x00000000ec400000)
  from space 4096K, 99% used [0x00000000ec800000,0x00000000ecbfcdd8,0x00000000ecc00000)
  to   space 4096K, 0% used [0x00000000ec400000,0x00000000ec400000,0x00000000ec800000)
 ParOldGen       total 68608K, used 1484K [0x00000000c0000000, 0x00000000c4300000, 0x00000000eab00000)
  object space 68608K, 2% used [0x00000000c0000000,0x00000000c01733a8,0x00000000c4300000)
 Metaspace       used 16195K, committed 16448K, reserved 1114112K
  class space    used 1624K, committed 1728K, reserved 1048576K
}
Event: 1.322 GC heap after
{Heap after GC invocations=3 (full 0):
 PSYoungGen      total 29696K, used 4085K [0x00000000eab00000, 0x00000000ecc00000, 0x0000000100000000)
  eden space 25600K, 0% used [0x00000000eab00000,0x00000000eab00000,0x00000000ec400000)
  from space 4096K, 99% used [0x00000000ec400000,0x00000000ec7fd418,0x00000000ec800000)
  to   space 4096K, 0% used [0x00000000ec800000,0x00000000ec800000,0x00000000ecc00000)
 ParOldGen       total 68608K, used 5260K [0x00000000c0000000, 0x00000000c4300000, 0x00000000eab00000)
  object space 68608K, 7% used [0x00000000c0000000,0x00000000c0523050,0x00000000c4300000)
 Metaspace       used 16195K, committed 16448K, reserved 1114112K
  class space    used 1624K, committed 1728K, reserved 1048576K
}
Event: 1.727 GC heap before
{Heap before GC invocations=4 (full 0):
 PSYoungGen      total 29696K, used 29652K [0x00000000eab00000, 0x00000000ecc00000, 0x0000000100000000)
  eden space 25600K, 99% used [0x00000000eab00000,0x00000000ec3f7c90,0x00000000ec400000)
  from space 4096K, 99% used [0x00000000ec400000,0x00000000ec7fd418,0x00000000ec800000)
  to   space 4096K, 0% used [0x00000000ec800000,0x00000000ec800000,0x00000000ecc00000)
 ParOldGen       total 68608K, used 5260K [0x00000000c0000000, 0x00000000c4300000, 0x00000000eab00000)
  object space 68608K, 7% used [0x00000000c0000000,0x00000000c0523050,0x00000000c4300000)
 Metaspace       used 19647K, committed 20032K, reserved 1114112K
  class space    used 1984K, committed 2176K, reserved 1048576K
}
Event: 1.730 GC heap after
{Heap after GC invocations=4 (full 0):
 PSYoungGen      total 29696K, used 4091K [0x00000000eab00000, 0x00000000ecc00000, 0x0000000100000000)
  eden space 25600K, 0% used [0x00000000eab00000,0x00000000eab00000,0x00000000ec400000)
  from space 4096K, 99% used [0x00000000ec800000,0x00000000ecbfecc8,0x00000000ecc00000)
  to   space 4096K, 0% used [0x00000000ec400000,0x00000000ec400000,0x00000000ec800000)
 ParOldGen       total 68608K, used 6478K [0x00000000c0000000, 0x00000000c4300000, 0x00000000eab00000)
  object space 68608K, 9% used [0x00000000c0000000,0x00000000c0653b08,0x00000000c4300000)
 Metaspace       used 19647K, committed 20032K, reserved 1114112K
  class space    used 1984K, committed 2176K, reserved 1048576K
}
Event: 1.818 GC heap before
{Heap before GC invocations=5 (full 0):
 PSYoungGen      total 29696K, used 11509K [0x00000000eab00000, 0x00000000ecc00000, 0x0000000100000000)
  eden space 25600K, 28% used [0x00000000eab00000,0x00000000eb23e9e0,0x00000000ec400000)
  from space 4096K, 99% used [0x00000000ec800000,0x00000000ecbfecc8,0x00000000ecc00000)
  to   space 4096K, 0% used [0x00000000ec400000,0x00000000ec400000,0x00000000ec800000)
 ParOldGen       total 68608K, used 6478K [0x00000000c0000000, 0x00000000c4300000, 0x00000000eab00000)
  object space 68608K, 9% used [0x00000000c0000000,0x00000000c0653b08,0x00000000c4300000)
 Metaspace       used 21094K, committed 21504K, reserved 1114112K
  class space    used 2113K, committed 2304K, reserved 1048576K
}
Event: 1.820 GC heap after
{Heap after GC invocations=5 (full 0):
 PSYoungGen      total 29696K, used 4065K [0x00000000eab00000, 0x00000000ece00000, 0x0000000100000000)
  eden space 25600K, 0% used [0x00000000eab00000,0x00000000eab00000,0x00000000ec400000)
  from space 4096K, 99% used [0x00000000ec400000,0x00000000ec7f8678,0x00000000ec800000)
  to   space 5120K, 0% used [0x00000000ec900000,0x00000000ec900000,0x00000000ece00000)
 ParOldGen       total 68608K, used 6714K [0x00000000c0000000, 0x00000000c4300000, 0x00000000eab00000)
  object space 68608K, 9% used [0x00000000c0000000,0x00000000c068ea48,0x00000000c4300000)
 Metaspace       used 21094K, committed 21504K, reserved 1114112K
  class space    used 2113K, committed 2304K, reserved 1048576K
}
Event: 1.820 GC heap before
{Heap before GC invocations=6 (full 1):
 PSYoungGen      total 29696K, used 4065K [0x00000000eab00000, 0x00000000ece00000, 0x0000000100000000)
  eden space 25600K, 0% used [0x00000000eab00000,0x00000000eab00000,0x00000000ec400000)
  from space 4096K, 99% used [0x00000000ec400000,0x00000000ec7f8678,0x00000000ec800000)
  to   space 5120K, 0% used [0x00000000ec900000,0x00000000ec900000,0x00000000ece00000)
 ParOldGen       total 68608K, used 6714K [0x00000000c0000000, 0x00000000c4300000, 0x00000000eab00000)
  object space 68608K, 9% used [0x00000000c0000000,0x00000000c068ea48,0x00000000c4300000)
 Metaspace       used 21094K, committed 21504K, reserved 1114112K
  class space    used 2113K, committed 2304K, reserved 1048576K
}
Event: 1.837 GC heap after
{Heap after GC invocations=6 (full 1):
 PSYoungGen      total 29696K, used 0K [0x00000000eab00000, 0x00000000ece00000, 0x0000000100000000)
  eden space 25600K, 0% used [0x00000000eab00000,0x00000000eab00000,0x00000000ec400000)
  from space 4096K, 0% used [0x00000000ec400000,0x00000000ec400000,0x00000000ec800000)
  to   space 5120K, 0% used [0x00000000ec900000,0x00000000ec900000,0x00000000ece00000)
 ParOldGen       total 68608K, used 10447K [0x00000000c0000000, 0x00000000c4300000, 0x00000000eab00000)
  object space 68608K, 15% used [0x00000000c0000000,0x00000000c0a33dc8,0x00000000c4300000)
 Metaspace       used 21094K, committed 21504K, reserved 1114112K
  class space    used 2113K, committed 2304K, reserved 1048576K
}
Event: 2.266 GC heap before
{Heap before GC invocations=7 (full 1):
 PSYoungGen      total 29696K, used 25600K [0x00000000eab00000, 0x00000000ece00000, 0x0000000100000000)
  eden space 25600K, 100% used [0x00000000eab00000,0x00000000ec400000,0x00000000ec400000)
  from space 4096K, 0% used [0x00000000ec400000,0x00000000ec400000,0x00000000ec800000)
  to   space 5120K, 0% used [0x00000000ec900000,0x00000000ec900000,0x00000000ece00000)
 ParOldGen       total 68608K, used 10447K [0x00000000c0000000, 0x00000000c4300000, 0x00000000eab00000)
  object space 68608K, 15% used [0x00000000c0000000,0x00000000c0a33dc8,0x00000000c4300000)
 Metaspace       used 24450K, committed 24960K, reserved 1114112K
  class space    used 2471K, committed 2688K, reserved 1048576K
}
Event: 2.267 GC heap after
{Heap after GC invocations=7 (full 1):
 PSYoungGen      total 26624K, used 1509K [0x00000000eab00000, 0x00000000eca80000, 0x0000000100000000)
  eden space 25088K, 0% used [0x00000000eab00000,0x00000000eab00000,0x00000000ec380000)
  from space 1536K, 98% used [0x00000000ec900000,0x00000000eca79690,0x00000000eca80000)
  to   space 3072K, 0% used [0x00000000ec480000,0x00000000ec480000,0x00000000ec780000)
 ParOldGen       total 68608K, used 10455K [0x00000000c0000000, 0x00000000c4300000, 0x00000000eab00000)
  object space 68608K, 15% used [0x00000000c0000000,0x00000000c0a35dc8,0x00000000c4300000)
 Metaspace       used 24450K, committed 24960K, reserved 1114112K
  class space    used 2471K, committed 2688K, reserved 1048576K
}
Event: 2.536 GC heap before
{Heap before GC invocations=8 (full 1):
 PSYoungGen      total 26624K, used 26597K [0x00000000eab00000, 0x00000000eca80000, 0x0000000100000000)
  eden space 25088K, 100% used [0x00000000eab00000,0x00000000ec380000,0x00000000ec380000)
  from space 1536K, 98% used [0x00000000ec900000,0x00000000eca79690,0x00000000eca80000)
  to   space 3072K, 0% used [0x00000000ec480000,0x00000000ec480000,0x00000000ec780000)
 ParOldGen       total 68608K, used 10455K [0x00000000c0000000, 0x00000000c4300000, 0x00000000eab00000)
  object space 68608K, 15% used [0x00000000c0000000,0x00000000c0a35dc8,0x00000000c4300000)
 Metaspace       used 27219K, committed 27968K, reserved 1114112K
  class space    used 2802K, committed 3136K, reserved 1048576K
}
Event: 2.538 GC heap after
{Heap after GC invocations=8 (full 1):
 PSYoungGen      total 27648K, used 2961K [0x00000000eab00000, 0x00000000eca00000, 0x0000000100000000)
  eden space 24576K, 0% used [0x00000000eab00000,0x00000000eab00000,0x00000000ec300000)
  from space 3072K, 96% used [0x00000000ec480000,0x00000000ec764698,0x00000000ec780000)
  to   space 2560K, 0% used [0x00000000ec780000,0x00000000ec780000,0x00000000eca00000)
 ParOldGen       total 68608K, used 10463K [0x00000000c0000000, 0x00000000c4300000, 0x00000000eab00000)
  object space 68608K, 15% used [0x00000000c0000000,0x00000000c0a37dc8,0x00000000c4300000)
 Metaspace       used 27219K, committed 27968K, reserved 1114112K
  class space    used 2802K, committed 3136K, reserved 1048576K
}
Event: 2.652 GC heap before
{Heap before GC invocations=9 (full 1):
 PSYoungGen      total 27648K, used 27537K [0x00000000eab00000, 0x00000000eca00000, 0x0000000100000000)
  eden space 24576K, 100% used [0x00000000eab00000,0x00000000ec300000,0x00000000ec300000)
  from space 3072K, 96% used [0x00000000ec480000,0x00000000ec764698,0x00000000ec780000)
  to   space 2560K, 0% used [0x00000000ec780000,0x00000000ec780000,0x00000000eca00000)
 ParOldGen       total 68608K, used 10463K [0x00000000c0000000, 0x00000000c4300000, 0x00000000eab00000)
  object space 68608K, 15% used [0x00000000c0000000,0x00000000c0a37dc8,0x00000000c4300000)
 Metaspace       used 29331K, committed 30080K, reserved 1114112K
  class space    used 2954K, committed 3264K, reserved 1048576K
}
Event: 2.654 GC heap after
{Heap after GC invocations=9 (full 1):
 PSYoungGen      total 26624K, used 2552K [0x00000000eab00000, 0x00000000eca00000, 0x0000000100000000)
  eden space 24064K, 0% used [0x00000000eab00000,0x00000000eab00000,0x00000000ec280000)
  from space 2560K, 99% used [0x00000000ec780000,0x00000000ec9fe078,0x00000000eca00000)
  to   space 3584K, 0% used [0x00000000ec300000,0x00000000ec300000,0x00000000ec680000)
 ParOldGen       total 68608K, used 11107K [0x00000000c0000000, 0x00000000c4300000, 0x00000000eab00000)
  object space 68608K, 16% used [0x00000000c0000000,0x00000000c0ad8e08,0x00000000c4300000)
 Metaspace       used 29331K, committed 30080K, reserved 1114112K
  class space    used 2954K, committed 3264K, reserved 1048576K
}
Event: 2.809 GC heap before
{Heap before GC invocations=10 (full 1):
 PSYoungGen      total 26624K, used 26616K [0x00000000eab00000, 0x00000000eca00000, 0x0000000100000000)
  eden space 24064K, 100% used [0x00000000eab00000,0x00000000ec280000,0x00000000ec280000)
  from space 2560K, 99% used [0x00000000ec780000,0x00000000ec9fe078,0x00000000eca00000)
  to   space 3584K, 0% used [0x00000000ec300000,0x00000000ec300000,0x00000000ec680000)
 ParOldGen       total 68608K, used 11107K [0x00000000c0000000, 0x00000000c4300000, 0x00000000eab00000)
  object space 68608K, 16% used [0x00000000c0000000,0x00000000c0ad8e08,0x00000000c4300000)
 Metaspace       used 32702K, committed 33472K, reserved 1114112K
  class space    used 3225K, committed 3584K, reserved 1048576K
}
Event: 2.811 GC heap after
{Heap after GC invocations=10 (full 1):
 PSYoungGen      total 25600K, used 2021K [0x00000000eab00000, 0x00000000ec800000, 0x0000000100000000)
  eden space 23552K, 0% used [0x00000000eab00000,0x00000000eab00000,0x00000000ec200000)
  from space 2048K, 98% used [0x00000000ec300000,0x00000000ec4f9408,0x00000000ec500000)
  to   space 2560K, 0% used [0x00000000ec580000,0x00000000ec580000,0x00000000ec800000)
 ParOldGen       total 68608K, used 11859K [0x00000000c0000000, 0x00000000c4300000, 0x00000000eab00000)
  object space 68608K, 17% used [0x00000000c0000000,0x00000000c0b94d00,0x00000000c4300000)
 Metaspace       used 32702K, committed 33472K, reserved 1114112K
  class space    used 3225K, committed 3584K, reserved 1048576K
}
Event: 2.947 GC heap before
{Heap before GC invocations=11 (full 1):
 PSYoungGen      total 25600K, used 25573K [0x00000000eab00000, 0x00000000ec800000, 0x0000000100000000)
  eden space 23552K, 100% used [0x00000000eab00000,0x00000000ec200000,0x00000000ec200000)
  from space 2048K, 98% used [0x00000000ec300000,0x00000000ec4f9408,0x00000000ec500000)
  to   space 2560K, 0% used [0x00000000ec580000,0x00000000ec580000,0x00000000ec800000)
 ParOldGen       total 68608K, used 11859K [0x00000000c0000000, 0x00000000c4300000, 0x00000000eab00000)
  object space 68608K, 17% used [0x00000000c0000000,0x00000000c0b94d00,0x00000000c4300000)
 Metaspace       used 34084K, committed 34880K, reserved 1114112K
  class space    used 3327K, committed 3712K, reserved 1048576K
}
Event: 2.949 GC heap after
{Heap after GC invocations=11 (full 1):
 PSYoungGen      total 25088K, used 1841K [0x00000000eab00000, 0x00000000ec780000, 0x0000000100000000)
  eden space 23040K, 0% used [0x00000000eab00000,0x00000000eab00000,0x00000000ec180000)
  from space 2048K, 89% used [0x00000000ec580000,0x00000000ec74c658,0x00000000ec780000)
  to   space 2048K, 0% used [0x00000000ec380000,0x00000000ec380000,0x00000000ec580000)
 ParOldGen       total 68608K, used 14379K [0x00000000c0000000, 0x00000000c4300000, 0x00000000eab00000)
  object space 68608K, 20% used [0x00000000c0000000,0x00000000c0e0ad30,0x00000000c4300000)
 Metaspace       used 34084K, committed 34880K, reserved 1114112K
  class space    used 3327K, committed 3712K, reserved 1048576K
}

Dll operation events (9 events):
Event: 0.006 Loaded shared library c:\Users\Usuario\.vscode\extensions\redhat.java-1.30.0-win32-x64\jre\17.0.10-win32-x86_64\bin\java.dll
Event: 0.108 Loaded shared library c:\Users\Usuario\.vscode\extensions\redhat.java-1.30.0-win32-x64\jre\17.0.10-win32-x86_64\bin\zip.dll
Event: 0.110 Loaded shared library C:\Users\Usuario\.vscode\extensions\redhat.java-1.30.0-win32-x64\jre\17.0.10-win32-x86_64\bin\instrument.dll
Event: 0.121 Loaded shared library C:\Users\Usuario\.vscode\extensions\redhat.java-1.30.0-win32-x64\jre\17.0.10-win32-x86_64\bin\net.dll
Event: 0.122 Loaded shared library C:\Users\Usuario\.vscode\extensions\redhat.java-1.30.0-win32-x64\jre\17.0.10-win32-x86_64\bin\nio.dll
Event: 0.127 Loaded shared library C:\Users\Usuario\.vscode\extensions\redhat.java-1.30.0-win32-x64\jre\17.0.10-win32-x86_64\bin\zip.dll
Event: 0.139 Loaded shared library C:\Users\Usuario\.vscode\extensions\redhat.java-1.30.0-win32-x64\jre\17.0.10-win32-x86_64\bin\jimage.dll
Event: 0.177 Loaded shared library c:\Users\Usuario\.vscode\extensions\redhat.java-1.30.0-win32-x64\jre\17.0.10-win32-x86_64\bin\verify.dll
Event: 0.915 Loaded shared library C:\Users\Usuario\AppData\Roaming\Code\User\globalStorage\redhat.java\1.30.0\config_win\org.eclipse.equinox.launcher\org.eclipse.equinox.launcher.win32.win32.x86_64_1.2.900.v20240213-1244\eclipse_11900.dll

Deoptimization events (20 events):
Event: 2.902 Thread 0x0000017d93306b70 Uncommon trap: trap_request=0xffffffc6 fr.pc=0x0000017d87b626d4 relative=0x0000000000000994
Event: 2.902 Thread 0x0000017d93306b70 Uncommon trap: reason=bimorphic_or_optimized_type_check action=maybe_recompile pc=0x0000017d87b626d4 method=java.util.HashMap.putVal(ILjava/lang/Object;Ljava/lang/Object;ZZ)Ljava/lang/Object; @ 56 c2
Event: 2.902 Thread 0x0000017d93306b70 DEOPT PACKING pc=0x0000017d87b626d4 sp=0x0000005d0c8f9cf0
Event: 2.902 Thread 0x0000017d93306b70 DEOPT UNPACKING pc=0x0000017d875866a3 sp=0x0000005d0c8f9c48 mode 2
Event: 2.902 Thread 0x0000017d93306b70 Uncommon trap: trap_request=0xffffffc6 fr.pc=0x0000017d87b6275c relative=0x0000000000000a1c
Event: 2.902 Thread 0x0000017d93306b70 Uncommon trap: reason=bimorphic_or_optimized_type_check action=maybe_recompile pc=0x0000017d87b6275c method=java.util.HashMap.putVal(ILjava/lang/Object;Ljava/lang/Object;ZZ)Ljava/lang/Object; @ 253 c2
Event: 2.902 Thread 0x0000017d93306b70 DEOPT PACKING pc=0x0000017d87b6275c sp=0x0000005d0c8f9c40
Event: 2.902 Thread 0x0000017d93306b70 DEOPT UNPACKING pc=0x0000017d875866a3 sp=0x0000005d0c8f9bc0 mode 2
Event: 2.930 Thread 0x0000017d93306b70 DEOPT PACKING pc=0x0000017d80445208 sp=0x0000005d0c8f9d80
Event: 2.930 Thread 0x0000017d93306b70 DEOPT UNPACKING pc=0x0000017d87586e43 sp=0x0000005d0c8f9288 mode 0
Event: 2.936 Thread 0x0000017d93306b70 DEOPT PACKING pc=0x0000017d80445208 sp=0x0000005d0c8f9eb0
Event: 2.936 Thread 0x0000017d93306b70 DEOPT UNPACKING pc=0x0000017d87586e43 sp=0x0000005d0c8f93b8 mode 0
Event: 2.937 Thread 0x0000017d93306b70 DEOPT PACKING pc=0x0000017d80445208 sp=0x0000005d0c8f9e30
Event: 2.937 Thread 0x0000017d93306b70 DEOPT UNPACKING pc=0x0000017d87586e43 sp=0x0000005d0c8f9338 mode 0
Event: 2.938 Thread 0x0000017d93306b70 DEOPT PACKING pc=0x0000017d80445208 sp=0x0000005d0c8f9e50
Event: 2.938 Thread 0x0000017d93306b70 DEOPT UNPACKING pc=0x0000017d87586e43 sp=0x0000005d0c8f9358 mode 0
Event: 2.940 Thread 0x0000017d93306b70 DEOPT PACKING pc=0x0000017d80445208 sp=0x0000005d0c8f9e50
Event: 2.940 Thread 0x0000017d93306b70 DEOPT UNPACKING pc=0x0000017d87586e43 sp=0x0000005d0c8f9358 mode 0
Event: 2.941 Thread 0x0000017d93306b70 DEOPT PACKING pc=0x0000017d80445208 sp=0x0000005d0c8f9e30
Event: 2.941 Thread 0x0000017d93306b70 DEOPT UNPACKING pc=0x0000017d87586e43 sp=0x0000005d0c8f9338 mode 0

Classes unloaded (0 events):
No events

Classes redefined (0 events):
No events

Internal exceptions (20 events):
Event: 2.488 Thread 0x0000017d93306b70 Exception <a 'java/lang/NoSuchMethodError'{0x00000000ebfdaed8}: 'java.lang.Object java.lang.invoke.Invokers$Holder.invoke_MT(java.lang.Object, java.lang.Object, java.lang.Object, java.lang.Object, java.lang.Object, java.lang.Object, java.lang.Object, java.lang.Object, java.lang.Object, java.lang.Object, java.lang.Object)'> (0x00000000ebfdaed8) 
thrown [s\src\hotspot\share\interpreter\linkResolver.cpp, line 759]
Event: 2.496 Thread 0x0000017d93306b70 Exception <a 'java/lang/NoSuchMethodError'{0x00000000ec06f008}: 'java.lang.Object java.lang.invoke.DirectMethodHandle$Holder.invokeSpecial(java.lang.Object, java.lang.Object, java.lang.Object, java.lang.Object, java.lang.Object, java.lang.Object, java.lang.Object, java.lang.Object, java.lang.Object, java.lang.Object)'> (0x00000000ec06f008) 
thrown [s\src\hotspot\share\interpreter\linkResolver.cpp, line 759]
Event: 2.496 Thread 0x0000017d93306b70 Exception <a 'java/lang/NoSuchMethodError'{0x00000000ec074258}: 'java.lang.Object java.lang.invoke.Invokers$Holder.invoke_MT(java.lang.Object, java.lang.Object, java.lang.Object, java.lang.Object, java.lang.Object, java.lang.Object, java.lang.Object, java.lang.Object, java.lang.Object, java.lang.Object)'> (0x00000000ec074258) 
thrown [s\src\hotspot\share\interpreter\linkResolver.cpp, line 759]
Event: 2.506 Thread 0x0000017d93306b70 Exception <a 'java/lang/NoSuchMethodError'{0x00000000ec11ba40}: 'java.lang.Object java.lang.invoke.DirectMethodHandle$Holder.newInvokeSpecial(java.lang.Object, java.lang.Object, java.lang.Object, java.lang.Object, java.lang.Object, java.lang.Object, java.lang.Object)'> (0x00000000ec11ba40) 
thrown [s\src\hotspot\share\interpreter\linkResolver.cpp, line 759]
Event: 2.512 Thread 0x0000017d93306b70 Exception <a 'java/lang/NoSuchMethodError'{0x00000000ec189740}: 'java.lang.Object java.lang.invoke.DirectMethodHandle$Holder.invokeSpecial(java.lang.Object, java.lang.Object, java.lang.Object, java.lang.Object, java.lang.Object, java.lang.Object, java.lang.Object, java.lang.Object, java.lang.Object, java.lang.Object, java.lang.Object, java.lang.Object, java.lang.Object)'> (0x00000000ec189740) 
thrown [s\src\hotspot\share\interpreter\linkResolver.cpp, line 759]
Event: 2.512 Thread 0x0000017d93306b70 Exception <a 'java/lang/NoSuchMethodError'{0x00000000ec18f270}: 'java.lang.Object java.lang.invoke.Invokers$Holder.invoker(java.lang.Object, java.lang.Object, java.lang.Object, java.lang.Object, java.lang.Object, java.lang.Object, java.lang.Object, java.lang.Object, java.lang.Object, java.lang.Object, java.lang.Object, java.lang.Object, java.lang.Object)'> (0x00000000ec18f270) 
thrown [s\src\hotspot\share\interpreter\linkResolver.cpp, line 759]
Event: 2.513 Thread 0x0000017d93306b70 Exception <a 'java/lang/NoSuchMethodError'{0x00000000ec195f70}: 'java.lang.Object java.lang.invoke.DirectMethodHandle$Holder.invokeSpecial(java.lang.Object, java.lang.Object, java.lang.Object, java.lang.Object, java.lang.Object, java.lang.Object, java.lang.Object, java.lang.Object, java.lang.Object, java.lang.Object, java.lang.Object, java.lang.Object, java.lang.Object, java.lang.Object)'> (0x00000000ec195f70) 
thrown [s\src\hotspot\share\interpreter\linkResolver.cpp, line 759]
Event: 2.518 Thread 0x0000017d93306b70 Exception <a 'java/lang/NoSuchMethodError'{0x00000000ec2020b8}: static Lorg/eclipse/m2e/core/internal/lifecyclemapping/model/PluginExecutionMetadata;.<clinit>()V> (0x00000000ec2020b8) 
thrown [s\src\hotspot\share\prims\jni.cpp, line 1107]
Event: 2.524 Thread 0x0000017d93306b70 Exception <a 'java/lang/NoSuchMethodError'{0x00000000ec263df8}: static Lorg/eclipse/m2e/core/internal/lifecyclemapping/model/PluginExecutionFilter;.<clinit>()V> (0x00000000ec263df8) 
thrown [s\src\hotspot\share\prims\jni.cpp, line 1107]
Event: 2.527 Thread 0x0000017d93306b70 Exception <a 'java/lang/NoSuchMethodError'{0x00000000ec2a0eb0}: static Lorg/eclipse/m2e/core/internal/project/registry/MavenProjectFacade$MavenProjectConfiguration;.<clinit>()V> (0x00000000ec2a0eb0) 
thrown [s\src\hotspot\share\prims\jni.cpp, line 1107]
Event: 2.576 Thread 0x0000017d93562f90 Exception <a 'java/lang/NoSuchMethodError'{0x00000000eb028320}: 'java.lang.Object java.lang.invoke.DirectMethodHandle$Holder.newInvokeSpecial(java.lang.Object, java.lang.Object, java.lang.Object, int)'> (0x00000000eb028320) 
thrown [s\src\hotspot\share\interpreter\linkResolver.cpp, line 759]
Event: 2.576 Thread 0x0000017d93562f90 Exception <a 'java/lang/NoSuchMethodError'{0x00000000eb02c670}: 'java.lang.Object java.lang.invoke.DirectMethodHandle$Holder.invokeSpecial(java.lang.Object, java.lang.Object, java.lang.Object, java.lang.Object, int)'> (0x00000000eb02c670) 
thrown [s\src\hotspot\share\interpreter\linkResolver.cpp, line 759]
Event: 2.576 Thread 0x0000017d93562f90 Exception <a 'java/lang/NoSuchMethodError'{0x00000000eb02fd78}: 'java.lang.Object java.lang.invoke.Invokers$Holder.linkToTargetMethod(java.lang.Object, java.lang.Object, int, java.lang.Object)'> (0x00000000eb02fd78) 
thrown [s\src\hotspot\share\interpreter\linkResolver.cpp, line 759]
Event: 2.633 Thread 0x0000017d93306b70 Exception <a 'java/io/FileNotFoundException'{0x00000000ebf757c0}> (0x00000000ebf757c0) 
thrown [s\src\hotspot\share\prims\jni.cpp, line 516]
Event: 2.633 Thread 0x0000017d93306b70 Exception <a 'java/io/FileNotFoundException'{0x00000000ebf76630}> (0x00000000ebf76630) 
thrown [s\src\hotspot\share\prims\jni.cpp, line 516]
Event: 2.633 Thread 0x0000017d93306b70 Exception <a 'java/io/FileNotFoundException'{0x00000000ebf775f0}> (0x00000000ebf775f0) 
thrown [s\src\hotspot\share\prims\jni.cpp, line 516]
Event: 2.831 Thread 0x0000017d93306b70 Exception <a 'java/lang/NoSuchMethodError'{0x00000000eb6fdbb8}: 'java.lang.Object java.lang.invoke.DirectMethodHandle$Holder.newInvokeSpecial(java.lang.Object, int, java.lang.Object, java.lang.Object)'> (0x00000000eb6fdbb8) 
thrown [s\src\hotspot\share\interpreter\linkResolver.cpp, line 759]
Event: 2.916 Thread 0x0000017d93306b70 Exception <a 'java/lang/ClassNotFoundException'{0x00000000ebf51f90}: com/sun/org/apache/xerces/internal/impl/msg/spi/DOMMessagesProvider> (0x00000000ebf51f90) 
thrown [s\src\hotspot\share\classfile\systemDictionary.cpp, line 256]
Event: 2.918 Thread 0x0000017d93306b70 Exception <a 'java/lang/ClassNotFoundException'{0x00000000ebf76828}: com/sun/org/apache/xerces/internal/impl/msg/spi/XMLSerializerMessagesProvider> (0x00000000ebf76828) 
thrown [s\src\hotspot\share\classfile\systemDictionary.cpp, line 256]
Event: 2.918 Thread 0x0000017d93306b70 Exception <a 'java/lang/ClassNotFoundException'{0x00000000ebf8ed68}: com/sun/org/apache/xerces/internal/impl/msg/spi/XMLMessagesProvider> (0x00000000ebf8ed68) 
thrown [s\src\hotspot\share\classfile\systemDictionary.cpp, line 256]

VM Operations (20 events):
Event: 2.182 Executing VM operation: HandshakeAllThreads
Event: 2.182 Executing VM operation: HandshakeAllThreads done
Event: 2.187 Executing VM operation: HandshakeAllThreads
Event: 2.187 Executing VM operation: HandshakeAllThreads done
Event: 2.265 Executing VM operation: ParallelGCFailedAllocation
Event: 2.267 Executing VM operation: ParallelGCFailedAllocation done
Event: 2.373 Executing VM operation: HandshakeAllThreads
Event: 2.373 Executing VM operation: HandshakeAllThreads done
Event: 2.452 Executing VM operation: HandshakeAllThreads
Event: 2.452 Executing VM operation: HandshakeAllThreads done
Event: 2.536 Executing VM operation: ParallelGCFailedAllocation
Event: 2.538 Executing VM operation: ParallelGCFailedAllocation done
Event: 2.652 Executing VM operation: ParallelGCFailedAllocation
Event: 2.654 Executing VM operation: ParallelGCFailedAllocation done
Event: 2.809 Executing VM operation: ParallelGCFailedAllocation
Event: 2.811 Executing VM operation: ParallelGCFailedAllocation done
Event: 2.898 Executing VM operation: HandshakeAllThreads
Event: 2.898 Executing VM operation: HandshakeAllThreads done
Event: 2.947 Executing VM operation: ParallelGCFailedAllocation
Event: 2.956 Executing VM operation: ParallelGCFailedAllocation done

Events (20 events):
Event: 2.918 loading class com/sun/org/apache/xerces/internal/impl/msg/XMLSerializerMessages_es_CO done
Event: 2.918 loading class com/sun/org/apache/xerces/internal/impl/msg/XMLSerializerMessages_es_CO
Event: 2.918 loading class com/sun/org/apache/xerces/internal/impl/msg/XMLSerializerMessages_es_CO done
Event: 2.918 loading class com/sun/org/apache/xerces/internal/impl/msg/XMLMessages
Event: 2.918 loading class com/sun/org/apache/xerces/internal/impl/msg/XMLMessages done
Event: 2.918 loading class com/sun/org/apache/xerces/internal/impl/msg/XMLMessages
Event: 2.918 loading class com/sun/org/apache/xerces/internal/impl/msg/XMLMessages done
Event: 2.920 loading class com/sun/org/apache/xerces/internal/impl/msg/XMLMessages_es
Event: 2.920 loading class com/sun/org/apache/xerces/internal/impl/msg/XMLMessages_es done
Event: 2.920 loading class com/sun/org/apache/xerces/internal/impl/msg/XMLMessages_es
Event: 2.920 loading class com/sun/org/apache/xerces/internal/impl/msg/XMLMessages_es done
Event: 2.921 loading class com/sun/org/apache/xerces/internal/impl/msg/XMLMessages_es_CO
Event: 2.921 loading class com/sun/org/apache/xerces/internal/impl/msg/XMLMessages_es_CO done
Event: 2.921 loading class com/sun/org/apache/xerces/internal/impl/msg/XMLMessages_es_CO
Event: 2.921 loading class com/sun/org/apache/xerces/internal/impl/msg/XMLMessages_es_CO done
Event: 2.946 Thread 0x0000017d93562060 Thread added: 0x0000017d93562060
Event: 2.972 loading class javax/xml/transform/TransformerException
Event: 2.973 loading class javax/xml/transform/TransformerException done
Event: 2.974 loading class javax/xml/parsers/FactoryConfigurationError
Event: 2.974 loading class javax/xml/parsers/FactoryConfigurationError done


Dynamic libraries:
0x00007ff6e4870000 - 0x00007ff6e487e000 	c:\Users\Usuario\.vscode\extensions\redhat.java-1.30.0-win32-x64\jre\17.0.10-win32-x86_64\bin\java.exe
0x00007ffcfcc10000 - 0x00007ffcfce08000 	C:\Windows\SYSTEM32\ntdll.dll
0x00007ffcfaf40000 - 0x00007ffcfaffd000 	C:\Windows\System32\KERNEL32.DLL
0x00007ffcfa2c0000 - 0x00007ffcfa5b6000 	C:\Windows\System32\KERNELBASE.dll
0x00007ffcfa810000 - 0x00007ffcfa910000 	C:\Windows\System32\ucrtbase.dll
0x00007ffc98e80000 - 0x00007ffc98e97000 	c:\Users\Usuario\.vscode\extensions\redhat.java-1.30.0-win32-x64\jre\17.0.10-win32-x86_64\bin\jli.dll
0x00007ffc9d3f0000 - 0x00007ffc9d40b000 	c:\Users\Usuario\.vscode\extensions\redhat.java-1.30.0-win32-x64\jre\17.0.10-win32-x86_64\bin\VCRUNTIME140.dll
0x00007ffcfc4a0000 - 0x00007ffcfc63e000 	C:\Windows\System32\USER32.dll
0x00007ffcf9730000 - 0x00007ffcf99ca000 	C:\Windows\WinSxS\amd64_microsoft.windows.common-controls_6595b64144ccf1df_6.0.19041.1110_none_60b5254171f9507e\COMCTL32.dll
0x00007ffcfa7e0000 - 0x00007ffcfa802000 	C:\Windows\System32\win32u.dll
0x00007ffcfc0f0000 - 0x00007ffcfc18e000 	C:\Windows\System32\msvcrt.dll
0x00007ffcfac50000 - 0x00007ffcfac7c000 	C:\Windows\System32\GDI32.dll
0x00007ffcfab20000 - 0x00007ffcfac3a000 	C:\Windows\System32\gdi32full.dll
0x00007ffcfa9a0000 - 0x00007ffcfaa3d000 	C:\Windows\System32\msvcp_win.dll
0x00007ffcfc0c0000 - 0x00007ffcfc0f0000 	C:\Windows\System32\IMM32.DLL
0x00007ffcd1440000 - 0x00007ffcd144c000 	c:\Users\Usuario\.vscode\extensions\redhat.java-1.30.0-win32-x64\jre\17.0.10-win32-x86_64\bin\vcruntime140_1.dll
0x00007ffc994d0000 - 0x00007ffc9955d000 	c:\Users\Usuario\.vscode\extensions\redhat.java-1.30.0-win32-x64\jre\17.0.10-win32-x86_64\bin\msvcp140.dll
0x00007ffc98210000 - 0x00007ffc98e72000 	c:\Users\Usuario\.vscode\extensions\redhat.java-1.30.0-win32-x64\jre\17.0.10-win32-x86_64\bin\server\jvm.dll
0x00007ffcfb2c0000 - 0x00007ffcfb36e000 	C:\Windows\System32\ADVAPI32.dll
0x00007ffcfb000000 - 0x00007ffcfb09c000 	C:\Windows\System32\sechost.dll
0x00007ffcfac80000 - 0x00007ffcfada6000 	C:\Windows\System32\RPCRT4.dll
0x00007ffcfa120000 - 0x00007ffcfa16b000 	C:\Windows\SYSTEM32\POWRPROF.dll
0x00007ffca02b0000 - 0x00007ffca02b9000 	C:\Windows\SYSTEM32\WSOCK32.dll
0x00007ffce2980000 - 0x00007ffce29a7000 	C:\Windows\SYSTEM32\WINMM.dll
0x00007ffcefe70000 - 0x00007ffcefe7a000 	C:\Windows\SYSTEM32\VERSION.dll
0x00007ffcfc6c0000 - 0x00007ffcfc72b000 	C:\Windows\System32\WS2_32.dll
0x00007ffcfa100000 - 0x00007ffcfa112000 	C:\Windows\SYSTEM32\UMPDC.dll
0x00007ffcf7b10000 - 0x00007ffcf7b22000 	C:\Windows\SYSTEM32\kernel.appcore.dll
0x00007ffca0af0000 - 0x00007ffca0afa000 	c:\Users\Usuario\.vscode\extensions\redhat.java-1.30.0-win32-x64\jre\17.0.10-win32-x86_64\bin\jimage.dll
0x00007ffcf9bd0000 - 0x00007ffcf9db4000 	C:\Windows\SYSTEM32\DBGHELP.DLL
0x00007ffcf99f0000 - 0x00007ffcf9a24000 	C:\Windows\SYSTEM32\dbgcore.DLL
0x00007ffcfa910000 - 0x00007ffcfa992000 	C:\Windows\System32\bcryptPrimitives.dll
0x00007ffc9e950000 - 0x00007ffc9e95e000 	c:\Users\Usuario\.vscode\extensions\redhat.java-1.30.0-win32-x64\jre\17.0.10-win32-x86_64\bin\instrument.dll
0x00007ffc995d0000 - 0x00007ffc995f5000 	c:\Users\Usuario\.vscode\extensions\redhat.java-1.30.0-win32-x64\jre\17.0.10-win32-x86_64\bin\java.dll
0x00007ffc995b0000 - 0x00007ffc995c8000 	c:\Users\Usuario\.vscode\extensions\redhat.java-1.30.0-win32-x64\jre\17.0.10-win32-x86_64\bin\zip.dll
0x00007ffcfb370000 - 0x00007ffcfbab4000 	C:\Windows\System32\SHELL32.dll
0x00007ffcf7d10000 - 0x00007ffcf84ab000 	C:\Windows\SYSTEM32\windows.storage.dll
0x00007ffcfbd60000 - 0x00007ffcfc0b4000 	C:\Windows\System32\combase.dll
0x00007ffcf9460000 - 0x00007ffcf948d000 	C:\Windows\SYSTEM32\Wldp.dll
0x00007ffcfbcb0000 - 0x00007ffcfbd5d000 	C:\Windows\System32\SHCORE.dll
0x00007ffcfc240000 - 0x00007ffcfc295000 	C:\Windows\System32\shlwapi.dll
0x00007ffcfa1f0000 - 0x00007ffcfa215000 	C:\Windows\SYSTEM32\profapi.dll
0x00007ffcd6030000 - 0x00007ffcd6049000 	C:\Users\Usuario\.vscode\extensions\redhat.java-1.30.0-win32-x64\jre\17.0.10-win32-x86_64\bin\net.dll
0x00007ffcf2d50000 - 0x00007ffcf2e5a000 	C:\Windows\SYSTEM32\WINHTTP.dll
0x00007ffcf92d0000 - 0x00007ffcf933a000 	C:\Windows\system32\mswsock.dll
0x00007ffcd6010000 - 0x00007ffcd6026000 	C:\Users\Usuario\.vscode\extensions\redhat.java-1.30.0-win32-x64\jre\17.0.10-win32-x86_64\bin\nio.dll
0x00007ffcf13a0000 - 0x00007ffcf13b0000 	c:\Users\Usuario\.vscode\extensions\redhat.java-1.30.0-win32-x64\jre\17.0.10-win32-x86_64\bin\verify.dll
0x00007ffc99570000 - 0x00007ffc995ae000 	C:\Users\Usuario\AppData\Roaming\Code\User\globalStorage\redhat.java\1.30.0\config_win\org.eclipse.equinox.launcher\org.eclipse.equinox.launcher.win32.win32.x86_64_1.2.900.v20240213-1244\eclipse_11900.dll
0x00007ffcfae10000 - 0x00007ffcfaf3a000 	C:\Windows\System32\ole32.dll

dbghelp: loaded successfully - version: 4.0.5 - missing functions: none
symbol engine: initialized successfully - sym options: 0x614 - pdb path: .;c:\Users\Usuario\.vscode\extensions\redhat.java-1.30.0-win32-x64\jre\17.0.10-win32-x86_64\bin;C:\Windows\SYSTEM32;C:\Windows\WinSxS\amd64_microsoft.windows.common-controls_6595b64144ccf1df_6.0.19041.1110_none_60b5254171f9507e;c:\Users\Usuario\.vscode\extensions\redhat.java-1.30.0-win32-x64\jre\17.0.10-win32-x86_64\bin\server;C:\Users\Usuario\AppData\Roaming\Code\User\globalStorage\redhat.java\1.30.0\config_win\org.eclipse.equinox.launcher\org.eclipse.equinox.launcher.win32.win32.x86_64_1.2.900.v20240213-1244

VM Arguments:
jvm_args: --add-modules=ALL-SYSTEM --add-opens=java.base/java.util=ALL-UNNAMED --add-opens=java.base/java.lang=ALL-UNNAMED --add-opens=java.base/sun.nio.fs=ALL-UNNAMED -Declipse.application=org.eclipse.jdt.ls.core.id1 -Dosgi.bundles.defaultStartLevel=4 -Declipse.product=org.eclipse.jdt.ls.core.product -Djava.import.generatesMetadataFilesAtProjectRoot=false -DDetectVMInstallationsJob.disabled=true -Dfile.encoding=utf8 -XX:+UseParallelGC -XX:GCTimeRatio=4 -XX:AdaptiveSizePolicyWeight=90 -Dsun.zip.disableMemoryMapping=true -Xmx1G -Xms100m -Xlog:disable -javaagent:c:\Users\Usuario\.vscode\extensions\redhat.java-1.30.0-win32-x64\lombok\lombok-1.18.32.jar -XX:+HeapDumpOnOutOfMemoryError -XX:HeapDumpPath=c:\Users\Usuario\AppData\Roaming\Code\User\workspaceStorage\46f946c4a3748aca403f4bc5d78195db\redhat.java -Daether.dependencyCollector.impl=bf 
java_command: c:\Users\Usuario\.vscode\extensions\redhat.java-1.30.0-win32-x64\server\plugins\org.eclipse.equinox.launcher_1.6.800.v20240330-1250.jar -configuration c:\Users\Usuario\AppData\Roaming\Code\User\globalStorage\redhat.java\1.30.0\config_win -data c:\Users\Usuario\AppData\Roaming\Code\User\workspaceStorage\46f946c4a3748aca403f4bc5d78195db\redhat.java\jdt_ws --pipe=\\.\pipe\lsp-691b8041993246f5a07e9e2fc6f1bad9-sock
java_class_path (initial): c:\Users\Usuario\.vscode\extensions\redhat.java-1.30.0-win32-x64\server\plugins\org.eclipse.equinox.launcher_1.6.800.v20240330-1250.jar
Launcher Type: SUN_STANDARD

[Global flags]
    uintx AdaptiveSizePolicyWeight                 = 90                                        {product} {command line}
     intx CICompilerCount                          = 3                                         {product} {ergonomic}
    uintx GCTimeRatio                              = 4                                         {product} {command line}
     bool HeapDumpOnOutOfMemoryError               = true                                   {manageable} {command line}
    ccstr HeapDumpPath                             = c:\Users\Usuario\AppData\Roaming\Code\User\workspaceStorage\46f946c4a3748aca403f4bc5d78195db\redhat.java         {manageable} {command line}
   size_t InitialHeapSize                          = 104857600                                 {product} {command line}
   size_t MaxHeapSize                              = 1073741824                                {product} {command line}
   size_t MaxNewSize                               = 357564416                                 {product} {ergonomic}
   size_t MinHeapDeltaBytes                        = 524288                                    {product} {ergonomic}
   size_t MinHeapSize                              = 104857600                                 {product} {command line}
   size_t NewSize                                  = 34603008                                  {product} {ergonomic}
    uintx NonNMethodCodeHeapSize                   = 5832780                                {pd product} {ergonomic}
    uintx NonProfiledCodeHeapSize                  = 122912730                              {pd product} {ergonomic}
   size_t OldSize                                  = 70254592                                  {product} {ergonomic}
    uintx ProfiledCodeHeapSize                     = 122912730                              {pd product} {ergonomic}
    uintx ReservedCodeCacheSize                    = 251658240                              {pd product} {ergonomic}
     bool SegmentedCodeCache                       = true                                      {product} {ergonomic}
   size_t SoftMaxHeapSize                          = 1073741824                             {manageable} {ergonomic}
     bool UseCompressedClassPointers               = true                           {product lp64_product} {ergonomic}
     bool UseCompressedOops                        = true                           {product lp64_product} {ergonomic}
     bool UseLargePagesIndividualAllocation        = false                                  {pd product} {ergonomic}
     bool UseParallelGC                            = true                                      {product} {command line}

Logging:
Log output configuration:
 #0: stdout all=off uptime,level,tags
 #1: stderr all=off uptime,level,tags

Environment Variables:
PATH=C:\Program Files (x86)\VMware\VMware Player\bin\;C:\Program Files\Common Files\Oracle\Java\javapath;C:\Windows\system32;C:\Windows;C:\Windows\System32\Wbem;C:\Windows\System32\WindowsPowerShell\v1.0\;C:\Windows\System32\OpenSSH\;C:\Program Files\PuTTY\;C:\msys64\ucrt64\bin;C:\workspace\apache-maven-3.9.6\bin;C:\Program Files\Git\cmd;C:\Program Files\nodejs\;C:\Program Files\dotnet\;C:\Program Files (x86)\dotnet\;C:\Program Files\Microsoft SQL Server\Client SDK\ODBC\130\Tools\Binn\;C:\Program Files (x86)\Microsoft SQL Server\140\Tools\Binn\;C:\Program Files\Microsoft SQL Server\140\Tools\Binn\;C:\Program Files\Microsoft SQL Server\140\DTS\Binn\;C:\Users\Usuario\AppData\Local\Microsoft\WindowsApps;;C:\Users\Usuario\AppData\Roaming\npm;C:\Users\Usuario\AppData\Local\Programs\Microsoft VS Code\bin
USERNAME=Usuario
OS=Windows_NT
PROCESSOR_IDENTIFIER=Intel64 Family 6 Model 158 Stepping 13, GenuineIntel
TMP=C:\Users\Usuario\AppData\Local\Temp
TEMP=C:\Users\Usuario\AppData\Local\Temp



Periodic native trim disabled


---------------  S Y S T E M  ---------------

OS:
 Windows 10 , 64 bit Build 19041 (10.0.19041.3393)
OS uptime: 0 days 0:02 hours

CPU: total 6 (initial active 6) (6 cores per cpu, 1 threads per core) family 6 model 158 stepping 13 microcode 0xbe, cx8, cmov, fxsr, mmx, 3dnowpref, sse, sse2, sse3, ssse3, sse4.1, sse4.2, popcnt, lzcnt, tsc, tscinvbit, avx, avx2, aes, erms, clmul, bmi1, bmi2, adx, fma, vzeroupper, clflush, clflushopt
Processor Information for all 6 processors :
  Max Mhz: 2904, Current Mhz: 2904, Mhz Limit: 2904

Memory: 4k page, system-wide physical 12158M (5692M free)
TotalPageFile size 24446M (AvailPageFile size 17649M)
current process WorkingSet (physical memory assigned to process): 162M, peak: 162M
current process commit charge ("private bytes"): 255M, peak: 255M

vm_info: OpenJDK 64-Bit Server VM (17.0.10+7) for windows-amd64 JRE (17.0.10+7), built on Jan 16 2024 23:25:11 by "admin" with MS VC++ 16.10 / 16.11 (VS2019)

END.
