#
# A fatal error has been detected by the Java Runtime Environment:
#
#  EXCEPTION_ACCESS_VIOLATION (0xc0000005) at pc=0x00007ffc9839f9b5, pid=14564, tid=15084
#
# JRE version: OpenJDK Runtime Environment Temurin-17.0.10+7 (17.0.10+7) (build 17.0.10+7)
# Java VM: OpenJDK 64-Bit Server VM Temurin-17.0.10+7 (17.0.10+7, mixed mode, tiered, compressed oops, compressed class ptrs, parallel gc, windows-amd64)
# Problematic frame:
# V  [jvm.dll+0x23f9b5]
#
# No core dump will be written. Minidumps are not enabled by default on client versions of Windows
#
# If you would like to submit a bug report, please visit:
#   https://github.com/adoptium/adoptium-support/issues
#

---------------  S U M M A R Y ------------

Command Line: --add-modules=ALL-SYSTEM --add-opens=java.base/java.util=ALL-UNNAMED --add-opens=java.base/java.lang=ALL-UNNAMED --add-opens=java.base/sun.nio.fs=ALL-UNNAMED -Declipse.application=org.eclipse.jdt.ls.core.id1 -Dosgi.bundles.defaultStartLevel=4 -Declipse.product=org.eclipse.jdt.ls.core.product -Djava.import.generatesMetadataFilesAtProjectRoot=false -DDetectVMInstallationsJob.disabled=true -Dfile.encoding=utf8 -XX:+UseParallelGC -XX:GCTimeRatio=4 -XX:AdaptiveSizePolicyWeight=90 -Dsun.zip.disableMemoryMapping=true -Xmx1G -Xms100m -Xlog:disable -javaagent:c:\Users\Usuario\.vscode\extensions\redhat.java-1.30.0-win32-x64\lombok\lombok-1.18.32.jar c:\Users\Usuario\.vscode\extensions\redhat.java-1.30.0-win32-x64\server\plugins\org.eclipse.equinox.launcher_1.6.800.v20240330-1250.jar -configuration c:\Users\Usuario\AppData\Roaming\Code\User\globalStorage\redhat.java\1.30.0\config_ss_win -data c:\Users\Usuario\AppData\Roaming\Code\User\workspaceStorage\46f946c4a3748aca403f4bc5d78195db\redhat.java\ss_ws --pipe=\\.\pipe\lsp-bda34b7641518293ac919d71acc65c61-sock

Host: Intel(R) Core(TM) i5-9400 CPU @ 2.90GHz, 6 cores, 11G,  Windows 10 , 64 bit Build 19041 (10.0.19041.3393)
Time: Thu May 23 02:11:54 2024 Hora est. Pacífico, Sudamérica elapsed time: 0.419409 seconds (0d 0h 0m 0s)

---------------  T H R E A D  ---------------

Current thread (0x000001938f1ea830):  JavaThread "main" [_thread_in_vm, id=15084, stack(0x000000781d600000,0x000000781d700000)]

Stack: [0x000000781d600000,0x000000781d700000],  sp=0x000000781d6fd450,  free space=1013k
Native frames: (J=compiled Java code, j=interpreted, Vv=VM code, C=native code)
V  [jvm.dll+0x23f9b5]
V  [jvm.dll+0x382bf6]
C  0x00000193993db02a

The last pc belongs to anewarray (printed below).
Java frames: (J=compiled Java code, j=interpreted, Vv=VM code)
j  lombok.eclipse.agent.EclipsePatcher.patchExtractInterfaceAndPullUp(Llombok/patcher/ScriptManager;)V+313
j  lombok.eclipse.agent.EclipsePatcher.registerPatchScripts(Ljava/lang/instrument/Instrumentation;ZLjava/lang/Class;)V+104
j  lombok.eclipse.agent.EclipsePatcher.runAgent(Ljava/lang/String;Ljava/lang/instrument/Instrumentation;ZLjava/lang/Class;)V+4
j  lombok.core.AgentLauncher.runAgents(Ljava/lang/String;Ljava/lang/instrument/Instrumentation;ZLjava/lang/Class;)V+62
v  ~StubRoutines::call_stub
j  jdk.internal.reflect.NativeMethodAccessorImpl.invoke0(Ljava/lang/reflect/Method;Ljava/lang/Object;[Ljava/lang/Object;)Ljava/lang/Object;+0 java.base@17.0.10
j  jdk.internal.reflect.NativeMethodAccessorImpl.invoke(Ljava/lang/Object;[Ljava/lang/Object;)Ljava/lang/Object;+133 java.base@17.0.10
j  jdk.internal.reflect.DelegatingMethodAccessorImpl.invoke(Ljava/lang/Object;[Ljava/lang/Object;)Ljava/lang/Object;+6 java.base@17.0.10
j  java.lang.reflect.Method.invoke(Ljava/lang/Object;[Ljava/lang/Object;)Ljava/lang/Object;+59 java.base@17.0.10
j  lombok.launch.Agent.runLauncher(Ljava/lang/String;Ljava/lang/instrument/Instrumentation;Z)V+73
j  lombok.launch.Agent.premain(Ljava/lang/String;Ljava/lang/instrument/Instrumentation;)V+3
v  ~StubRoutines::call_stub
j  jdk.internal.reflect.NativeMethodAccessorImpl.invoke0(Ljava/lang/reflect/Method;Ljava/lang/Object;[Ljava/lang/Object;)Ljava/lang/Object;+0 java.base@17.0.10
j  jdk.internal.reflect.NativeMethodAccessorImpl.invoke(Ljava/lang/Object;[Ljava/lang/Object;)Ljava/lang/Object;+133 java.base@17.0.10
j  jdk.internal.reflect.DelegatingMethodAccessorImpl.invoke(Ljava/lang/Object;[Ljava/lang/Object;)Ljava/lang/Object;+6 java.base@17.0.10
j  java.lang.reflect.Method.invoke(Ljava/lang/Object;[Ljava/lang/Object;)Ljava/lang/Object;+59 java.base@17.0.10
j  sun.instrument.InstrumentationImpl.loadClassAndStartAgent(Ljava/lang/String;Ljava/lang/String;Ljava/lang/String;)V+166 java.instrument@17.0.10
j  sun.instrument.InstrumentationImpl.loadClassAndCallPremain(Ljava/lang/String;Ljava/lang/String;)V+6 java.instrument@17.0.10
v  ~StubRoutines::call_stub

siginfo: EXCEPTION_ACCESS_VIOLATION (0xc0000005), reading address 0x00000193a44685d0


Registers:
RAX=0x00000001000c1a10, RBX=0x000000000000a8b1, RCX=0x00000193a4414000, RDX=0x00000000000000a8
RSP=0x000000781d6fd450, RBP=0x000000781d6fd5a8, RSI=0x000001938f1ea830, RDI=0x00000000000000a8
R8 =0x000001938f1ea830, R9 =0x00000000a8b16490, R10=0x00000193a4414000, R11=0x00000193a4416e98
R12=0x00000000000000a8, R13=0x00000193a4416c39, R14=0x000000781d6fd4d0, R15=0x000001938f1ea830
RIP=0x00007ffc9839f9b5, EFLAGS=0x0000000000010297


Register to memory mapping:

RIP=0x00007ffc9839f9b5 jvm.dll
RAX=0x00000001000c1a10 is a pointer to class: 
lombok.eclipse.agent.EclipsePatcher {0x00000001000c1a18}
 - instance size:     2
 - klass size:        68
 - access:            public synchronized 
 - state:             fully_initialized
 - name:              'lombok/eclipse/agent/EclipsePatcher'
 - super:             'java/lang/Object'
 - sub:               
 - arrays:            NULL
 - methods:           Array<T>(0x00000193a4411c38)
 - method ordering:   Array<T>(0x00000193a4000018)
 - default_methods:   Array<T>(0x0000000000000000)
 - local interfaces:  Array<T>(0x00000193a44163f0)
 - trans. interfaces: Array<T>(0x00000193a44163f0)
 - constants:         constant pool [1114] {0x00000193a4414008} for 'lombok/eclipse/agent/EclipsePatcher' cache=0x00000193a4421950
 - class loader data:  loader data: 0x00000193a8939870 for instance a 'lombok/launch/ShadowClassLoader'{0x00000000eada19e0}
 - source file:       'EclipsePatcher.java'
 - class annotations:       Array<T>(0x0000000000000000)
 - class type annotations:  Array<T>(0x0000000000000000)
 - field annotations:       Array<T>(0x0000000000000000)
 - field type annotations:  Array<T>(0x0000000000000000)
 - inner classes:     Array<T>(0x00000193a4419380)
 - nest members:     Array<T>(0x00000193a4000028)
 - permitted subclasses:     Array<T>(0x00000193a4000028)
 - java mirror:       a 'java/lang/Class'{0x00000000eae87ef8} = 'lombok/eclipse/agent/EclipsePatcher'
 - vtable length      6  (start addr: 0x00000001000c1bd8)
 - itable length      5 (start addr: 0x00000001000c1c08)
 - ---- static fields (0 words):
 - ---- non-static fields (0 words):
 - non-static oop maps: 
RBX=0x000000000000a8b1 is an unknown value
RCX=0x00000193a4414000 is pointing into metadata
RDX=0x00000000000000a8 is an unknown value
RSP=0x000000781d6fd450 is pointing into the stack for thread: 0x000001938f1ea830
RBP=0x000000781d6fd5a8 is pointing into the stack for thread: 0x000001938f1ea830
RSI=0x000001938f1ea830 is a thread
RDI=0x00000000000000a8 is an unknown value
R8 =0x000001938f1ea830 is a thread
R9 =0x00000000a8b16490 is an unknown value
R10=0x00000193a4414000 is pointing into metadata
R11={method} {0x00000193a4416ea0} 'patchExtractInterfaceAndPullUp' '(Llombok/patcher/ScriptManager;)V' in 'lombok/eclipse/agent/EclipsePatcher'
R12=0x00000000000000a8 is an unknown value
R13=0x00000193a4416c39 is pointing into metadata
R14=0x000000781d6fd4d0 is pointing into the stack for thread: 0x000001938f1ea830
R15=0x000001938f1ea830 is a thread


Top of Stack: (sp=0x000000781d6fd450)
0x000000781d6fd450:   00000193a4416e98 000000781d6fd530
0x000000781d6fd460:   00000193993dd77d 00000193993c8e10
0x000000781d6fd470:   0000019300000000 000000781d6fd5a8
0x000000781d6fd480:   000000781d6fd530 000000781d6fd5b8
0x000000781d6fd490:   0000000000000000 0000000000000003
0x000000781d6fd4a0:   000001938f1ea830 00007ffc984e2bf6
0x000000781d6fd4b0:   000000781d6fd5a8 0000000000006490
0x000000781d6fd4c0:   00000000000000a8 00000193a4416c39
0x000000781d6fd4d0:   00000193a4414000 000001938f1ea830
0x000000781d6fd4e0:   000000000000a482 00000193993db02a
0x000000781d6fd4f0:   00000193a4414000 00000000000000bd
0x000000781d6fd500:   0000000000000000 00000193993dd701
0x000000781d6fd510:   00000193a4416e98 00000193993dafe4
0x000000781d6fd520:   00000000eb214c38 00000000eb28c920
0x000000781d6fd530:   00000000eb28c8b0 00000000eb28c890
0x000000781d6fd540:   00000000eb28c890 00000000eb28c818
0x000000781d6fd550:   00000000eb02b5b0 00000000eafa4ab8
0x000000781d6fd560:   000000781d6fd560 00000193a4416c39
0x000000781d6fd570:   000000781d6fd5b8 00000193a4421950
0x000000781d6fd580:   0000000000000000 00000000eae87ef8
0x000000781d6fd590:   00000193a4416e98 0000000000000000
0x000000781d6fd5a0:   000000781d6fd5b8 000000781d6fd608
0x000000781d6fd5b0:   00000193993c94ec 00000000eafa4ab8
0x000000781d6fd5c0:   000000781d6fd5c0 00000193a4411e18
0x000000781d6fd5d0:   000000781d6fd638 00000193a4421950
0x000000781d6fd5e0:   0000000000000000 00000000eae87ef8
0x000000781d6fd5f0:   00000193a4416778 000000781d6fd5b8
0x000000781d6fd600:   000000781d6fd628 000000781d6fd688
0x000000781d6fd610:   00000193993c94ec 0000000000000000
0x000000781d6fd620:   00000000eafa4ab8 00000000ead70c30
0x000000781d6fd630:   0000000000000000 00000000ead55b48
0x000000781d6fd640:   000000781d6fd640 00000193a44166cc 

Instructions: (pc=0x00007ffc9839f9b5)
0x00007ffc9839f8b5:   24 50 e8 44 fb 07 00 48 8b 7c 24 68 48 8b c6 48
0x00007ffc9839f8c5:   8b 74 24 60 48 83 c4 38 41 5c 5b c3 48 8d 4c 24
0x00007ffc9839f8d5:   50 48 8b f3 e8 22 fb 07 00 48 8b 74 24 60 48 8b
0x00007ffc9839f8e5:   c3 48 8b 7c 24 68 48 83 c4 38 41 5c 5b c3 48 8b
0x00007ffc9839f8f5:   74 24 60 48 8b c3 48 8b 7c 24 68 48 83 c4 38 41
0x00007ffc9839f905:   5c 5b c3 cc cc cc cc cc cc cc cc 40 53 56 41 54
0x00007ffc9839f915:   41 56 48 83 ec 38 4c 8b 11 4c 8b f1 4c 63 e2 49
0x00007ffc9839f925:   8b f0 47 8b 4c e2 48 41 8b c1 41 0f b7 c9 c1 f8
0x00007ffc9839f935:   10 0f b7 d8 49 8b 42 08 89 4c 24 68 42 0f b6 44
0x00007ffc9839f945:   20 04 3c 07 75 17 49 8b 06 8b d1 48 8b 48 28 48
0x00007ffc9839f955:   8b 44 d1 08 48 85 c0 0f 85 d3 02 00 00 49 8b 06
0x00007ffc9839f965:   48 8b 48 08 42 0f b6 44 21 04 3c 67 75 2c 41 8b
0x00007ffc9839f975:   d4 49 8b ce e8 42 24 00 00 48 83 7e 08 00 0f 85
0x00007ffc9839f985:   9c 02 00 00 ba f4 01 00 00 48 8d 0d bb 48 70 00
0x00007ffc9839f995:   e8 a6 7c 00 00 e8 31 d4 43 00 49 8b 0e 48 89 6c
0x00007ffc9839f9a5:   24 60 48 89 7c 24 70 4c 89 6c 24 78 48 8b 41 18
0x00007ffc9839f9b5:   4c 8b 6c d9 48 4c 89 7c 24 30 48 8b 88 98 00 00
0x00007ffc9839f9c5:   00 48 8b 49 08 48 85 c9 74 61 ff 15 4b f6 8c 00
0x00007ffc9839f9d5:   48 8b e8 48 85 c0 74 53 48 8b 9e 40 02 00 00 48
0x00007ffc9839f9e5:   8b 7b 18 48 83 ff f7 76 18 4c 8d 05 43 7b 6d 00
0x00007ffc9839f9f5:   ba 08 00 00 00 48 8b cb e8 ce d3 e6 ff 48 8b 7b
0x00007ffc9839fa05:   18 48 8d 47 08 48 3b 43 20 76 17 45 33 c0 48 8b
0x00007ffc9839fa15:   cb 41 8d 50 08 e8 01 d1 e6 ff 48 8b f8 48 89 28
0x00007ffc9839fa25:   eb 0b 48 89 43 18 48 89 2f eb 02 33 ff 49 8b 06
0x00007ffc9839fa35:   48 8b 48 18 48 8b 01 ff 90 e8 00 00 00 4c 8b f8
0x00007ffc9839fa45:   48 85 c0 75 04 33 db eb 4e 48 8b ae 40 02 00 00
0x00007ffc9839fa55:   48 8b 5d 18 48 83 fb f7 76 18 4c 8d 05 d2 7a 6d
0x00007ffc9839fa65:   00 ba 08 00 00 00 48 8b cd e8 5d d3 e6 ff 48 8b
0x00007ffc9839fa75:   5d 18 48 8d 43 08 48 3b 45 20 76 14 45 33 c0 48
0x00007ffc9839fa85:   8b cd 41 8d 50 08 e8 90 d0 e6 ff 48 8b d8 eb 04
0x00007ffc9839fa95:   48 89 45 18 4c 89 3b 4c 8b 7c 24 30 40 32 ed 40
0x00007ffc9839faa5:   38 2d 6e 86 94 00 74 0b 48 8b ce e8 5b f2 2d 00 


Stack slot to memory mapping:
stack at sp + 0 slots: {method} {0x00000193a4416ea0} 'patchExtractInterfaceAndPullUp' '(Llombok/patcher/ScriptManager;)V' in 'lombok/eclipse/agent/EclipsePatcher'
stack at sp + 1 slots: 0x000000781d6fd530 is pointing into the stack for thread: 0x000001938f1ea830
stack at sp + 2 slots: 0x00000193993dd77d is at code_begin+93 in an Interpreter codelet
fast_aldc_w  231 fast_aldc_w  [0x00000193993dd720, 0x00000193993dd860]  320 bytes
stack at sp + 3 slots: 0x00000193993c8e10 is at code_begin+-112 in 
[CodeBlob (0x00000193993c8e10)]
Framesize: 0
BufferBlob (0x00000193993c8e10) used for Interpreter
stack at sp + 4 slots: 0x0000019300000000 is an unknown value
stack at sp + 5 slots: 0x000000781d6fd5a8 is pointing into the stack for thread: 0x000001938f1ea830
stack at sp + 6 slots: 0x000000781d6fd530 is pointing into the stack for thread: 0x000001938f1ea830
stack at sp + 7 slots: 0x000000781d6fd5b8 is pointing into the stack for thread: 0x000001938f1ea830

anewarray  189 anewarray  [0x00000193993dafc0, 0x00000193993db0c0]  256 bytes
[MachCode]
  0x00000193993dafc0: 8b04 2448 | 83c4 0845 | 0fb7 4501 | 410f c841 | c1e8 1048 | 8b55 e848 | 8b52 0848 | 8b52 08e8 
  0x00000193993dafe0: 0500 0000 | e9ad 0000 | 004c 8bc8 | 488d 4424 | 084c 896d | c049 8bcf | c5f8 7749 | 89af a802 
  0x00000193993db000: 0000 4989 | 8798 0200 | 0048 83ec | 20f7 c40f | 0000 000f | 841a 0000 | 0048 83ec | 0849 baa0 
  0x00000193993db020: 2b4e 98fc | 7f00 0041 | ffd2 4883 | c408 e90d | 0000 0049 | baa0 2b4e | 98fc 7f00 | 0041 ffd2 
  0x00000193993db040: 4883 c420 | 49c7 8798 | 0200 0000 | 0000 0049 | c787 a802 | 0000 0000 | 0000 49c7 | 87a0 0200 
  0x00000193993db060: 0000 0000 | 00c5 f877 | 4981 7f08 | 0000 0000 | 0f84 0500 | 0000 e985 | 5efe ff49 | 8b87 f002 
  0x00000193993db080: 0000 49c7 | 87f0 0200 | 0000 0000 | 004c 8b6d | c04c 8b75 | c8c3 410f | b65d 0349 | 83c5 0349 
  0x00000193993db0a0: ba90 a1d0 | 98fc 7f00 | 0041 ff24 | da66 6690 | 0000 0000 | 0000 0000 | 0000 0000 | 0000 0000 
[/MachCode]

---------------  P R O C E S S  ---------------

Threads class SMR info:
_java_thread_list=0x00000193a89e4300, length=11, elements={
0x000001938f1ea830, 0x000001938f2aa3b0, 0x000001938f2acb20, 0x00000193a3089130,
0x00000193a3089fb0, 0x00000193a308ae30, 0x00000193a308e810, 0x00000193a88bc610,
0x00000193a8922df0, 0x00000193a8925ac0, 0x00000193a89e5020
}

Java Threads: ( => current thread )
=>0x000001938f1ea830 JavaThread "main" [_thread_in_vm, id=15084, stack(0x000000781d600000,0x000000781d700000)]
  0x000001938f2aa3b0 JavaThread "Reference Handler" daemon [_thread_blocked, id=14360, stack(0x000000781d900000,0x000000781da00000)]
  0x000001938f2acb20 JavaThread "Finalizer" daemon [_thread_blocked, id=14816, stack(0x000000781da00000,0x000000781db00000)]
  0x00000193a3089130 JavaThread "Signal Dispatcher" daemon [_thread_blocked, id=15352, stack(0x000000781db00000,0x000000781dc00000)]
  0x00000193a3089fb0 JavaThread "Attach Listener" daemon [_thread_blocked, id=15348, stack(0x000000781dc00000,0x000000781dd00000)]
  0x00000193a308ae30 JavaThread "Service Thread" daemon [_thread_blocked, id=14636, stack(0x000000781dd00000,0x000000781de00000)]
  0x00000193a308e810 JavaThread "Monitor Deflation Thread" daemon [_thread_blocked, id=3520, stack(0x000000781de00000,0x000000781df00000)]
  0x00000193a88bc610 JavaThread "C2 CompilerThread0" daemon [_thread_blocked, id=2332, stack(0x000000781df00000,0x000000781e000000)]
  0x00000193a8922df0 JavaThread "C1 CompilerThread0" daemon [_thread_blocked, id=15328, stack(0x000000781e000000,0x000000781e100000)]
  0x00000193a8925ac0 JavaThread "Sweeper thread" daemon [_thread_blocked, id=13024, stack(0x000000781e100000,0x000000781e200000)]
  0x00000193a89e5020 JavaThread "Common-Cleaner" daemon [_thread_blocked, id=13004, stack(0x000000781e200000,0x000000781e300000)]

Other Threads:
  0x00000193a305e9e0 VMThread "VM Thread" [stack: 0x000000781d800000,0x000000781d900000] [id=14296]
  0x000001938f1fca60 GCTaskThread "GC Thread#0" [stack: 0x000000781d700000,0x000000781d800000] [id=14664]

Threads with active compile tasks:

VM state: not at safepoint (normal execution)

VM Mutex/Monitor currently owned by a thread: None

Heap address: 0x00000000c0000000, size: 1024 MB, Compressed Oops mode: 32-bit

CDS archive(s) not mapped
Compressed class space mapped at: 0x0000000100000000-0x0000000140000000, reserved size: 1073741824
Narrow klass base: 0x0000000000000000, Narrow klass shift: 3, Narrow klass range: 0x140000000

GC Precious Log:
 CPUs: 6 total, 6 available
 Memory: 12158M
 Large Page Support: Disabled
 NUMA Support: Disabled
 Compressed Oops: Enabled (32-bit)
 Alignments: Space 512K, Generation 512K, Heap 2M
 Heap Min Capacity: 100M
 Heap Initial Capacity: 100M
 Heap Max Capacity: 1G
 Pre-touch: Disabled
 Parallel Workers: 6

Heap:
 PSYoungGen      total 29696K, used 7870K [0x00000000eab00000, 0x00000000ecc00000, 0x0000000100000000)
  eden space 25600K, 30% used [0x00000000eab00000,0x00000000eb2afb60,0x00000000ec400000)
  from space 4096K, 0% used [0x00000000ec800000,0x00000000ec800000,0x00000000ecc00000)
  to   space 4096K, 0% used [0x00000000ec400000,0x00000000ec400000,0x00000000ec800000)
 ParOldGen       total 68608K, used 0K [0x00000000c0000000, 0x00000000c4300000, 0x00000000eab00000)
  object space 68608K, 0% used [0x00000000c0000000,0x00000000c0000000,0x00000000c4300000)
 Metaspace       used 6258K, committed 6464K, reserved 1114112K
  class space    used 610K, committed 704K, reserved 1048576K

Card table byte_map: [0x000001938eb90000,0x000001938eda0000] _byte_map_base: 0x000001938e590000

Marking Bits: (ParMarkBitMap*) 0x00007ffc98cfd7d0
 Begin Bits: [0x00000193a0e90000, 0x00000193a1e90000)
 End Bits:   [0x00000193a1e90000, 0x00000193a2e90000)

Polling page: 0x000001938d0b0000

Metaspace:

Usage:
  Non-class:      5.52 MB used.
      Class:    610.98 KB used.
       Both:      6.11 MB used.

Virtual space:
  Non-class space:       64.00 MB reserved,       5.62 MB (  9%) committed,  1 nodes.
      Class space:        1.00 GB reserved,     704.00 KB ( <1%) committed,  1 nodes.
             Both:        1.06 GB reserved,       6.31 MB ( <1%) committed. 

Chunk freelists:
   Non-Class:  10.23 MB
       Class:  15.21 MB
        Both:  25.45 MB

MaxMetaspaceSize: unlimited
CompressedClassSpaceSize: 1.00 GB
Initial GC threshold: 21.00 MB
Current GC threshold: 21.00 MB
CDS: off
MetaspaceReclaimPolicy: balanced
 - commit_granule_bytes: 65536.
 - commit_granule_words: 8192.
 - virtual_space_node_default_size: 8388608.
 - enlarge_chunks_in_place: 1.
 - new_chunks_are_fully_committed: 0.
 - uncommit_free_chunks: 1.
 - use_allocation_guard: 0.
 - handle_deallocations: 1.


Internal statistics:

num_allocs_failed_limit: 0.
num_arena_births: 10.
num_arena_deaths: 0.
num_vsnodes_births: 2.
num_vsnodes_deaths: 0.
num_space_committed: 101.
num_space_uncommitted: 0.
num_chunks_returned_to_freelist: 0.
num_chunks_taken_from_freelist: 35.
num_chunk_merges: 0.
num_chunk_splits: 22.
num_chunks_enlarged: 21.
num_inconsistent_stats: 0.

CodeHeap 'non-profiled nmethods': size=120000Kb used=127Kb max_used=127Kb free=119872Kb
 bounds [0x0000019399960000, 0x0000019399bd0000, 0x00000193a0e90000]
CodeHeap 'profiled nmethods': size=120000Kb used=559Kb max_used=559Kb free=119440Kb
 bounds [0x0000019391e90000, 0x0000019392100000, 0x00000193993c0000]
CodeHeap 'non-nmethods': size=5760Kb used=1095Kb max_used=1114Kb free=4664Kb
 bounds [0x00000193993c0000, 0x0000019399630000, 0x0000019399960000]
 total_blobs=788 nmethods=414 adapters=289
 compilation: enabled
              stopped_count=0, restarted_count=0
 full_count=0

Compilation events (20 events):
Event: 0.374 Thread 0x00000193a8922df0 nmethod 406 0x0000019391f19690 code [0x0000019391f19840, 0x0000019391f19a98]
Event: 0.374 Thread 0x00000193a8922df0  407       3       java.util.ArrayList$Itr::<init> (26 bytes)
Event: 0.374 Thread 0x00000193a8922df0 nmethod 407 0x0000019391f19b90 code [0x0000019391f19d20, 0x0000019391f19eb8]
Event: 0.374 Thread 0x00000193a8922df0  408       3       java.lang.StringBuilder::length (5 bytes)
Event: 0.374 Thread 0x00000193a8922df0 nmethod 408 0x0000019391f19f90 code [0x0000019391f1a120, 0x0000019391f1a238]
Event: 0.375 Thread 0x00000193a8922df0  409       3       java.util.Collections$UnmodifiableMap::get (11 bytes)
Event: 0.375 Thread 0x00000193a8922df0 nmethod 409 0x0000019391f1a310 code [0x0000019391f1a4c0, 0x0000019391f1a688]
Event: 0.375 Thread 0x00000193a8922df0  410       3       java.util.Collections$UnmodifiableCollection$1::hasNext (10 bytes)
Event: 0.375 Thread 0x00000193a8922df0 nmethod 410 0x0000019391f1a790 code [0x0000019391f1a940, 0x0000019391f1ab08]
Event: 0.376 Thread 0x00000193a8922df0  411       3       java.util.ArrayList$Itr::next (66 bytes)
Event: 0.376 Thread 0x00000193a8922df0 nmethod 411 0x0000019391f1ac10 code [0x0000019391f1ae00, 0x0000019391f1b1c8]
Event: 0.376 Thread 0x00000193a8922df0  412       3       java.util.ArrayList$Itr::checkForComodification (23 bytes)
Event: 0.376 Thread 0x00000193a8922df0 nmethod 412 0x0000019391f1b390 code [0x0000019391f1b540, 0x0000019391f1b708]
Event: 0.376 Thread 0x00000193a8922df0  413       3       java.util.AbstractList::<init> (10 bytes)
Event: 0.376 Thread 0x00000193a8922df0 nmethod 413 0x0000019391f1b810 code [0x0000019391f1b9c0, 0x0000019391f1bb98]
Event: 0.377 Thread 0x00000193a88bc610 nmethod 394% 0x000001939997da10 code [0x000001939997dbc0, 0x000001939997e188]
Event: 0.377 Thread 0x00000193a88bc610  404 %     4       lombok.launch.PackageShader::apply @ 76 (252 bytes)
Event: 0.377 Thread 0x00000193a8922df0  414       1       java.util.Collections$1::hasNext (5 bytes)
Event: 0.377 Thread 0x00000193a8922df0 nmethod 414 0x000001939997e490 code [0x000001939997e620, 0x000001939997e6f8]
Event: 0.390 Thread 0x00000193a88bc610 nmethod 404% 0x000001939997e790 code [0x000001939997e940, 0x000001939997f578]

GC Heap History (0 events):
No events

Dll operation events (8 events):
Event: 0.016 Loaded shared library c:\Users\Usuario\.vscode\extensions\redhat.java-1.30.0-win32-x64\jre\17.0.10-win32-x86_64\bin\java.dll
Event: 0.198 Loaded shared library c:\Users\Usuario\.vscode\extensions\redhat.java-1.30.0-win32-x64\jre\17.0.10-win32-x86_64\bin\zip.dll
Event: 0.201 Loaded shared library C:\Users\Usuario\.vscode\extensions\redhat.java-1.30.0-win32-x64\jre\17.0.10-win32-x86_64\bin\instrument.dll
Event: 0.212 Loaded shared library C:\Users\Usuario\.vscode\extensions\redhat.java-1.30.0-win32-x64\jre\17.0.10-win32-x86_64\bin\net.dll
Event: 0.214 Loaded shared library C:\Users\Usuario\.vscode\extensions\redhat.java-1.30.0-win32-x64\jre\17.0.10-win32-x86_64\bin\nio.dll
Event: 0.219 Loaded shared library C:\Users\Usuario\.vscode\extensions\redhat.java-1.30.0-win32-x64\jre\17.0.10-win32-x86_64\bin\zip.dll
Event: 0.234 Loaded shared library C:\Users\Usuario\.vscode\extensions\redhat.java-1.30.0-win32-x64\jre\17.0.10-win32-x86_64\bin\jimage.dll
Event: 0.310 Loaded shared library c:\Users\Usuario\.vscode\extensions\redhat.java-1.30.0-win32-x64\jre\17.0.10-win32-x86_64\bin\verify.dll

Deoptimization events (2 events):
Event: 0.339 Thread 0x000001938f1ea830 DEOPT PACKING pc=0x0000019391edc7a2 sp=0x000000781d6fc310
Event: 0.339 Thread 0x000001938f1ea830 DEOPT UNPACKING pc=0x0000019399416e43 sp=0x000000781d6fb770 mode 0

Classes unloaded (0 events):
No events

Classes redefined (0 events):
No events

Internal exceptions (2 events):
Event: 0.170 Thread 0x000001938f1ea830 Exception <a 'java/lang/NoSuchMethodError'{0x00000000eacb50a0}: 'void java.lang.invoke.DirectMethodHandle$Holder.invokeStatic(java.lang.Object, java.lang.Object, java.lang.Object)'> (0x00000000eacb50a0) 
thrown [s\src\hotspot\share\interpreter\linkResolver.cpp, line 759]
Event: 0.335 Thread 0x000001938f1ea830 Exception <a 'java/lang/reflect/InvocationTargetException'{0x00000000eafd7ca0}> (0x00000000eafd7ca0) 
thrown [s\src\hotspot\share\runtime\reflection.cpp, line 1121]

VM Operations (4 events):
Event: 0.174 Executing VM operation: HandshakeAllThreads
Event: 0.174 Executing VM operation: HandshakeAllThreads done
Event: 0.256 Executing VM operation: HandshakeAllThreads
Event: 0.256 Executing VM operation: HandshakeAllThreads done

Events (20 events):
Event: 0.348 loading class java/util/regex/Pattern$Branch
Event: 0.348 loading class java/util/regex/Pattern$Branch done
Event: 0.348 loading class java/util/regex/Pattern$StartS
Event: 0.348 loading class java/util/regex/Pattern$StartS done
Event: 0.348 loading class java/util/regex/Pattern$Curly
Event: 0.348 loading class java/util/regex/Pattern$Curly done
Event: 0.348 loading class java/util/regex/Pattern$Ques
Event: 0.348 loading class java/util/regex/Pattern$Ques done
Event: 0.348 loading class java/util/regex/Pattern$Loop
Event: 0.348 loading class java/util/regex/Pattern$Loop done
Event: 0.348 loading class java/util/regex/Pattern$Prolog
Event: 0.348 loading class java/util/regex/Pattern$Prolog done
Event: 0.348 loading class java/util/regex/Pattern$Dollar
Event: 0.349 loading class java/util/regex/Pattern$Dollar done
Event: 0.349 loading class java/util/regex/Pattern$GroupCurly
Event: 0.349 loading class java/util/regex/Pattern$GroupCurly done
Event: 0.359 loading class java/util/Collections$SingletonSet
Event: 0.360 loading class java/util/Collections$SingletonSet done
Event: 0.360 loading class java/util/Collections$1
Event: 0.360 loading class java/util/Collections$1 done


Dynamic libraries:
0x00007ff6e4870000 - 0x00007ff6e487e000 	c:\Users\Usuario\.vscode\extensions\redhat.java-1.30.0-win32-x64\jre\17.0.10-win32-x86_64\bin\java.exe
0x00007ffcfcc10000 - 0x00007ffcfce08000 	C:\Windows\SYSTEM32\ntdll.dll
0x00007ffcfaf40000 - 0x00007ffcfaffd000 	C:\Windows\System32\KERNEL32.DLL
0x00007ffcfa2c0000 - 0x00007ffcfa5b6000 	C:\Windows\System32\KERNELBASE.dll
0x00007ffcfa810000 - 0x00007ffcfa910000 	C:\Windows\System32\ucrtbase.dll
0x00007ffc98e80000 - 0x00007ffc98e97000 	c:\Users\Usuario\.vscode\extensions\redhat.java-1.30.0-win32-x64\jre\17.0.10-win32-x86_64\bin\jli.dll
0x00007ffc98e60000 - 0x00007ffc98e7b000 	c:\Users\Usuario\.vscode\extensions\redhat.java-1.30.0-win32-x64\jre\17.0.10-win32-x86_64\bin\VCRUNTIME140.dll
0x00007ffcfc4a0000 - 0x00007ffcfc63e000 	C:\Windows\System32\USER32.dll
0x00007ffcfa7e0000 - 0x00007ffcfa802000 	C:\Windows\System32\win32u.dll
0x00007ffcf9730000 - 0x00007ffcf99ca000 	C:\Windows\WinSxS\amd64_microsoft.windows.common-controls_6595b64144ccf1df_6.0.19041.1110_none_60b5254171f9507e\COMCTL32.dll
0x00007ffcfac50000 - 0x00007ffcfac7c000 	C:\Windows\System32\GDI32.dll
0x00007ffcfc0f0000 - 0x00007ffcfc18e000 	C:\Windows\System32\msvcrt.dll
0x00007ffcfab20000 - 0x00007ffcfac3a000 	C:\Windows\System32\gdi32full.dll
0x00007ffcfa9a0000 - 0x00007ffcfaa3d000 	C:\Windows\System32\msvcp_win.dll
0x00007ffcfc0c0000 - 0x00007ffcfc0f0000 	C:\Windows\System32\IMM32.DLL
0x00007ffcd1440000 - 0x00007ffcd144c000 	c:\Users\Usuario\.vscode\extensions\redhat.java-1.30.0-win32-x64\jre\17.0.10-win32-x86_64\bin\vcruntime140_1.dll
0x00007ffc98dd0000 - 0x00007ffc98e5d000 	c:\Users\Usuario\.vscode\extensions\redhat.java-1.30.0-win32-x64\jre\17.0.10-win32-x86_64\bin\msvcp140.dll
0x00007ffc98160000 - 0x00007ffc98dc2000 	c:\Users\Usuario\.vscode\extensions\redhat.java-1.30.0-win32-x64\jre\17.0.10-win32-x86_64\bin\server\jvm.dll
0x00007ffcfb2c0000 - 0x00007ffcfb36e000 	C:\Windows\System32\ADVAPI32.dll
0x00007ffcfb000000 - 0x00007ffcfb09c000 	C:\Windows\System32\sechost.dll
0x00007ffcfac80000 - 0x00007ffcfada6000 	C:\Windows\System32\RPCRT4.dll
0x00007ffcfa120000 - 0x00007ffcfa16b000 	C:\Windows\SYSTEM32\POWRPROF.dll
0x00007ffca02b0000 - 0x00007ffca02b9000 	C:\Windows\SYSTEM32\WSOCK32.dll
0x00007ffce2980000 - 0x00007ffce29a7000 	C:\Windows\SYSTEM32\WINMM.dll
0x00007ffcefe70000 - 0x00007ffcefe7a000 	C:\Windows\SYSTEM32\VERSION.dll
0x00007ffcfc6c0000 - 0x00007ffcfc72b000 	C:\Windows\System32\WS2_32.dll
0x00007ffcfa100000 - 0x00007ffcfa112000 	C:\Windows\SYSTEM32\UMPDC.dll
0x00007ffcf7b10000 - 0x00007ffcf7b22000 	C:\Windows\SYSTEM32\kernel.appcore.dll
0x00007ffca0af0000 - 0x00007ffca0afa000 	c:\Users\Usuario\.vscode\extensions\redhat.java-1.30.0-win32-x64\jre\17.0.10-win32-x86_64\bin\jimage.dll
0x00007ffcf9bd0000 - 0x00007ffcf9db4000 	C:\Windows\SYSTEM32\DBGHELP.DLL
0x00007ffcf99f0000 - 0x00007ffcf9a24000 	C:\Windows\SYSTEM32\dbgcore.DLL
0x00007ffcfa910000 - 0x00007ffcfa992000 	C:\Windows\System32\bcryptPrimitives.dll
0x00007ffc9e950000 - 0x00007ffc9e95e000 	c:\Users\Usuario\.vscode\extensions\redhat.java-1.30.0-win32-x64\jre\17.0.10-win32-x86_64\bin\instrument.dll
0x00007ffc98130000 - 0x00007ffc98155000 	c:\Users\Usuario\.vscode\extensions\redhat.java-1.30.0-win32-x64\jre\17.0.10-win32-x86_64\bin\java.dll
0x00007ffc98110000 - 0x00007ffc98128000 	c:\Users\Usuario\.vscode\extensions\redhat.java-1.30.0-win32-x64\jre\17.0.10-win32-x86_64\bin\zip.dll
0x00007ffcfb370000 - 0x00007ffcfbab4000 	C:\Windows\System32\SHELL32.dll
0x00007ffcf7d10000 - 0x00007ffcf84ab000 	C:\Windows\SYSTEM32\windows.storage.dll
0x00007ffcfbd60000 - 0x00007ffcfc0b4000 	C:\Windows\System32\combase.dll
0x00007ffcf9460000 - 0x00007ffcf948d000 	C:\Windows\SYSTEM32\Wldp.dll
0x00007ffcfbcb0000 - 0x00007ffcfbd5d000 	C:\Windows\System32\SHCORE.dll
0x00007ffcfc240000 - 0x00007ffcfc295000 	C:\Windows\System32\shlwapi.dll
0x00007ffcfa1f0000 - 0x00007ffcfa215000 	C:\Windows\SYSTEM32\profapi.dll
0x00007ffc97f00000 - 0x00007ffc97f19000 	C:\Users\Usuario\.vscode\extensions\redhat.java-1.30.0-win32-x64\jre\17.0.10-win32-x86_64\bin\net.dll
0x00007ffcf2d50000 - 0x00007ffcf2e5a000 	C:\Windows\SYSTEM32\WINHTTP.dll
0x00007ffcf92d0000 - 0x00007ffcf933a000 	C:\Windows\system32\mswsock.dll
0x00007ffc97ee0000 - 0x00007ffc97ef6000 	C:\Users\Usuario\.vscode\extensions\redhat.java-1.30.0-win32-x64\jre\17.0.10-win32-x86_64\bin\nio.dll
0x00007ffc9d3f0000 - 0x00007ffc9d400000 	c:\Users\Usuario\.vscode\extensions\redhat.java-1.30.0-win32-x64\jre\17.0.10-win32-x86_64\bin\verify.dll

dbghelp: loaded successfully - version: 4.0.5 - missing functions: none
symbol engine: initialized successfully - sym options: 0x614 - pdb path: .;c:\Users\Usuario\.vscode\extensions\redhat.java-1.30.0-win32-x64\jre\17.0.10-win32-x86_64\bin;C:\Windows\SYSTEM32;C:\Windows\WinSxS\amd64_microsoft.windows.common-controls_6595b64144ccf1df_6.0.19041.1110_none_60b5254171f9507e;c:\Users\Usuario\.vscode\extensions\redhat.java-1.30.0-win32-x64\jre\17.0.10-win32-x86_64\bin\server

VM Arguments:
jvm_args: --add-modules=ALL-SYSTEM --add-opens=java.base/java.util=ALL-UNNAMED --add-opens=java.base/java.lang=ALL-UNNAMED --add-opens=java.base/sun.nio.fs=ALL-UNNAMED -Declipse.application=org.eclipse.jdt.ls.core.id1 -Dosgi.bundles.defaultStartLevel=4 -Declipse.product=org.eclipse.jdt.ls.core.product -Djava.import.generatesMetadataFilesAtProjectRoot=false -DDetectVMInstallationsJob.disabled=true -Dfile.encoding=utf8 -XX:+UseParallelGC -XX:GCTimeRatio=4 -XX:AdaptiveSizePolicyWeight=90 -Dsun.zip.disableMemoryMapping=true -Xmx1G -Xms100m -Xlog:disable -javaagent:c:\Users\Usuario\.vscode\extensions\redhat.java-1.30.0-win32-x64\lombok\lombok-1.18.32.jar 
java_command: c:\Users\Usuario\.vscode\extensions\redhat.java-1.30.0-win32-x64\server\plugins\org.eclipse.equinox.launcher_1.6.800.v20240330-1250.jar -configuration c:\Users\Usuario\AppData\Roaming\Code\User\globalStorage\redhat.java\1.30.0\config_ss_win -data c:\Users\Usuario\AppData\Roaming\Code\User\workspaceStorage\46f946c4a3748aca403f4bc5d78195db\redhat.java\ss_ws --pipe=\\.\pipe\lsp-bda34b7641518293ac919d71acc65c61-sock
java_class_path (initial): c:\Users\Usuario\.vscode\extensions\redhat.java-1.30.0-win32-x64\server\plugins\org.eclipse.equinox.launcher_1.6.800.v20240330-1250.jar
Launcher Type: SUN_STANDARD

[Global flags]
    uintx AdaptiveSizePolicyWeight                 = 90                                        {product} {command line}
     intx CICompilerCount                          = 3                                         {product} {ergonomic}
    uintx GCTimeRatio                              = 4                                         {product} {command line}
   size_t InitialHeapSize                          = 104857600                                 {product} {command line}
   size_t MaxHeapSize                              = 1073741824                                {product} {command line}
   size_t MaxNewSize                               = 357564416                                 {product} {ergonomic}
   size_t MinHeapDeltaBytes                        = 524288                                    {product} {ergonomic}
   size_t MinHeapSize                              = 104857600                                 {product} {command line}
   size_t NewSize                                  = 34603008                                  {product} {ergonomic}
    uintx NonNMethodCodeHeapSize                   = 5832780                                {pd product} {ergonomic}
    uintx NonProfiledCodeHeapSize                  = 122912730                              {pd product} {ergonomic}
   size_t OldSize                                  = 70254592                                  {product} {ergonomic}
    uintx ProfiledCodeHeapSize                     = 122912730                              {pd product} {ergonomic}
    uintx ReservedCodeCacheSize                    = 251658240                              {pd product} {ergonomic}
     bool SegmentedCodeCache                       = true                                      {product} {ergonomic}
   size_t SoftMaxHeapSize                          = 1073741824                             {manageable} {ergonomic}
     bool UseCompressedClassPointers               = true                           {product lp64_product} {ergonomic}
     bool UseCompressedOops                        = true                           {product lp64_product} {ergonomic}
     bool UseLargePagesIndividualAllocation        = false                                  {pd product} {ergonomic}
     bool UseParallelGC                            = true                                      {product} {command line}

Logging:
Log output configuration:
 #0: stdout all=off uptime,level,tags
 #1: stderr all=off uptime,level,tags

Environment Variables:
PATH=C:\Program Files (x86)\VMware\VMware Player\bin\;C:\Program Files\Common Files\Oracle\Java\javapath;C:\Windows\system32;C:\Windows;C:\Windows\System32\Wbem;C:\Windows\System32\WindowsPowerShell\v1.0\;C:\Windows\System32\OpenSSH\;C:\Program Files\PuTTY\;C:\msys64\ucrt64\bin;C:\workspace\apache-maven-3.9.6\bin;C:\Program Files\Git\cmd;C:\Program Files\nodejs\;C:\Program Files\dotnet\;C:\Program Files (x86)\dotnet\;C:\Program Files\Microsoft SQL Server\Client SDK\ODBC\130\Tools\Binn\;C:\Program Files (x86)\Microsoft SQL Server\140\Tools\Binn\;C:\Program Files\Microsoft SQL Server\140\Tools\Binn\;C:\Program Files\Microsoft SQL Server\140\DTS\Binn\;C:\Users\Usuario\AppData\Local\Microsoft\WindowsApps;;C:\Users\Usuario\AppData\Roaming\npm;C:\Users\Usuario\AppData\Local\Programs\Microsoft VS Code\bin
USERNAME=Usuario
OS=Windows_NT
PROCESSOR_IDENTIFIER=Intel64 Family 6 Model 158 Stepping 13, GenuineIntel
TMP=C:\Users\Usuario\AppData\Local\Temp
TEMP=C:\Users\Usuario\AppData\Local\Temp



Periodic native trim disabled


---------------  S Y S T E M  ---------------

OS:
 Windows 10 , 64 bit Build 19041 (10.0.19041.3393)
OS uptime: 0 days 0:01 hours

CPU: total 6 (initial active 6) (6 cores per cpu, 1 threads per core) family 6 model 158 stepping 13 microcode 0xbe, cx8, cmov, fxsr, mmx, 3dnowpref, sse, sse2, sse3, ssse3, sse4.1, sse4.2, popcnt, lzcnt, tsc, tscinvbit, avx, avx2, aes, erms, clmul, bmi1, bmi2, adx, fma, vzeroupper, clflush, clflushopt
Processor Information for all 6 processors :
  Max Mhz: 2904, Current Mhz: 2904, Mhz Limit: 2904

Memory: 4k page, system-wide physical 12158M (6007M free)
TotalPageFile size 24446M (AvailPageFile size 17557M)
current process WorkingSet (physical memory assigned to process): 41M, peak: 41M
current process commit charge ("private bytes"): 181M, peak: 181M

vm_info: OpenJDK 64-Bit Server VM (17.0.10+7) for windows-amd64 JRE (17.0.10+7), built on Jan 16 2024 23:25:11 by "admin" with MS VC++ 16.10 / 16.11 (VS2019)

END.
